#
# There is insufficient memory for the Java Runtime Environment to continue.
# Native memory allocation (mmap) failed to map 1048576 bytes for G1 virtual space
# Possible reasons:
#   The system is out of physical RAM or swap space
#   The process is running with CompressedOops enabled, and the Java Heap may be blocking the growth of the native heap
# Possible solutions:
#   Reduce memory load on the system
#   Increase physical memory or swap space
#   Check if swap backing store is full
#   Decrease Java heap size (-Xmx/-Xms)
#   Decrease number of Java threads
#   Decrease Java thread stack sizes (-Xss)
#   Set larger code cache with -XX:ReservedCodeCacheSize=
#   JVM is running with Unscaled Compressed Oops mode in which the Java heap is
#     placed in the first 4GB address space. The Java Heap base address is the
#     maximum limit for the native heap growth. Please use -XX:HeapBaseMinAddress
#     to set the Java Heap base and to place the Java Heap above 4GB virtual address.
# This output file may be truncated or incomplete.
#
#  Out of Memory Error (os_windows.cpp:3617), pid=9664, tid=16944
#
# JRE version: OpenJDK Runtime Environment Temurin-17.0.8.1+1 (17.0.8.1+1) (build 17.0.8.1+1)
# Java VM: OpenJDK 64-Bit Server VM Temurin-17.0.8.1+1 (17.0.8.1+1, mixed mode, tiered, compressed oops, compressed class ptrs, g1 gc, windows-amd64)
# No core dump will be written. Minidumps are not enabled by default on client versions of Windows
#

---------------  S U M M A R Y ------------

Command Line: -Dfile.encoding=UTF-8 -Dstdout.encoding=UTF-8 -Dstderr.encoding=UTF-8 --module-path=C:\Users\sabah\OneDrive\Desktop\Games - HCI Project\Games\bin;C:\Users\sabah\.p2\pool\plugins\org.eclipse.fx.ide.css.jfx8_3.8.0.202204150904.jar;C:\Users\sabah\OneDrive\Desktop\Intro To Human-Computer Interaction\Lab\javafx jars\javafx-sdk-21.0.1\lib\javafx.base.jar;C:\Users\sabah\OneDrive\Desktop\Intro To Human-Computer Interaction\Lab\javafx jars\javafx-sdk-21.0.1\lib\javafx.controls.jar;C:\Users\sabah\OneDrive\Desktop\Intro To Human-Computer Interaction\Lab\javafx jars\javafx-sdk-21.0.1\lib\javafx.fxml.jar;C:\Users\sabah\OneDrive\Desktop\Intro To Human-Computer Interaction\Lab\javafx jars\javafx-sdk-21.0.1\lib\javafx.graphics.jar;C:\Users\sabah\OneDrive\Desktop\Intro To Human-Computer Interaction\Lab\javafx jars\javafx-sdk-21.0.1\lib\javafx.media.jar;C:\Users\sabah\OneDrive\Desktop\Intro To Human-Computer Interaction\Lab\javafx jars\javafx-sdk-21.0.1\lib\javafx.swing.jar;C:\Users\sabah\OneDrive\Desktop\Intro To Human-Computer Interaction\Lab\javafx jars\javafx-sdk-21.0.1\lib\javafx.web.jar;C:\Users\sabah\OneDrive\Desktop\Intro To Human-Computer Interaction\Lab\javafx jars\javafx-sdk-21.0.1\lib\javafx-swt.jar;C:\Users\sabah\OneDrive\Desktop\Intro To Human-Computer Interaction\Lab\mysql connector\mysql-connector-j-8.2.0.jar -XX:+ShowCodeDetailsInExceptionMessages -Djdk.module.main=Games Games/application.LogIn

Host: 11th Gen Intel(R) Core(TM) i3-1115G4 @ 3.00GHz, 4 cores, 3G,  Windows 11 , 64 bit Build 22621 (10.0.22621.2506)
Time: Wed Dec 20 18:04:24 2023 Middle East Standard Time elapsed time: 15.001952 seconds (0d 0h 0m 15s)

---------------  T H R E A D  ---------------

Current thread (0x0000025725b148a0):  JavaThread "JavaFX Application Thread" [_thread_in_vm, id=16944, stack(0x000000d3a4300000,0x000000d3a4400000)]

Stack: [0x000000d3a4300000,0x000000d3a4400000]
Native frames: (J=compiled Java code, j=interpreted, Vv=VM code, C=native code)
V  [jvm.dll+0x678b0a]
V  [jvm.dll+0x835e84]
V  [jvm.dll+0x83762e]
V  [jvm.dll+0x837c93]
V  [jvm.dll+0x24746f]
V  [jvm.dll+0x675859]
V  [jvm.dll+0x66a0ea]
V  [jvm.dll+0x306c7b]
V  [jvm.dll+0x30e166]
V  [jvm.dll+0x35da2b]
V  [jvm.dll+0x35e054]
V  [jvm.dll+0x35dc06]
V  [jvm.dll+0x2de094]
V  [jvm.dll+0x2d9fe6]
V  [jvm.dll+0x60c023]
V  [jvm.dll+0x2119a5]
V  [jvm.dll+0x800386]
V  [jvm.dll+0x6d5081]
C  0x0000025714d2dba9

Java frames: (J=compiled Java code, j=interpreted, Vv=VM code)
v  ~RuntimeStub::_new_array_nozero_Java
J 2649 c2 com.sun.javafx.iio.gif.GIFImageLoader2.decodePalette([B[[BIIIIII)Ljava/nio/ByteBuffer; javafx.graphics@21.0.1 (290 bytes) @ 0x00000257152b2d50 [0x00000257152b1f60+0x0000000000000df0]
j  com.sun.javafx.iio.gif.GIFImageLoader2.load(IIIZZ)Lcom/sun/javafx/iio/ImageFrame;+274 javafx.graphics@21.0.1
j  com.sun.javafx.iio.ImageStorage.loadAll(Lcom/sun/javafx/iio/ImageLoader;DDZFZ)[Lcom/sun/javafx/iio/ImageFrame;+55 javafx.graphics@21.0.1
j  com.sun.javafx.iio.ImageStorage.loadAll(Ljava/io/InputStream;Lcom/sun/javafx/iio/ImageLoadListener;DDZFZ)[Lcom/sun/javafx/iio/ImageFrame;+49 javafx.graphics@21.0.1
j  com.sun.javafx.tk.quantum.PrismImageLoader2.loadAll(Ljava/io/InputStream;DDZZ)V+24 javafx.graphics@21.0.1
j  com.sun.javafx.tk.quantum.PrismImageLoader2.<init>(Ljava/io/InputStream;DDZZ)V+13 javafx.graphics@21.0.1
j  com.sun.javafx.tk.quantum.QuantumToolkit.loadImage(Ljava/io/InputStream;DDZZ)Lcom/sun/javafx/tk/ImageLoader;+12 javafx.graphics@21.0.1
j  javafx.scene.image.Image.loadImage(Ljava/io/InputStream;DDZZ)Lcom/sun/javafx/tk/ImageLoader;+10 javafx.graphics@21.0.1
j  javafx.scene.image.Image.initialize(Ljava/lang/Object;)V+65 javafx.graphics@21.0.1
j  javafx.scene.image.Image.<init>(Ljava/io/InputStream;)V+16 javafx.graphics@21.0.1
j  application.LevelPage.start(Ljavafx/stage/Stage;)V+15 Games
j  application.LogIn.lambda$3(Ljavafx/scene/control/TextField;Ljavafx/scene/control/TextField;Ljavafx/stage/Stage;Ljavafx/scene/input/MouseEvent;)V+20 Games
j  application.LogIn$$Lambda$406+0x0000000100338cb0.handle(Ljavafx/event/Event;)V+16 Games
j  com.sun.javafx.event.CompositeEventHandler.dispatchBubblingEvent(Ljavafx/event/Event;)V+51 javafx.base@21.0.1
J 1712 c1 com.sun.javafx.event.EventHandlerManager.dispatchBubblingEvent(Ljavafx/event/EventType;Ljavafx/event/Event;)Ljavafx/event/Event; javafx.base@21.0.1 (41 bytes) @ 0x000002570d9c6164 [0x000002570d9c5b80+0x00000000000005e4]
J 2062 c1 com.sun.javafx.event.EventHandlerManager.dispatchBubblingEvent(Ljavafx/event/Event;)Ljavafx/event/Event; javafx.base@21.0.1 (23 bytes) @ 0x000002570da4de0c [0x000002570da4dcc0+0x000000000000014c]
J 2061 c1 com.sun.javafx.event.CompositeEventDispatcher.dispatchBubblingEvent(Ljavafx/event/Event;)Ljavafx/event/Event; javafx.base@21.0.1 (35 bytes) @ 0x000002570da4e494 [0x000002570da4e2e0+0x00000000000001b4]
J 1990 c1 com.sun.javafx.event.BasicEventDispatcher.dispatchEvent(Ljavafx/event/Event;Ljavafx/event/EventDispatchChain;)Ljavafx/event/Event; javafx.base@21.0.1 (44 bytes) @ 0x000002570da342ac [0x000002570da33f80+0x000000000000032c]
J 1757 c1 com.sun.javafx.event.EventDispatchChainImpl.dispatchEvent(Ljavafx/event/Event;)Ljavafx/event/Event; javafx.base@21.0.1 (101 bytes) @ 0x000002570d9d3dec [0x000002570d9d3c40+0x00000000000001ac]
J 1990 c1 com.sun.javafx.event.BasicEventDispatcher.dispatchEvent(Ljavafx/event/Event;Ljavafx/event/EventDispatchChain;)Ljavafx/event/Event; javafx.base@21.0.1 (44 bytes) @ 0x000002570da341c4 [0x000002570da33f80+0x0000000000000244]
J 1757 c1 com.sun.javafx.event.EventDispatchChainImpl.dispatchEvent(Ljavafx/event/Event;)Ljavafx/event/Event; javafx.base@21.0.1 (101 bytes) @ 0x000002570d9d3dec [0x000002570d9d3c40+0x00000000000001ac]
J 1990 c1 com.sun.javafx.event.BasicEventDispatcher.dispatchEvent(Ljavafx/event/Event;Ljavafx/event/EventDispatchChain;)Ljavafx/event/Event; javafx.base@21.0.1 (44 bytes) @ 0x000002570da341c4 [0x000002570da33f80+0x0000000000000244]
J 1757 c1 com.sun.javafx.event.EventDispatchChainImpl.dispatchEvent(Ljavafx/event/Event;)Ljavafx/event/Event; javafx.base@21.0.1 (101 bytes) @ 0x000002570d9d3dec [0x000002570d9d3c40+0x00000000000001ac]
J 2248 c1 com.sun.javafx.event.EventUtil.fireEvent(Ljavafx/event/EventTarget;Ljavafx/event/Event;)Ljavafx/event/Event; javafx.base@21.0.1 (81 bytes) @ 0x000002570daaa30c [0x000002570daa9a20+0x00000000000008ec]
J 2247 c1 javafx.event.Event.fireEvent(Ljavafx/event/EventTarget;Ljavafx/event/Event;)V javafx.base@21.0.1 (35 bytes) @ 0x000002570daa93a4 [0x000002570daa92e0+0x00000000000000c4]
j  javafx.scene.Scene$ClickGenerator.postProcess(Ljavafx/scene/input/MouseEvent;Ljavafx/scene/Scene$TargetWrapper;Ljavafx/scene/Scene$TargetWrapper;)V+262 javafx.graphics@21.0.1
J 2583 c1 javafx.scene.Scene$MouseHandler.process(Ljavafx/scene/input/MouseEvent;Z)V javafx.graphics@21.0.1 (793 bytes) @ 0x000002570db613ec [0x000002570db5f380+0x000000000000206c]
j  javafx.scene.Scene.processMouseEvent(Ljavafx/scene/input/MouseEvent;)V+6 javafx.graphics@21.0.1
j  javafx.scene.Scene$ScenePeerListener.mouseEvent(Ljavafx/event/EventType;DDDDLjavafx/scene/input/MouseButton;ZZZZZZZZZZZ)V+50 javafx.graphics@21.0.1
j  com.sun.javafx.tk.quantum.GlassViewEventHandler$MouseEventNotification.run()Ljava/lang/Void;+650 javafx.graphics@21.0.1
j  com.sun.javafx.tk.quantum.GlassViewEventHandler$MouseEventNotification.run()Ljava/lang/Object;+1 javafx.graphics@21.0.1
J 1751 c1 java.security.AccessController.doPrivileged(Ljava/security/PrivilegedAction;Ljava/security/AccessControlContext;)Ljava/lang/Object; java.base@17.0.8.1 (17 bytes) @ 0x000002570d9d2754 [0x000002570d9d2580+0x00000000000001d4]
j  com.sun.javafx.tk.quantum.GlassViewEventHandler.lambda$handleMouseEvent$2()Ljava/lang/Void;+11 javafx.graphics@21.0.1
j  com.sun.javafx.tk.quantum.GlassViewEventHandler$$Lambda$361+0x0000000100301e30.get()Ljava/lang/Object;+4 javafx.graphics@21.0.1
J 2263 c1 com.sun.javafx.tk.quantum.QuantumToolkit.runWithoutRenderLock(Ljava/util/function/Supplier;)Ljava/lang/Object; javafx.graphics@21.0.1 (49 bytes) @ 0x000002570dab40ac [0x000002570dab3be0+0x00000000000004cc]
j  com.sun.javafx.tk.quantum.GlassViewEventHandler.handleMouseEvent(Lcom/sun/glass/ui/View;JIIIIIIIZZ)V+103 javafx.graphics@21.0.1
j  com.sun.glass.ui.View.handleMouseEvent(JIIIIIIIZZ)V+30 javafx.graphics@21.0.1
J 2596 c1 com.sun.glass.ui.View.notifyMouse(IIIIIIIZZ)V javafx.graphics@21.0.1 (221 bytes) @ 0x000002570db6c8d4 [0x000002570db6bb00+0x0000000000000dd4]
v  ~StubRoutines::call_stub
j  com.sun.glass.ui.win.WinApplication._runLoop(Ljava/lang/Runnable;)V+0 javafx.graphics@21.0.1
j  com.sun.glass.ui.win.WinApplication.lambda$runLoop$3(ILjava/lang/Runnable;)V+8 javafx.graphics@21.0.1
j  com.sun.glass.ui.win.WinApplication$$Lambda$96+0x00000001000eb408.run()V+12 javafx.graphics@21.0.1
j  java.lang.Thread.run()V+11 java.base@17.0.8.1
v  ~StubRoutines::call_stub

---------------  P R O C E S S  ---------------

Threads class SMR info:
_java_thread_list=0x000002572a8ca760, length=20, elements={
0x000002570a045130, 0x0000025720ea9020, 0x0000025720eb1a00, 0x000002572510f0a0,
0x000002572510fb70, 0x0000025725114550, 0x0000025725114f10, 0x0000025725117730,
0x0000025720edc100, 0x0000025720eef200, 0x000002570a0edeb0, 0x00000257255806e0,
0x00000257255813d0, 0x0000025725b143c0, 0x0000025725b148a0, 0x000002572a545e00,
0x000002572a57d940, 0x000002572a5e0330, 0x000002572a5e0840, 0x000002572a5e0d50
}

Java Threads: ( => current thread )
  0x000002570a045130 JavaThread "main" [_thread_blocked, id=9220, stack(0x000000d3a2b00000,0x000000d3a2c00000)]
  0x0000025720ea9020 JavaThread "Reference Handler" daemon [_thread_blocked, id=15008, stack(0x000000d3a3200000,0x000000d3a3300000)]
  0x0000025720eb1a00 JavaThread "Finalizer" daemon [_thread_blocked, id=4836, stack(0x000000d3a3300000,0x000000d3a3400000)]
  0x000002572510f0a0 JavaThread "Signal Dispatcher" daemon [_thread_blocked, id=14444, stack(0x000000d3a3400000,0x000000d3a3500000)]
  0x000002572510fb70 JavaThread "Attach Listener" daemon [_thread_blocked, id=7080, stack(0x000000d3a3500000,0x000000d3a3600000)]
  0x0000025725114550 JavaThread "Service Thread" daemon [_thread_blocked, id=19276, stack(0x000000d3a3600000,0x000000d3a3700000)]
  0x0000025725114f10 JavaThread "Monitor Deflation Thread" daemon [_thread_blocked, id=19052, stack(0x000000d3a3700000,0x000000d3a3800000)]
  0x0000025725117730 JavaThread "C2 CompilerThread0" daemon [_thread_blocked, id=17544, stack(0x000000d3a3800000,0x000000d3a3900000)]
  0x0000025720edc100 JavaThread "C1 CompilerThread0" daemon [_thread_blocked, id=4832, stack(0x000000d3a3900000,0x000000d3a3a00000)]
  0x0000025720eef200 JavaThread "Sweeper thread" daemon [_thread_blocked, id=18940, stack(0x000000d3a3a00000,0x000000d3a3b00000)]
  0x000002570a0edeb0 JavaThread "Common-Cleaner" daemon [_thread_blocked, id=9572, stack(0x000000d3a3b00000,0x000000d3a3c00000)]
  0x00000257255806e0 JavaThread "Notification Thread" daemon [_thread_blocked, id=10216, stack(0x000000d3a3c00000,0x000000d3a3d00000)]
  0x00000257255813d0 JavaThread "QuantumRenderer-0" daemon [_thread_blocked, id=7680, stack(0x000000d3a3e00000,0x000000d3a3f00000)]
  0x0000025725b143c0 JavaThread "InvokeLaterDispatcher" daemon [_thread_blocked, id=6972, stack(0x000000d3a4200000,0x000000d3a4300000)]
=>0x0000025725b148a0 JavaThread "JavaFX Application Thread" [_thread_in_vm, id=16944, stack(0x000000d3a4300000,0x000000d3a4400000)]
  0x000002572a545e00 JavaThread "Thread-1" daemon [_thread_in_native, id=5552, stack(0x000000d3a4700000,0x000000d3a4800000)]
  0x000002572a57d940 JavaThread "JavaFX-Launcher" [_thread_blocked, id=1748, stack(0x000000d3a4800000,0x000000d3a4900000)]
  0x000002572a5e0330 JavaThread "mysql-cj-abandoned-connection-cleanup" daemon [_thread_blocked, id=14776, stack(0x000000d3a4900000,0x000000d3a4a00000)]
  0x000002572a5e0840 JavaThread "Prism Font Disposer" daemon [_thread_blocked, id=16284, stack(0x000000d3a4a00000,0x000000d3a4b00000)]
  0x000002572a5e0d50 JavaThread "Cleaner-0" daemon [_thread_blocked, id=2984, stack(0x000000d3a4f00000,0x000000d3a5000000)]

Other Threads:
  0x0000025720e3ab20 VMThread "VM Thread" [stack: 0x000000d3a3100000,0x000000d3a3200000] [id=13392]
  0x00000257258655e0 WatcherThread [stack: 0x000000d3a3d00000,0x000000d3a3e00000] [id=9956]
  0x000002570a083770 GCTaskThread "GC Thread#0" [stack: 0x000000d3a2c00000,0x000000d3a2d00000] [id=18984]
  0x0000025725940120 GCTaskThread "GC Thread#1" [stack: 0x000000d3a3f00000,0x000000d3a4000000] [id=3604]
  0x0000025725b5b050 GCTaskThread "GC Thread#2" [stack: 0x000000d3a4000000,0x000000d3a4100000] [id=17780]
  0x0000025725b5b310 GCTaskThread "GC Thread#3" [stack: 0x000000d3a4100000,0x000000d3a4200000] [id=6388]
  0x000002570a08bec0 ConcurrentGCThread "G1 Main Marker" [stack: 0x000000d3a2d00000,0x000000d3a2e00000] [id=1292]
  0x000002570a08c8d0 ConcurrentGCThread "G1 Conc#0" [stack: 0x000000d3a2e00000,0x000000d3a2f00000] [id=3052]
  0x000002570a0c8a60 ConcurrentGCThread "G1 Refine#0" [stack: 0x000000d3a2f00000,0x000000d3a3000000] [id=14648]
  0x000002572aa039b0 ConcurrentGCThread "G1 Refine#1" [stack: 0x000000d3a4e00000,0x000000d3a4f00000] [id=2784]
  0x000002572abd4e10 ConcurrentGCThread "G1 Refine#2" [stack: 0x000000d3a5300000,0x000000d3a5400000] [id=9188]
  0x000002572abd5100 ConcurrentGCThread "G1 Refine#3" [stack: 0x000000d3a5400000,0x000000d3a5500000] [id=4048]
  0x000002570a0c9490 ConcurrentGCThread "G1 Service" [stack: 0x000000d3a3000000,0x000000d3a3100000] [id=6432]

Threads with active compile tasks:

VM state: not at safepoint (normal execution)

VM Mutex/Monitor currently owned by a thread:  ([mutex/lock_event])
[0x000002570a040e40] Heap_lock - owner thread: 0x0000025725b148a0

Heap address: 0x00000000c4000000, size: 960 MB, Compressed Oops mode: 32-bit

CDS archive(s) not mapped
Compressed class space mapped at: 0x0000000100000000-0x0000000140000000, reserved size: 1073741824
Narrow klass base: 0x0000000000000000, Narrow klass shift: 3, Narrow klass range: 0x140000000

GC Precious Log:
 CPUs: 4 total, 4 available
 Memory: 3836M
 Large Page Support: Disabled
 NUMA Support: Disabled
 Compressed Oops: Enabled (32-bit)
 Heap Region Size: 1M
 Heap Min Capacity: 8M
 Heap Initial Capacity: 60M
 Heap Max Capacity: 960M
 Pre-touch: Disabled
 Parallel Workers: 4
 Concurrent Workers: 1
 Concurrent Refinement Workers: 4
 Periodic GC: Disabled

Heap:
 garbage-first heap   total 160768K, used 151962K [0x00000000c4000000, 0x0000000100000000)
  region size 1024K, 2 young (2048K), 1 survivors (1024K)
 Metaspace       used 25467K, committed 25728K, reserved 1114112K
  class space    used 3232K, committed 3328K, reserved 1048576K

Heap Regions: E=young(eden), S=young(survivor), O=old, HS=humongous(starts), HC=humongous(continues), CS=collection set, F=free, OA=open archive, CA=closed archive, TAMS=top-at-mark-start (previous, next)
|   0|0x00000000c4000000, 0x00000000c4100000, 0x00000000c4100000|100%| O|  |TAMS 0x00000000c4100000, 0x00000000c4000000| Untracked 
|   1|0x00000000c4100000, 0x00000000c4200000, 0x00000000c4200000|100%| O|  |TAMS 0x00000000c4200000, 0x00000000c4100000| Untracked 
|   2|0x00000000c4200000, 0x00000000c4300000, 0x00000000c4300000|100%|HS|  |TAMS 0x00000000c4300000, 0x00000000c4200000| Complete 
|   3|0x00000000c4300000, 0x00000000c4400000, 0x00000000c4400000|100%|HC|  |TAMS 0x00000000c4400000, 0x00000000c4300000| Complete 
|   4|0x00000000c4400000, 0x00000000c4500000, 0x00000000c4500000|100%|HC|  |TAMS 0x00000000c4500000, 0x00000000c4400000| Complete 
|   5|0x00000000c4500000, 0x00000000c4600000, 0x00000000c4600000|100%|HC|  |TAMS 0x00000000c4600000, 0x00000000c4500000| Complete 
|   6|0x00000000c4600000, 0x00000000c4700000, 0x00000000c4700000|100%|HC|  |TAMS 0x00000000c4700000, 0x00000000c4600000| Complete 
|   7|0x00000000c4700000, 0x00000000c4800000, 0x00000000c4800000|100%|HC|  |TAMS 0x00000000c4800000, 0x00000000c4700000| Complete 
|   8|0x00000000c4800000, 0x00000000c4900000, 0x00000000c4900000|100%| O|  |TAMS 0x00000000c4900000, 0x00000000c4800000| Untracked 
|   9|0x00000000c4900000, 0x00000000c4a00000, 0x00000000c4a00000|100%|HS|  |TAMS 0x00000000c4a00000, 0x00000000c4900000| Complete 
|  10|0x00000000c4a00000, 0x00000000c4b00000, 0x00000000c4b00000|100%|HC|  |TAMS 0x00000000c4b00000, 0x00000000c4a00000| Complete 
|  11|0x00000000c4b00000, 0x00000000c4c00000, 0x00000000c4c00000|100%|HC|  |TAMS 0x00000000c4c00000, 0x00000000c4b00000| Complete 
|  12|0x00000000c4c00000, 0x00000000c4d00000, 0x00000000c4d00000|100%|HC|  |TAMS 0x00000000c4d00000, 0x00000000c4c00000| Complete 
|  13|0x00000000c4d00000, 0x00000000c4e00000, 0x00000000c4e00000|100%|HC|  |TAMS 0x00000000c4e00000, 0x00000000c4d00000| Complete 
|  14|0x00000000c4e00000, 0x00000000c4f00000, 0x00000000c4f00000|100%|HC|  |TAMS 0x00000000c4f00000, 0x00000000c4e00000| Complete 
|  15|0x00000000c4f00000, 0x00000000c5000000, 0x00000000c5000000|100%|HC|  |TAMS 0x00000000c5000000, 0x00000000c4f00000| Complete 
|  16|0x00000000c5000000, 0x00000000c5100000, 0x00000000c5100000|100%|HC|  |TAMS 0x00000000c5100000, 0x00000000c5000000| Complete 
|  17|0x00000000c5100000, 0x00000000c5200000, 0x00000000c5200000|100%|HC|  |TAMS 0x00000000c5200000, 0x00000000c5100000| Complete 
|  18|0x00000000c5200000, 0x00000000c5300000, 0x00000000c5300000|100%|HC|  |TAMS 0x00000000c5300000, 0x00000000c5200000| Complete 
|  19|0x00000000c5300000, 0x00000000c5400000, 0x00000000c5400000|100%|HC|  |TAMS 0x00000000c5400000, 0x00000000c5300000| Complete 
|  20|0x00000000c5400000, 0x00000000c5500000, 0x00000000c5500000|100%|HC|  |TAMS 0x00000000c5500000, 0x00000000c5400000| Complete 
|  21|0x00000000c5500000, 0x00000000c5600000, 0x00000000c5600000|100%|HC|  |TAMS 0x00000000c5600000, 0x00000000c5500000| Complete 
|  22|0x00000000c5600000, 0x00000000c5700000, 0x00000000c5700000|100%|HC|  |TAMS 0x00000000c5700000, 0x00000000c5600000| Complete 
|  23|0x00000000c5700000, 0x00000000c5800000, 0x00000000c5800000|100%|HC|  |TAMS 0x00000000c5800000, 0x00000000c5700000| Complete 
|  24|0x00000000c5800000, 0x00000000c5900000, 0x00000000c5900000|100%|HC|  |TAMS 0x00000000c5900000, 0x00000000c5800000| Complete 
|  25|0x00000000c5900000, 0x00000000c5a00000, 0x00000000c5a00000|100%|HC|  |TAMS 0x00000000c5a00000, 0x00000000c5900000| Complete 
|  26|0x00000000c5a00000, 0x00000000c5b00000, 0x00000000c5b00000|100%|HC|  |TAMS 0x00000000c5b00000, 0x00000000c5a00000| Complete 
|  27|0x00000000c5b00000, 0x00000000c5c00000, 0x00000000c5c00000|100%|HC|  |TAMS 0x00000000c5c00000, 0x00000000c5b00000| Complete 
|  28|0x00000000c5c00000, 0x00000000c5d00000, 0x00000000c5d00000|100%|HC|  |TAMS 0x00000000c5d00000, 0x00000000c5c00000| Complete 
|  29|0x00000000c5d00000, 0x00000000c5e00000, 0x00000000c5e00000|100%|HC|  |TAMS 0x00000000c5e00000, 0x00000000c5d00000| Complete 
|  30|0x00000000c5e00000, 0x00000000c5f00000, 0x00000000c5f00000|100%|HC|  |TAMS 0x00000000c5f00000, 0x00000000c5e00000| Complete 
|  31|0x00000000c5f00000, 0x00000000c6000000, 0x00000000c6000000|100%|HC|  |TAMS 0x00000000c6000000, 0x00000000c5f00000| Complete 
|  32|0x00000000c6000000, 0x00000000c6100000, 0x00000000c6100000|100%|HC|  |TAMS 0x00000000c6100000, 0x00000000c6000000| Complete 
|  33|0x00000000c6100000, 0x00000000c6200000, 0x00000000c6200000|100%|HC|  |TAMS 0x00000000c6200000, 0x00000000c6100000| Complete 
|  34|0x00000000c6200000, 0x00000000c6300000, 0x00000000c6300000|100%|HC|  |TAMS 0x00000000c6300000, 0x00000000c6200000| Complete 
|  35|0x00000000c6300000, 0x00000000c6400000, 0x00000000c6400000|100%|HC|  |TAMS 0x00000000c6400000, 0x00000000c6300000| Complete 
|  36|0x00000000c6400000, 0x00000000c6500000, 0x00000000c6500000|100%|HC|  |TAMS 0x00000000c6500000, 0x00000000c6400000| Complete 
|  37|0x00000000c6500000, 0x00000000c6600000, 0x00000000c6600000|100%|HC|  |TAMS 0x00000000c6600000, 0x00000000c6500000| Complete 
|  38|0x00000000c6600000, 0x00000000c6700000, 0x00000000c6700000|100%|HC|  |TAMS 0x00000000c6700000, 0x00000000c6600000| Complete 
|  39|0x00000000c6700000, 0x00000000c6800000, 0x00000000c6800000|100%|HC|  |TAMS 0x00000000c6800000, 0x00000000c6700000| Complete 
|  40|0x00000000c6800000, 0x00000000c6900000, 0x00000000c6900000|100%|HC|  |TAMS 0x00000000c6900000, 0x00000000c6800000| Complete 
|  41|0x00000000c6900000, 0x00000000c6a00000, 0x00000000c6a00000|100%|HC|  |TAMS 0x00000000c6a00000, 0x00000000c6900000| Complete 
|  42|0x00000000c6a00000, 0x00000000c6b00000, 0x00000000c6b00000|100%|HC|  |TAMS 0x00000000c6b00000, 0x00000000c6a00000| Complete 
|  43|0x00000000c6b00000, 0x00000000c6c00000, 0x00000000c6c00000|100%|HC|  |TAMS 0x00000000c6c00000, 0x00000000c6b00000| Complete 
|  44|0x00000000c6c00000, 0x00000000c6d00000, 0x00000000c6d00000|100%|HC|  |TAMS 0x00000000c6d00000, 0x00000000c6c00000| Complete 
|  45|0x00000000c6d00000, 0x00000000c6e00000, 0x00000000c6e00000|100%|HC|  |TAMS 0x00000000c6e00000, 0x00000000c6d00000| Complete 
|  46|0x00000000c6e00000, 0x00000000c6f00000, 0x00000000c6f00000|100%|HC|  |TAMS 0x00000000c6f00000, 0x00000000c6e00000| Complete 
|  47|0x00000000c6f00000, 0x00000000c7000000, 0x00000000c7000000|100%|HC|  |TAMS 0x00000000c7000000, 0x00000000c6f00000| Complete 
|  48|0x00000000c7000000, 0x00000000c7100000, 0x00000000c7100000|100%|HC|  |TAMS 0x00000000c7100000, 0x00000000c7000000| Complete 
|  49|0x00000000c7100000, 0x00000000c7200000, 0x00000000c7200000|100%|HC|  |TAMS 0x00000000c7200000, 0x00000000c7100000| Complete 
|  50|0x00000000c7200000, 0x00000000c7300000, 0x00000000c7300000|100%| O|  |TAMS 0x00000000c7300000, 0x00000000c7200000| Untracked 
|  51|0x00000000c7300000, 0x00000000c7300000, 0x00000000c7400000|  0%| F|  |TAMS 0x00000000c7300000, 0x00000000c7300000| Untracked 
|  52|0x00000000c7400000, 0x00000000c7500000, 0x00000000c7500000|100%| O|  |TAMS 0x00000000c7500000, 0x00000000c7400000| Untracked 
|  53|0x00000000c7500000, 0x00000000c7600000, 0x00000000c7600000|100%|HS|  |TAMS 0x00000000c7600000, 0x00000000c7500000| Complete 
|  54|0x00000000c7600000, 0x00000000c7700000, 0x00000000c7700000|100%|HC|  |TAMS 0x00000000c7700000, 0x00000000c7600000| Complete 
|  55|0x00000000c7700000, 0x00000000c7800000, 0x00000000c7800000|100%|HS|  |TAMS 0x00000000c7800000, 0x00000000c7700000| Complete 
|  56|0x00000000c7800000, 0x00000000c7900000, 0x00000000c7900000|100%|HC|  |TAMS 0x00000000c7900000, 0x00000000c7800000| Complete 
|  57|0x00000000c7900000, 0x00000000c7a00000, 0x00000000c7a00000|100%|HC|  |TAMS 0x00000000c7a00000, 0x00000000c7900000| Complete 
|  58|0x00000000c7a00000, 0x00000000c7b00000, 0x00000000c7b00000|100%|HC|  |TAMS 0x00000000c7b00000, 0x00000000c7a00000| Complete 
|  59|0x00000000c7b00000, 0x00000000c7c00000, 0x00000000c7c00000|100%|HC|  |TAMS 0x00000000c7c00000, 0x00000000c7b00000| Complete 
|  60|0x00000000c7c00000, 0x00000000c7d00000, 0x00000000c7d00000|100%|HS|  |TAMS 0x00000000c7c00000, 0x00000000c7c00000| Complete 
|  61|0x00000000c7d00000, 0x00000000c7e00000, 0x00000000c7e00000|100%|HC|  |TAMS 0x00000000c7d00000, 0x00000000c7d00000| Complete 
|  62|0x00000000c7e00000, 0x00000000c7f00000, 0x00000000c7f00000|100%|HS|  |TAMS 0x00000000c7f00000, 0x00000000c7e00000| Complete 
|  63|0x00000000c7f00000, 0x00000000c8000000, 0x00000000c8000000|100%|HC|  |TAMS 0x00000000c8000000, 0x00000000c7f00000| Complete 
|  64|0x00000000c8000000, 0x00000000c8100000, 0x00000000c8100000|100%|HC|  |TAMS 0x00000000c8100000, 0x00000000c8000000| Complete 
|  65|0x00000000c8100000, 0x00000000c8200000, 0x00000000c8200000|100%|HC|  |TAMS 0x00000000c8200000, 0x00000000c8100000| Complete 
|  66|0x00000000c8200000, 0x00000000c8300000, 0x00000000c8300000|100%|HC|  |TAMS 0x00000000c8300000, 0x00000000c8200000| Complete 
|  67|0x00000000c8300000, 0x00000000c8400000, 0x00000000c8400000|100%|HS|  |TAMS 0x00000000c8300000, 0x00000000c8300000| Complete 
|  68|0x00000000c8400000, 0x00000000c8500000, 0x00000000c8500000|100%|HC|  |TAMS 0x00000000c8400000, 0x00000000c8400000| Complete 
|  69|0x00000000c8500000, 0x00000000c8600000, 0x00000000c8600000|100%| O|  |TAMS 0x00000000c8600000, 0x00000000c8500000| Untracked 
|  70|0x00000000c8600000, 0x00000000c8700000, 0x00000000c8700000|100%| O|  |TAMS 0x00000000c8700000, 0x00000000c8600000| Untracked 
|  71|0x00000000c8700000, 0x00000000c8800000, 0x00000000c8800000|100%|HS|  |TAMS 0x00000000c8800000, 0x00000000c8700000| Complete 
|  72|0x00000000c8800000, 0x00000000c8900000, 0x00000000c8900000|100%|HC|  |TAMS 0x00000000c8900000, 0x00000000c8800000| Complete 
|  73|0x00000000c8900000, 0x00000000c8a00000, 0x00000000c8a00000|100%|HC|  |TAMS 0x00000000c8a00000, 0x00000000c8900000| Complete 
|  74|0x00000000c8a00000, 0x00000000c8b00000, 0x00000000c8b00000|100%|HC|  |TAMS 0x00000000c8b00000, 0x00000000c8a00000| Complete 
|  75|0x00000000c8b00000, 0x00000000c8c00000, 0x00000000c8c00000|100%|HC|  |TAMS 0x00000000c8c00000, 0x00000000c8b00000| Complete 
|  76|0x00000000c8c00000, 0x00000000c8d00000, 0x00000000c8d00000|100%|HS|  |TAMS 0x00000000c8c00000, 0x00000000c8c00000| Complete 
|  77|0x00000000c8d00000, 0x00000000c8e00000, 0x00000000c8e00000|100%|HC|  |TAMS 0x00000000c8d00000, 0x00000000c8d00000| Complete 
|  78|0x00000000c8e00000, 0x00000000c8f00000, 0x00000000c8f00000|100%| O|  |TAMS 0x00000000c8f00000, 0x00000000c8e00000| Complete 
|  79|0x00000000c8f00000, 0x00000000c8f00000, 0x00000000c9000000|  0%| F|  |TAMS 0x00000000c8f00000, 0x00000000c8f00000| Untracked 
|  80|0x00000000c9000000, 0x00000000c9004508, 0x00000000c9100000|  1%| S|CS|TAMS 0x00000000c9000000, 0x00000000c9000000| Complete 
|  81|0x00000000c9100000, 0x00000000c9200000, 0x00000000c9200000|100%|HS|  |TAMS 0x00000000c9200000, 0x00000000c9100000| Complete 
|  82|0x00000000c9200000, 0x00000000c9300000, 0x00000000c9300000|100%|HC|  |TAMS 0x00000000c9300000, 0x00000000c9200000| Complete 
|  83|0x00000000c9300000, 0x00000000c9400000, 0x00000000c9400000|100%|HC|  |TAMS 0x00000000c9400000, 0x00000000c9300000| Complete 
|  84|0x00000000c9400000, 0x00000000c9500000, 0x00000000c9500000|100%|HC|  |TAMS 0x00000000c9500000, 0x00000000c9400000| Complete 
|  85|0x00000000c9500000, 0x00000000c9600000, 0x00000000c9600000|100%|HC|  |TAMS 0x00000000c9600000, 0x00000000c9500000| Complete 
|  86|0x00000000c9600000, 0x00000000c96f1000, 0x00000000c9700000| 94%| O|  |TAMS 0x00000000c96f1000, 0x00000000c9600000| Untracked 
|  87|0x00000000c9700000, 0x00000000c9800000, 0x00000000c9800000|100%|HS|  |TAMS 0x00000000c9800000, 0x00000000c9700000| Complete 
|  88|0x00000000c9800000, 0x00000000c9900000, 0x00000000c9900000|100%|HC|  |TAMS 0x00000000c9900000, 0x00000000c9800000| Complete 
|  89|0x00000000c9900000, 0x00000000c9a00000, 0x00000000c9a00000|100%|HC|  |TAMS 0x00000000c9a00000, 0x00000000c9900000| Complete 
|  90|0x00000000c9a00000, 0x00000000c9b00000, 0x00000000c9b00000|100%|HC|  |TAMS 0x00000000c9b00000, 0x00000000c9a00000| Complete 
|  91|0x00000000c9b00000, 0x00000000c9c00000, 0x00000000c9c00000|100%|HC|  |TAMS 0x00000000c9c00000, 0x00000000c9b00000| Complete 
|  92|0x00000000c9c00000, 0x00000000c9c00000, 0x00000000c9d00000|  0%| F|  |TAMS 0x00000000c9c00000, 0x00000000c9c00000| Untracked 
|  93|0x00000000c9d00000, 0x00000000c9d71430, 0x00000000c9e00000| 44%| E|  |TAMS 0x00000000c9d00000, 0x00000000c9d00000| Complete 
|  94|0x00000000c9e00000, 0x00000000c9f00000, 0x00000000c9f00000|100%|HS|  |TAMS 0x00000000c9e00000, 0x00000000c9e00000| Complete 
|  95|0x00000000c9f00000, 0x00000000ca000000, 0x00000000ca000000|100%|HC|  |TAMS 0x00000000c9f00000, 0x00000000c9f00000| Complete 
|  96|0x00000000ca000000, 0x00000000ca100000, 0x00000000ca100000|100%|HC|  |TAMS 0x00000000ca000000, 0x00000000ca000000| Complete 
|  97|0x00000000ca100000, 0x00000000ca200000, 0x00000000ca200000|100%|HC|  |TAMS 0x00000000ca100000, 0x00000000ca100000| Complete 
|  98|0x00000000ca200000, 0x00000000ca300000, 0x00000000ca300000|100%|HC|  |TAMS 0x00000000ca200000, 0x00000000ca200000| Complete 
|  99|0x00000000ca300000, 0x00000000ca400000, 0x00000000ca400000|100%|HS|  |TAMS 0x00000000ca300000, 0x00000000ca300000| Complete 
| 100|0x00000000ca400000, 0x00000000ca500000, 0x00000000ca500000|100%|HC|  |TAMS 0x00000000ca400000, 0x00000000ca400000| Complete 
| 101|0x00000000ca500000, 0x00000000ca600000, 0x00000000ca600000|100%|HC|  |TAMS 0x00000000ca500000, 0x00000000ca500000| Complete 
| 102|0x00000000ca600000, 0x00000000ca700000, 0x00000000ca700000|100%|HC|  |TAMS 0x00000000ca600000, 0x00000000ca600000| Complete 
| 103|0x00000000ca700000, 0x00000000ca800000, 0x00000000ca800000|100%|HC|  |TAMS 0x00000000ca700000, 0x00000000ca700000| Complete 
| 104|0x00000000ca800000, 0x00000000ca900000, 0x00000000ca900000|100%|HS|  |TAMS 0x00000000ca800000, 0x00000000ca800000| Complete 
| 105|0x00000000ca900000, 0x00000000caa00000, 0x00000000caa00000|100%|HC|  |TAMS 0x00000000ca900000, 0x00000000ca900000| Complete 
| 106|0x00000000caa00000, 0x00000000cab00000, 0x00000000cab00000|100%|HC|  |TAMS 0x00000000caa00000, 0x00000000caa00000| Complete 
| 107|0x00000000cab00000, 0x00000000cac00000, 0x00000000cac00000|100%|HC|  |TAMS 0x00000000cab00000, 0x00000000cab00000| Complete 
| 108|0x00000000cac00000, 0x00000000cad00000, 0x00000000cad00000|100%|HC|  |TAMS 0x00000000cac00000, 0x00000000cac00000| Complete 
| 109|0x00000000cad00000, 0x00000000cae00000, 0x00000000cae00000|100%|HS|  |TAMS 0x00000000cad00000, 0x00000000cad00000| Complete 
| 110|0x00000000cae00000, 0x00000000caf00000, 0x00000000caf00000|100%|HC|  |TAMS 0x00000000cae00000, 0x00000000cae00000| Complete 
| 111|0x00000000caf00000, 0x00000000cb000000, 0x00000000cb000000|100%|HS|  |TAMS 0x00000000caf00000, 0x00000000caf00000| Complete 
| 112|0x00000000cb000000, 0x00000000cb100000, 0x00000000cb100000|100%|HC|  |TAMS 0x00000000cb000000, 0x00000000cb000000| Complete 
| 113|0x00000000cb100000, 0x00000000cb200000, 0x00000000cb200000|100%|HC|  |TAMS 0x00000000cb100000, 0x00000000cb100000| Complete 
| 114|0x00000000cb200000, 0x00000000cb300000, 0x00000000cb300000|100%|HC|  |TAMS 0x00000000cb200000, 0x00000000cb200000| Complete 
| 115|0x00000000cb300000, 0x00000000cb400000, 0x00000000cb400000|100%|HC|  |TAMS 0x00000000cb300000, 0x00000000cb300000| Complete 
| 116|0x00000000cb400000, 0x00000000cb500000, 0x00000000cb500000|100%|HS|  |TAMS 0x00000000cb400000, 0x00000000cb400000| Complete 
| 117|0x00000000cb500000, 0x00000000cb600000, 0x00000000cb600000|100%|HC|  |TAMS 0x00000000cb500000, 0x00000000cb500000| Complete 
| 118|0x00000000cb600000, 0x00000000cb700000, 0x00000000cb700000|100%|HS|  |TAMS 0x00000000cb600000, 0x00000000cb600000| Complete 
| 119|0x00000000cb700000, 0x00000000cb800000, 0x00000000cb800000|100%|HC|  |TAMS 0x00000000cb700000, 0x00000000cb700000| Complete 
| 120|0x00000000cb800000, 0x00000000cb900000, 0x00000000cb900000|100%|HC|  |TAMS 0x00000000cb800000, 0x00000000cb800000| Complete 
| 121|0x00000000cb900000, 0x00000000cba00000, 0x00000000cba00000|100%|HC|  |TAMS 0x00000000cb900000, 0x00000000cb900000| Complete 
| 122|0x00000000cba00000, 0x00000000cbb00000, 0x00000000cbb00000|100%|HC|  |TAMS 0x00000000cba00000, 0x00000000cba00000| Complete 
| 123|0x00000000cbb00000, 0x00000000cbc00000, 0x00000000cbc00000|100%|HS|  |TAMS 0x00000000cbb00000, 0x00000000cbb00000| Complete 
| 124|0x00000000cbc00000, 0x00000000cbd00000, 0x00000000cbd00000|100%|HC|  |TAMS 0x00000000cbc00000, 0x00000000cbc00000| Complete 
| 125|0x00000000cbd00000, 0x00000000cbe00000, 0x00000000cbe00000|100%|HS|  |TAMS 0x00000000cbd00000, 0x00000000cbd00000| Complete 
| 126|0x00000000cbe00000, 0x00000000cbf00000, 0x00000000cbf00000|100%|HC|  |TAMS 0x00000000cbe00000, 0x00000000cbe00000| Complete 
| 127|0x00000000cbf00000, 0x00000000cc000000, 0x00000000cc000000|100%|HC|  |TAMS 0x00000000cbf00000, 0x00000000cbf00000| Complete 
| 128|0x00000000cc000000, 0x00000000cc100000, 0x00000000cc100000|100%|HC|  |TAMS 0x00000000cc000000, 0x00000000cc000000| Complete 
| 129|0x00000000cc100000, 0x00000000cc200000, 0x00000000cc200000|100%|HC|  |TAMS 0x00000000cc100000, 0x00000000cc100000| Complete 
| 130|0x00000000cc200000, 0x00000000cc300000, 0x00000000cc300000|100%|HS|  |TAMS 0x00000000cc200000, 0x00000000cc200000| Complete 
| 131|0x00000000cc300000, 0x00000000cc400000, 0x00000000cc400000|100%|HC|  |TAMS 0x00000000cc300000, 0x00000000cc300000| Complete 
| 132|0x00000000cc400000, 0x00000000cc500000, 0x00000000cc500000|100%|HS|  |TAMS 0x00000000cc400000, 0x00000000cc400000| Complete 
| 133|0x00000000cc500000, 0x00000000cc600000, 0x00000000cc600000|100%|HC|  |TAMS 0x00000000cc500000, 0x00000000cc500000| Complete 
| 134|0x00000000cc600000, 0x00000000cc700000, 0x00000000cc700000|100%|HC|  |TAMS 0x00000000cc600000, 0x00000000cc600000| Complete 
| 135|0x00000000cc700000, 0x00000000cc800000, 0x00000000cc800000|100%|HC|  |TAMS 0x00000000cc700000, 0x00000000cc700000| Complete 
| 136|0x00000000cc800000, 0x00000000cc900000, 0x00000000cc900000|100%|HC|  |TAMS 0x00000000cc800000, 0x00000000cc800000| Complete 
| 137|0x00000000cc900000, 0x00000000cca00000, 0x00000000cca00000|100%|HS|  |TAMS 0x00000000cc900000, 0x00000000cc900000| Complete 
| 138|0x00000000cca00000, 0x00000000ccb00000, 0x00000000ccb00000|100%|HC|  |TAMS 0x00000000cca00000, 0x00000000cca00000| Complete 
| 139|0x00000000ccb00000, 0x00000000ccc00000, 0x00000000ccc00000|100%|HS|  |TAMS 0x00000000ccb00000, 0x00000000ccb00000| Complete 
| 140|0x00000000ccc00000, 0x00000000ccd00000, 0x00000000ccd00000|100%|HC|  |TAMS 0x00000000ccc00000, 0x00000000ccc00000| Complete 
| 141|0x00000000ccd00000, 0x00000000cce00000, 0x00000000cce00000|100%|HC|  |TAMS 0x00000000ccd00000, 0x00000000ccd00000| Complete 
| 142|0x00000000cce00000, 0x00000000ccf00000, 0x00000000ccf00000|100%|HC|  |TAMS 0x00000000cce00000, 0x00000000cce00000| Complete 
| 143|0x00000000ccf00000, 0x00000000cd000000, 0x00000000cd000000|100%|HC|  |TAMS 0x00000000ccf00000, 0x00000000ccf00000| Complete 
| 144|0x00000000cd000000, 0x00000000cd100000, 0x00000000cd100000|100%|HS|  |TAMS 0x00000000cd000000, 0x00000000cd000000| Complete 
| 145|0x00000000cd100000, 0x00000000cd200000, 0x00000000cd200000|100%|HC|  |TAMS 0x00000000cd100000, 0x00000000cd100000| Complete 
| 146|0x00000000cd200000, 0x00000000cd300000, 0x00000000cd300000|100%|HS|  |TAMS 0x00000000cd200000, 0x00000000cd200000| Complete 
| 147|0x00000000cd300000, 0x00000000cd400000, 0x00000000cd400000|100%|HC|  |TAMS 0x00000000cd300000, 0x00000000cd300000| Complete 
| 148|0x00000000cd400000, 0x00000000cd500000, 0x00000000cd500000|100%|HC|  |TAMS 0x00000000cd400000, 0x00000000cd400000| Complete 
| 149|0x00000000cd500000, 0x00000000cd600000, 0x00000000cd600000|100%|HC|  |TAMS 0x00000000cd500000, 0x00000000cd500000| Complete 
| 150|0x00000000cd600000, 0x00000000cd700000, 0x00000000cd700000|100%|HC|  |TAMS 0x00000000cd600000, 0x00000000cd600000| Complete 
| 151|0x00000000cd700000, 0x00000000cd800000, 0x00000000cd800000|100%|HS|  |TAMS 0x00000000cd700000, 0x00000000cd700000| Complete 
| 152|0x00000000cd800000, 0x00000000cd900000, 0x00000000cd900000|100%|HC|  |TAMS 0x00000000cd800000, 0x00000000cd800000| Complete 
| 153|0x00000000cd900000, 0x00000000cd900000, 0x00000000cda00000|  0%| F|  |TAMS 0x00000000cd900000, 0x00000000cd900000| Untracked 
| 154|0x00000000cda00000, 0x00000000cda00000, 0x00000000cdb00000|  0%| F|  |TAMS 0x00000000cda00000, 0x00000000cda00000| Untracked 
| 155|0x00000000cdb00000, 0x00000000cdb00000, 0x00000000cdc00000|  0%| F|  |TAMS 0x00000000cdb00000, 0x00000000cdb00000| Untracked 
| 156|0x00000000cdc00000, 0x00000000cdc00000, 0x00000000cdd00000|  0%| F|  |TAMS 0x00000000cdc00000, 0x00000000cdc00000| Untracked 

Card table byte_map: [0x000002571c700000,0x000002571c8e0000] _byte_map_base: 0x000002571c0e0000

Marking Bits (Prev, Next): (CMBitMap*) 0x000002570a083dd0, (CMBitMap*) 0x000002570a083d90
 Prev Bits: [0x000002571d9c0000, 0x000002571e8c0000)
 Next Bits: [0x000002571cac0000, 0x000002571d9c0000)

Polling page: 0x0000025708000000

Metaspace:

Usage:
  Non-class:     21.71 MB used.
      Class:      3.16 MB used.
       Both:     24.87 MB used.

Virtual space:
  Non-class space:       64.00 MB reserved,      21.88 MB ( 34%) committed,  1 nodes.
      Class space:        1.00 GB reserved,       3.25 MB ( <1%) committed,  1 nodes.
             Both:        1.06 GB reserved,      25.12 MB (  2%) committed. 

Chunk freelists:
   Non-Class:  9.92 MB
       Class:  12.72 MB
        Both:  22.64 MB

MaxMetaspaceSize: unlimited
CompressedClassSpaceSize: 1.00 GB
Initial GC threshold: 21.00 MB
Current GC threshold: 41.88 MB
CDS: off
MetaspaceReclaimPolicy: balanced
 - commit_granule_bytes: 65536.
 - commit_granule_words: 8192.
 - virtual_space_node_default_size: 8388608.
 - enlarge_chunks_in_place: 1.
 - new_chunks_are_fully_committed: 0.
 - uncommit_free_chunks: 1.
 - use_allocation_guard: 0.
 - handle_deallocations: 1.


Internal statistics:

num_allocs_failed_limit: 0.
num_arena_births: 170.
num_arena_deaths: 0.
num_vsnodes_births: 2.
num_vsnodes_deaths: 0.
num_space_committed: 402.
num_space_uncommitted: 0.
num_chunks_returned_to_freelist: 0.
num_chunks_taken_from_freelist: 752.
num_chunk_merges: 0.
num_chunk_splits: 542.
num_chunks_enlarged: 441.
num_inconsistent_stats: 0.

CodeHeap 'non-profiled nmethods': size=120000Kb used=909Kb max_used=909Kb free=119090Kb
 bounds [0x00000257151d0000, 0x0000025715440000, 0x000002571c700000]
CodeHeap 'profiled nmethods': size=120000Kb used=4657Kb max_used=4657Kb free=115342Kb
 bounds [0x000002570d700000, 0x000002570db90000, 0x0000025714c30000]
CodeHeap 'non-nmethods': size=5760Kb used=1461Kb max_used=1479Kb free=4298Kb
 bounds [0x0000025714c30000, 0x0000025714ea0000, 0x00000257151d0000]
 total_blobs=3470 nmethods=2648 adapters=733
 compilation: enabled
              stopped_count=0, restarted_count=0
 full_count=0

Compilation events (20 events):
Event: 14.599 Thread 0x0000025725117730 2641 %     4       com.sun.javafx.iio.gif.GIFImageLoader2::decodeImage @ 26 (161 bytes)
Event: 14.613 Thread 0x0000025720edc100 2642 %     3       com.sun.javafx.iio.gif.GIFImageLoader2::decodePalette @ 66 (290 bytes)
Event: 14.614 Thread 0x0000025720edc100 nmethod 2642% 0x000002570db88910 code [0x000002570db88ba0, 0x000002570db89d98]
Event: 14.614 Thread 0x0000025720edc100 2643       3       com.sun.javafx.iio.gif.GIFImageLoader2::decodePalette (290 bytes)
Event: 14.615 Thread 0x0000025720edc100 nmethod 2643 0x000002570db8a610 code [0x000002570db8a8a0, 0x000002570db8b758]
Event: 14.615 Thread 0x0000025725117730 nmethod 2641% 0x00000257152a8390 code [0x00000257152a8580, 0x00000257152a9608]
Event: 14.615 Thread 0x0000025725117730 2644 %     4       com.sun.javafx.iio.gif.GIFImageLoader2::decodePalette @ 66 (290 bytes)
Event: 14.627 Thread 0x0000025725117730 nmethod 2644% 0x00000257152aa110 code [0x00000257152aa2a0, 0x00000257152aaaf8]
Event: 14.627 Thread 0x0000025725117730 2638 %     4       com.sun.javafx.iio.gif.GIFImageLoader2$LZWDecoder::initTable @ 52 (114 bytes)
Event: 14.636 Thread 0x0000025725117730 nmethod 2638% 0x00000257152aaf90 code [0x00000257152ab140, 0x00000257152ab4b8]
Event: 14.636 Thread 0x0000025725117730 2645       4       com.sun.javafx.iio.gif.GIFImageLoader2::decodeImage (161 bytes)
Event: 14.667 Thread 0x0000025720edc100 2647       3       com.sun.javafx.iio.gif.GIFImageLoader2::readByte (22 bytes)
Event: 14.667 Thread 0x0000025720edc100 nmethod 2647 0x000002570db8bf90 code [0x000002570db8c140, 0x000002570db8c418]
Event: 14.768 Thread 0x0000025725117730 nmethod 2645 0x00000257152ab610 code [0x00000257152ab8c0, 0x00000257152ae420]
Event: 14.769 Thread 0x0000025725117730 2646 %     4       com.sun.javafx.iio.gif.GIFImageLoader2::decodePalette @ 153 (290 bytes)
Event: 14.793 Thread 0x0000025725117730 nmethod 2646% 0x00000257152af890 code [0x00000257152afa80, 0x00000257152b0a78]
Event: 14.793 Thread 0x0000025725117730 2648       4       com.sun.javafx.iio.gif.GIFImageLoader2$LZWDecoder::initTable (114 bytes)
Event: 14.816 Thread 0x0000025725117730 nmethod 2648 0x00000257152b1390 code [0x00000257152b1540, 0x00000257152b1c18]
Event: 14.816 Thread 0x0000025725117730 2649       4       com.sun.javafx.iio.gif.GIFImageLoader2::decodePalette (290 bytes)
Event: 14.837 Thread 0x0000025725117730 nmethod 2649 0x00000257152b1d90 code [0x00000257152b1f60, 0x00000257152b2e78]

GC Heap History (20 events):
Event: 1.066 GC heap before
{Heap before GC invocations=0 (full 0):
 garbage-first heap   total 61440K, used 13312K [0x00000000c4000000, 0x0000000100000000)
  region size 1024K, 13 young (13312K), 0 survivors (0K)
 Metaspace       used 9089K, committed 9280K, reserved 1114112K
  class space    used 860K, committed 960K, reserved 1048576K
}
Event: 1.069 GC heap after
{Heap after GC invocations=1 (full 0):
 garbage-first heap   total 61440K, used 1600K [0x00000000c4000000, 0x0000000100000000)
  region size 1024K, 2 young (2048K), 2 survivors (2048K)
 Metaspace       used 9089K, committed 9280K, reserved 1114112K
  class space    used 860K, committed 960K, reserved 1048576K
}
Event: 1.699 GC heap before
{Heap before GC invocations=1 (full 0):
 garbage-first heap   total 61440K, used 19008K [0x00000000c4000000, 0x0000000100000000)
  region size 1024K, 20 young (20480K), 2 survivors (2048K)
 Metaspace       used 16261K, committed 16384K, reserved 1114112K
  class space    used 1694K, committed 1728K, reserved 1048576K
}
Event: 1.703 GC heap after
{Heap after GC invocations=2 (full 0):
 garbage-first heap   total 61440K, used 4289K [0x00000000c4000000, 0x0000000100000000)
  region size 1024K, 3 young (3072K), 3 survivors (3072K)
 Metaspace       used 16261K, committed 16384K, reserved 1114112K
  class space    used 1694K, committed 1728K, reserved 1048576K
}
Event: 1.759 GC heap before
{Heap before GC invocations=2 (full 0):
 garbage-first heap   total 61440K, used 11457K [0x00000000c4000000, 0x0000000100000000)
  region size 1024K, 5 young (5120K), 3 survivors (3072K)
 Metaspace       used 16526K, committed 16704K, reserved 1114112K
  class space    used 1748K, committed 1792K, reserved 1048576K
}
Event: 1.761 GC heap after
{Heap after GC invocations=3 (full 0):
 garbage-first heap   total 61440K, used 11548K [0x00000000c4000000, 0x0000000100000000)
  region size 1024K, 3 young (3072K), 3 survivors (3072K)
 Metaspace       used 16526K, committed 16704K, reserved 1114112K
  class space    used 1748K, committed 1792K, reserved 1048576K
}
Event: 2.469 GC heap before
{Heap before GC invocations=3 (full 0):
 garbage-first heap   total 61440K, used 55580K [0x00000000c4000000, 0x0000000100000000)
  region size 1024K, 6 young (6144K), 3 survivors (3072K)
 Metaspace       used 17300K, committed 17536K, reserved 1114112K
  class space    used 1838K, committed 1984K, reserved 1048576K
}
Event: 2.471 GC heap after
{Heap after GC invocations=4 (full 0):
 garbage-first heap   total 61440K, used 53381K [0x00000000c4000000, 0x0000000100000000)
  region size 1024K, 1 young (1024K), 1 survivors (1024K)
 Metaspace       used 17300K, committed 17536K, reserved 1114112K
  class space    used 1838K, committed 1984K, reserved 1048576K
}
Event: 2.497 GC heap before
{Heap before GC invocations=4 (full 0):
 garbage-first heap   total 61440K, used 55429K [0x00000000c4000000, 0x0000000100000000)
  region size 1024K, 3 young (3072K), 1 survivors (1024K)
 Metaspace       used 17892K, committed 18112K, reserved 1114112K
  class space    used 1937K, committed 2048K, reserved 1048576K
}
Event: 2.498 GC heap after
{Heap after GC invocations=5 (full 0):
 garbage-first heap   total 61440K, used 53631K [0x00000000c4000000, 0x0000000100000000)
  region size 1024K, 1 young (1024K), 1 survivors (1024K)
 Metaspace       used 17892K, committed 18112K, reserved 1114112K
  class space    used 1937K, committed 2048K, reserved 1048576K
}
Event: 2.519 GC heap before
{Heap before GC invocations=6 (full 0):
 garbage-first heap   total 92160K, used 55679K [0x00000000c4000000, 0x0000000100000000)
  region size 1024K, 3 young (3072K), 1 survivors (1024K)
 Metaspace       used 18071K, committed 18368K, reserved 1114112K
  class space    used 1981K, committed 2112K, reserved 1048576K
}
Event: 2.520 GC heap after
{Heap after GC invocations=7 (full 0):
 garbage-first heap   total 92160K, used 54188K [0x00000000c4000000, 0x0000000100000000)
  region size 1024K, 1 young (1024K), 1 survivors (1024K)
 Metaspace       used 18071K, committed 18368K, reserved 1114112K
  class space    used 1981K, committed 2112K, reserved 1048576K
}
Event: 2.800 GC heap before
{Heap before GC invocations=7 (full 0):
 garbage-first heap   total 92160K, used 68524K [0x00000000c4000000, 0x0000000100000000)
  region size 1024K, 15 young (15360K), 1 survivors (1024K)
 Metaspace       used 21533K, committed 21760K, reserved 1114112K
  class space    used 2698K, committed 2816K, reserved 1048576K
}
Event: 2.803 GC heap after
{Heap after GC invocations=8 (full 0):
 garbage-first heap   total 92160K, used 55995K [0x00000000c4000000, 0x0000000100000000)
  region size 1024K, 2 young (2048K), 2 survivors (2048K)
 Metaspace       used 21533K, committed 21760K, reserved 1114112K
  class space    used 2698K, committed 2816K, reserved 1048576K
}
Event: 14.643 GC heap before
{Heap before GC invocations=9 (full 0):
 garbage-first heap   total 96256K, used 84667K [0x00000000c4000000, 0x0000000100000000)
  region size 1024K, 15 young (15360K), 2 survivors (2048K)
 Metaspace       used 25467K, committed 25728K, reserved 1114112K
  class space    used 3232K, committed 3328K, reserved 1048576K
}
Event: 14.658 GC heap after
{Heap after GC invocations=10 (full 0):
 garbage-first heap   total 96256K, used 71613K [0x00000000c4000000, 0x0000000100000000)
  region size 1024K, 2 young (2048K), 2 survivors (2048K)
 Metaspace       used 25467K, committed 25728K, reserved 1114112K
  class space    used 3232K, committed 3328K, reserved 1048576K
}
Event: 14.695 GC heap before
{Heap before GC invocations=10 (full 0):
 garbage-first heap   total 96256K, used 85949K [0x00000000c4000000, 0x0000000100000000)
  region size 1024K, 3 young (3072K), 2 survivors (2048K)
 Metaspace       used 25467K, committed 25728K, reserved 1114112K
  class space    used 3232K, committed 3328K, reserved 1048576K
}
Event: 14.699 GC heap after
{Heap after GC invocations=11 (full 0):
 garbage-first heap   total 96256K, used 81928K [0x00000000c4000000, 0x0000000100000000)
  region size 1024K, 1 young (1024K), 1 survivors (1024K)
 Metaspace       used 25467K, committed 25728K, reserved 1114112K
  class space    used 3232K, committed 3328K, reserved 1048576K
}
Event: 14.706 GC heap before
{Heap before GC invocations=11 (full 0):
 garbage-first heap   total 96256K, used 87048K [0x00000000c4000000, 0x0000000100000000)
  region size 1024K, 2 young (2048K), 1 survivors (1024K)
 Metaspace       used 25467K, committed 25728K, reserved 1114112K
  class space    used 3232K, committed 3328K, reserved 1048576K
}
Event: 14.708 GC heap after
{Heap after GC invocations=12 (full 0):
 garbage-first heap   total 96256K, used 84949K [0x00000000c4000000, 0x0000000100000000)
  region size 1024K, 1 young (1024K), 1 survivors (1024K)
 Metaspace       used 25467K, committed 25728K, reserved 1114112K
  class space    used 3232K, committed 3328K, reserved 1048576K
}

Dll operation events (20 events):
Event: 0.669 Loaded shared library C:\Users\sabah\OneDrive\Desktop\Intro To Human-Computer Interaction\Lab\javafx jars\javafx-sdk-21.0.1\bin\api-ms-win-crt-math-l1-1-0.dll
Event: 0.674 Loaded shared library C:\Users\sabah\OneDrive\Desktop\Intro To Human-Computer Interaction\Lab\javafx jars\javafx-sdk-21.0.1\bin\api-ms-win-crt-multibyte-l1-1-0.dll
Event: 0.677 Loaded shared library C:\Users\sabah\OneDrive\Desktop\Intro To Human-Computer Interaction\Lab\javafx jars\javafx-sdk-21.0.1\bin\api-ms-win-crt-private-l1-1-0.dll
Event: 0.681 Loaded shared library C:\Users\sabah\OneDrive\Desktop\Intro To Human-Computer Interaction\Lab\javafx jars\javafx-sdk-21.0.1\bin\api-ms-win-crt-process-l1-1-0.dll
Event: 0.684 Loaded shared library C:\Users\sabah\OneDrive\Desktop\Intro To Human-Computer Interaction\Lab\javafx jars\javafx-sdk-21.0.1\bin\api-ms-win-crt-runtime-l1-1-0.dll
Event: 0.688 Loaded shared library C:\Users\sabah\OneDrive\Desktop\Intro To Human-Computer Interaction\Lab\javafx jars\javafx-sdk-21.0.1\bin\api-ms-win-crt-stdio-l1-1-0.dll
Event: 0.690 Loaded shared library C:\Users\sabah\OneDrive\Desktop\Intro To Human-Computer Interaction\Lab\javafx jars\javafx-sdk-21.0.1\bin\api-ms-win-crt-string-l1-1-0.dll
Event: 0.696 Loaded shared library C:\Users\sabah\OneDrive\Desktop\Intro To Human-Computer Interaction\Lab\javafx jars\javafx-sdk-21.0.1\bin\api-ms-win-crt-time-l1-1-0.dll
Event: 0.699 Loaded shared library C:\Users\sabah\OneDrive\Desktop\Intro To Human-Computer Interaction\Lab\javafx jars\javafx-sdk-21.0.1\bin\api-ms-win-crt-utility-l1-1-0.dll
Event: 0.707 Loaded shared library C:\Users\sabah\OneDrive\Desktop\Intro To Human-Computer Interaction\Lab\javafx jars\javafx-sdk-21.0.1\bin\ucrtbase.dll
Event: 0.718 Loaded shared library C:\Users\sabah\OneDrive\Desktop\Intro To Human-Computer Interaction\Lab\javafx jars\javafx-sdk-21.0.1\bin\vcruntime140.dll
Event: 0.731 Loaded shared library C:\Users\sabah\OneDrive\Desktop\Intro To Human-Computer Interaction\Lab\javafx jars\javafx-sdk-21.0.1\bin\vcruntime140_1.dll
Event: 0.766 Loaded shared library C:\Users\sabah\OneDrive\Desktop\Intro To Human-Computer Interaction\Lab\javafx jars\javafx-sdk-21.0.1\bin\msvcp140.dll
Event: 0.772 Loaded shared library C:\Users\sabah\OneDrive\Desktop\Intro To Human-Computer Interaction\Lab\javafx jars\javafx-sdk-21.0.1\bin\msvcp140_1.dll
Event: 0.780 Loaded shared library C:\Users\sabah\OneDrive\Desktop\Intro To Human-Computer Interaction\Lab\javafx jars\javafx-sdk-21.0.1\bin\msvcp140_2.dll
Event: 0.913 Loaded shared library C:\Users\sabah\OneDrive\Desktop\Intro To Human-Computer Interaction\Lab\javafx jars\javafx-sdk-21.0.1\bin\prism_d3d.dll
Event: 1.093 Loaded shared library C:\Users\sabah\OneDrive\Desktop\Intro To Human-Computer Interaction\Lab\javafx jars\javafx-sdk-21.0.1\bin\glass.dll
Event: 1.378 Loaded shared library C:\Users\sabah\.p2\pool\plugins\org.eclipse.justj.openjdk.hotspot.jre.full.win32.x86_64_17.0.8.v20230831-1047\jre\bin\jimage.dll
Event: 1.733 Loaded shared library C:\Users\sabah\OneDrive\Desktop\Intro To Human-Computer Interaction\Lab\javafx jars\javafx-sdk-21.0.1\bin\javafx_iio.dll
Event: 2.377 Loaded shared library C:\Users\sabah\OneDrive\Desktop\Intro To Human-Computer Interaction\Lab\javafx jars\javafx-sdk-21.0.1\bin\javafx_font.dll

Deoptimization events (20 events):
Event: 2.917 Thread 0x0000025725b148a0 Uncommon trap: trap_request=0xffffff45 fr.pc=0x00000257152583c8 relative=0x00000000000002a8
Event: 2.917 Thread 0x0000025725b148a0 Uncommon trap: reason=unstable_if action=reinterpret pc=0x00000257152583c8 method=java.util.WeakHashMap.expungeStaleEntries()V @ 9 c2
Event: 2.917 Thread 0x0000025725b148a0 DEOPT PACKING pc=0x00000257152583c8 sp=0x000000d3a43fd790
Event: 2.917 Thread 0x0000025725b148a0 DEOPT UNPACKING pc=0x0000025714c8a1a3 sp=0x000000d3a43fd728 mode 2
Event: 12.607 Thread 0x0000025725b148a0 Uncommon trap: trap_request=0xffffff45 fr.pc=0x00000257152573dc relative=0x000000000000005c
Event: 12.607 Thread 0x0000025725b148a0 Uncommon trap: reason=unstable_if action=reinterpret pc=0x00000257152573dc method=java.util.Objects.equals(Ljava/lang/Object;Ljava/lang/Object;)Z @ 6 c2
Event: 12.607 Thread 0x0000025725b148a0 DEOPT PACKING pc=0x00000257152573dc sp=0x000000d3a43fe1b0
Event: 12.607 Thread 0x0000025725b148a0 DEOPT UNPACKING pc=0x0000025714c8a1a3 sp=0x000000d3a43fe150 mode 2
Event: 14.590 Thread 0x0000025725b148a0 Uncommon trap: trap_request=0xffffff45 fr.pc=0x00000257152a6800 relative=0x00000000000005c0
Event: 14.590 Thread 0x0000025725b148a0 Uncommon trap: reason=unstable_if action=reinterpret pc=0x00000257152a6800 method=com.sun.javafx.iio.gif.GIFImageLoader2$LZWDecoder.readString()I @ 20 c2
Event: 14.590 Thread 0x0000025725b148a0 DEOPT PACKING pc=0x00000257152a6800 sp=0x000000d3a43fd2a0
Event: 14.590 Thread 0x0000025725b148a0 DEOPT UNPACKING pc=0x0000025714c8a1a3 sp=0x000000d3a43fd238 mode 2
Event: 14.629 Thread 0x0000025725b148a0 DEOPT PACKING pc=0x000002570db86dd6 sp=0x000000d3a43fd2a0
Event: 14.629 Thread 0x0000025725b148a0 DEOPT UNPACKING pc=0x0000025714c8ace3 sp=0x000000d3a43fc7c0 mode 0
Event: 14.634 Thread 0x0000025725b148a0 Uncommon trap: trap_request=0xffffff45 fr.pc=0x00000257152a94b4 relative=0x0000000000000f34
Event: 14.634 Thread 0x0000025725b148a0 Uncommon trap: reason=unstable_if action=reinterpret pc=0x00000257152a94b4 method=com.sun.javafx.iio.gif.GIFImageLoader2.decodeImage([BII[I)V @ 120 c2
Event: 14.634 Thread 0x0000025725b148a0 DEOPT PACKING pc=0x00000257152a94b4 sp=0x000000d3a43fd2e0
Event: 14.634 Thread 0x0000025725b148a0 DEOPT UNPACKING pc=0x0000025714c8a1a3 sp=0x000000d3a43fd2c0 mode 2
Event: 14.803 Thread 0x0000025725b148a0 DEOPT PACKING pc=0x000002570db8b636 sp=0x000000d3a43fd2b0
Event: 14.806 Thread 0x0000025725b148a0 DEOPT UNPACKING pc=0x0000025714c8ace3 sp=0x000000d3a43fc798 mode 0

Classes unloaded (0 events):
No events

Classes redefined (0 events):
No events

Internal exceptions (20 events):
Event: 2.561 Thread 0x0000025725b148a0 Exception <a 'java/lang/NoSuchMethodError'{0x00000000c96f6e08}: 'java.lang.Object java.lang.invoke.DirectMethodHandle$Holder.invokeSpecial(java.lang.Object, java.lang.Object, java.lang.Object, java.lang.Object, java.lang.Object, java.lang.Object, java.lang.Object, java.lang.Object, java.lang.Object, java.lang.Object)'> (0x00000000c96f6e08) 
thrown [s\src\hotspot\share\interpreter\linkResolver.cpp, line 759]
Event: 2.561 Thread 0x0000025725b148a0 Exception <a 'java/lang/NoSuchMethodError'{0x00000000c96fb128}: 'java.lang.Object java.lang.invoke.Invokers$Holder.linkToTargetMethod(java.lang.Object, java.lang.Object, java.lang.Object, java.lang.Object, java.lang.Object, java.lang.Object, java.lang.Object, java.lang.Object, java.lang.Object)'> (0x00000000c96fb128) 
thrown [s\src\hotspot\share\interpreter\linkResolver.cpp, line 759]
Event: 2.581 Thread 0x0000025725b148a0 Exception <a 'sun/nio/fs/WindowsException'{0x00000000c94a21f8}> (0x00000000c94a21f8) 
thrown [s\src\hotspot\share\prims\jni.cpp, line 516]
Event: 2.589 Thread 0x0000025725b148a0 Implicit null exception at 0x00000257151f38d8 to 0x00000257151f396a
Event: 2.592 Thread 0x0000025725b148a0 Implicit null exception at 0x0000025715245d8f to 0x00000257152462cc
Event: 2.592 Thread 0x0000025725b148a0 Implicit null exception at 0x000002571523818c to 0x0000025715238728
Event: 2.593 Thread 0x0000025725b148a0 Implicit null exception at 0x00000257151f358f to 0x00000257151f3605
Event: 2.748 Thread 0x0000025725b148a0 Exception <a 'java/lang/ClassNotFoundException'{0x00000000c8ed0990}: com/sun/javafx/scene/control/skin/resources/controls> (0x00000000c8ed0990) 
thrown [s\src\hotspot\share\prims\jni.cpp, line 535]
Event: 2.749 Thread 0x0000025725b148a0 Exception <a 'java/lang/ClassNotFoundException'{0x00000000c8ededc0}: com/sun/javafx/scene/control/skin/resources/controls_en> (0x00000000c8ededc0) 
thrown [s\src\hotspot\share\prims\jni.cpp, line 535]
Event: 2.749 Thread 0x0000025725b148a0 Exception <a 'java/lang/ClassNotFoundException'{0x00000000c8edfd58}: com/sun/javafx/scene/control/skin/resources/controls_en_US> (0x00000000c8edfd58) 
thrown [s\src\hotspot\share\prims\jni.cpp, line 535]
Event: 2.781 Thread 0x0000025725b148a0 Exception <a 'java/lang/NoSuchMethodError'{0x00000000c8ca98d8}: 'void java.lang.invoke.DirectMethodHandle$Holder.invokeSpecial(java.lang.Object, java.lang.Object, java.lang.Object, java.lang.Object, java.lang.Object, java.lang.Object)'> (0x00000000c8ca98d8) 
thrown [s\src\hotspot\share\interpreter\linkResolver.cpp, line 759]
Event: 2.783 Thread 0x0000025725b148a0 Exception <a 'java/lang/NoSuchMethodError'{0x00000000c8cca5e8}: 'java.lang.Object java.lang.invoke.DirectMethodHandle$Holder.invokeInterface(java.lang.Object, java.lang.Object, java.lang.Object)'> (0x00000000c8cca5e8) 
thrown [s\src\hotspot\share\interpreter\linkResolver.cpp, line 759]
Event: 2.783 Thread 0x0000025725b148a0 Exception <a 'java/lang/IncompatibleClassChangeError'{0x00000000c8ccdcb0}: Found class java.lang.Object, but interface was expected> (0x00000000c8ccdcb0) 
thrown [s\src\hotspot\share\interpreter\linkResolver.cpp, line 826]
Event: 2.852 Thread 0x0000025725b148a0 Exception <a 'java/lang/NoSuchMethodError'{0x00000000c9c186f0}: 'java.lang.Object java.lang.invoke.DirectMethodHandle$Holder.newInvokeSpecial(java.lang.Object, java.lang.Object, int)'> (0x00000000c9c186f0) 
thrown [s\src\hotspot\share\interpreter\linkResolver.cpp, line 759]
Event: 2.949 Thread 0x00000257255813d0 Exception <a 'java/lang/NoSuchMethodError'{0x00000000c9b41988}: 'int java.lang.invoke.DirectMethodHandle$Holder.invokeStaticInit(java.lang.Object, java.lang.Object)'> (0x00000000c9b41988) 
thrown [s\src\hotspot\share\interpreter\linkResolver.cpp, line 759]
Event: 2.960 Thread 0x0000025725b148a0 Exception <a 'java/lang/NoSuchMethodError'{0x00000000c9b2de58}: 'long java.lang.invoke.DirectMethodHandle$Holder.invokeStatic(java.lang.Object, java.lang.Object, java.lang.Object)'> (0x00000000c9b2de58) 
thrown [s\src\hotspot\share\interpreter\linkResolver.cpp, line 759]
Event: 2.960 Thread 0x0000025725b148a0 Exception <a 'java/lang/NoSuchMethodError'{0x00000000c9b31600}: 'long java.lang.invoke.DirectMethodHandle$Holder.invokeStaticInit(java.lang.Object, java.lang.Object, java.lang.Object)'> (0x00000000c9b31600) 
thrown [s\src\hotspot\share\interpreter\linkResolver.cpp, line 759]
Event: 2.963 Thread 0x0000025725b148a0 Exception <a 'java/lang/NoSuchMethodError'{0x00000000c9bbaea8}: 'java.lang.Object java.lang.invoke.DirectMethodHandle$Holder.newInvokeSpecial(java.lang.Object, java.lang.Object, long)'> (0x00000000c9bbaea8) 
thrown [s\src\hotspot\share\interpreter\linkResolver.cpp, line 759]
Event: 2.963 Thread 0x0000025725b148a0 Exception <a 'java/lang/NoSuchMethodError'{0x00000000c9bbea18}: 'java.lang.Object java.lang.invoke.Invokers$Holder.linkToTargetMethod(java.lang.Object, long, java.lang.Object)'> (0x00000000c9bbea18) 
thrown [s\src\hotspot\share\interpreter\linkResolver.cpp, line 759]
Event: 12.498 Thread 0x0000025725b148a0 Exception <a 'java/lang/NoSuchMethodError'{0x00000000c93dc8e8}: 'void java.lang.invoke.DirectMethodHandle$Holder.invokeStatic(java.lang.Object, java.lang.Object, java.lang.Object, java.lang.Object, java.lang.Object, java.lang.Object, java.lang.Object, java.lang.Object, java.lang.Object, java.lang.Object)'> (0x00000000c93dc8e8) 
thrown [s\src\hotspot\share\interpreter\linkResolver.cpp, line 759]

VM Operations (20 events):
Event: 9.818 Executing VM operation: Cleanup
Event: 9.818 Executing VM operation: Cleanup done
Event: 11.818 Executing VM operation: Cleanup
Event: 11.819 Executing VM operation: Cleanup done
Event: 12.541 Executing VM operation: HandshakeAllThreads
Event: 12.568 Executing VM operation: HandshakeAllThreads done
Event: 13.568 Executing VM operation: Cleanup
Event: 13.568 Executing VM operation: Cleanup done
Event: 14.568 Executing VM operation: Cleanup
Event: 14.568 Executing VM operation: Cleanup done
Event: 14.642 Executing VM operation: G1CollectForAllocation
Event: 14.659 Executing VM operation: G1CollectForAllocation done
Event: 14.695 Executing VM operation: G1CollectForAllocation
Event: 14.700 Executing VM operation: G1CollectForAllocation done
Event: 14.706 Executing VM operation: G1TryInitiateConcMark
Event: 14.708 Executing VM operation: G1TryInitiateConcMark done
Event: 14.726 Executing VM operation: G1PauseRemark
Event: 14.732 Executing VM operation: G1PauseRemark done
Event: 14.739 Executing VM operation: G1PauseCleanup
Event: 14.739 Executing VM operation: G1PauseCleanup done

Events (20 events):
Event: 12.467 loading class java/util/ListResourceBundle done
Event: 12.467 loading class sun/util/resources/cldr/CalendarData done
Event: 12.467 loading class sun/util/resources/Bundles$BundleReference
Event: 12.467 loading class sun/util/resources/Bundles$CacheKeyReference
Event: 12.467 loading class sun/util/resources/Bundles$CacheKeyReference done
Event: 12.467 loading class sun/util/resources/Bundles$BundleReference done
Event: 12.467 loading class sun/util/locale/provider/LocaleResources$ResourceReference
Event: 12.467 loading class sun/util/locale/provider/LocaleResources$ResourceReference done
Event: 12.468 loading class sun/util/calendar/Gregorian$Date
Event: 12.468 loading class sun/util/calendar/BaseCalendar$Date
Event: 12.468 loading class sun/util/calendar/CalendarDate
Event: 12.469 loading class sun/util/calendar/CalendarDate done
Event: 12.469 loading class sun/util/calendar/BaseCalendar$Date done
Event: 12.469 loading class sun/util/calendar/Gregorian$Date done
Event: 12.469 loading class sun/util/calendar/CalendarUtils
Event: 12.469 loading class sun/util/calendar/CalendarUtils done
Event: 12.471 loading class java/time/format/DateTimeParseException
Event: 12.471 loading class java/time/DateTimeException
Event: 12.471 loading class java/time/DateTimeException done
Event: 12.471 loading class java/time/format/DateTimeParseException done


Dynamic libraries:
0x00007ff69a8d0000 - 0x00007ff69a8de000 	C:\Users\sabah\.p2\pool\plugins\org.eclipse.justj.openjdk.hotspot.jre.full.win32.x86_64_17.0.8.v20230831-1047\jre\bin\javaw.exe
0x00007ffb63430000 - 0x00007ffb63647000 	C:\WINDOWS\SYSTEM32\ntdll.dll
0x00007ffb62d40000 - 0x00007ffb62e04000 	C:\WINDOWS\System32\KERNEL32.DLL
0x00007ffb60aa0000 - 0x00007ffb60e46000 	C:\WINDOWS\System32\KERNELBASE.dll
0x00007ffb60890000 - 0x00007ffb609a1000 	C:\WINDOWS\System32\ucrtbase.dll
0x00007ffb48350000 - 0x00007ffb48367000 	C:\Users\sabah\.p2\pool\plugins\org.eclipse.justj.openjdk.hotspot.jre.full.win32.x86_64_17.0.8.v20230831-1047\jre\bin\jli.dll
0x00007ffb618f0000 - 0x00007ffb61a9e000 	C:\WINDOWS\System32\USER32.dll
0x00007ffb609b0000 - 0x00007ffb609d6000 	C:\WINDOWS\System32\win32u.dll
0x00007ffb62190000 - 0x00007ffb621b9000 	C:\WINDOWS\System32\GDI32.dll
0x00007ffb60e50000 - 0x00007ffb60f68000 	C:\WINDOWS\System32\gdi32full.dll
0x00007ffb60f70000 - 0x00007ffb6100a000 	C:\WINDOWS\System32\msvcp_win.dll
0x00007ffb46f90000 - 0x00007ffb46fa9000 	C:\Users\sabah\.p2\pool\plugins\org.eclipse.justj.openjdk.hotspot.jre.full.win32.x86_64_17.0.8.v20230831-1047\jre\bin\VCRUNTIME140.dll
0x00007ffb43690000 - 0x00007ffb43923000 	C:\WINDOWS\WinSxS\amd64_microsoft.windows.common-controls_6595b64144ccf1df_6.0.22621.2506_none_270c5ae97388e100\COMCTL32.dll
0x00007ffb63040000 - 0x00007ffb630e7000 	C:\WINDOWS\System32\msvcrt.dll
0x00007ffb632b0000 - 0x00007ffb632e1000 	C:\WINDOWS\System32\IMM32.DLL
0x00007ffb484c0000 - 0x00007ffb484cc000 	C:\Users\sabah\.p2\pool\plugins\org.eclipse.justj.openjdk.hotspot.jre.full.win32.x86_64_17.0.8.v20230831-1047\jre\bin\vcruntime140_1.dll
0x00007ffb251e0000 - 0x00007ffb25271000 	C:\Users\sabah\.p2\pool\plugins\org.eclipse.justj.openjdk.hotspot.jre.full.win32.x86_64_17.0.8.v20230831-1047\jre\bin\msvcp140.dll
0x00007ffaeea10000 - 0x00007ffaef65c000 	C:\Users\sabah\.p2\pool\plugins\org.eclipse.justj.openjdk.hotspot.jre.full.win32.x86_64_17.0.8.v20230831-1047\jre\bin\server\jvm.dll
0x00007ffb62350000 - 0x00007ffb62401000 	C:\WINDOWS\System32\ADVAPI32.dll
0x00007ffb62c90000 - 0x00007ffb62d35000 	C:\WINDOWS\System32\sechost.dll
0x00007ffb62e40000 - 0x00007ffb62f57000 	C:\WINDOWS\System32\RPCRT4.dll
0x00007ffb60670000 - 0x00007ffb606bd000 	C:\WINDOWS\SYSTEM32\POWRPROF.dll
0x00007ffb4f0a0000 - 0x00007ffb4f0aa000 	C:\WINDOWS\SYSTEM32\VERSION.dll
0x00007ffb5c3e0000 - 0x00007ffb5c3e9000 	C:\WINDOWS\SYSTEM32\WSOCK32.dll
0x00007ffb62fc0000 - 0x00007ffb63031000 	C:\WINDOWS\System32\WS2_32.dll
0x00007ffb558e0000 - 0x00007ffb55914000 	C:\WINDOWS\SYSTEM32\WINMM.dll
0x00007ffb60650000 - 0x00007ffb60663000 	C:\WINDOWS\SYSTEM32\UMPDC.dll
0x00007ffb5f7a0000 - 0x00007ffb5f7b8000 	C:\WINDOWS\SYSTEM32\kernel.appcore.dll
0x00007ffb48330000 - 0x00007ffb4833a000 	C:\Users\sabah\.p2\pool\plugins\org.eclipse.justj.openjdk.hotspot.jre.full.win32.x86_64_17.0.8.v20230831-1047\jre\bin\jimage.dll
0x00007ffb5e020000 - 0x00007ffb5e253000 	C:\WINDOWS\SYSTEM32\DBGHELP.DLL
0x00007ffb61320000 - 0x00007ffb616a9000 	C:\WINDOWS\System32\combase.dll
0x00007ffb62270000 - 0x00007ffb62347000 	C:\WINDOWS\System32\OLEAUT32.dll
0x00007ffb3c200000 - 0x00007ffb3c232000 	C:\WINDOWS\SYSTEM32\dbgcore.DLL
0x00007ffb60810000 - 0x00007ffb6088a000 	C:\WINDOWS\System32\bcryptPrimitives.dll
0x00007ffb2c9a0000 - 0x00007ffb2c9c5000 	C:\Users\sabah\.p2\pool\plugins\org.eclipse.justj.openjdk.hotspot.jre.full.win32.x86_64_17.0.8.v20230831-1047\jre\bin\java.dll
0x00007ffb477e0000 - 0x00007ffb477f8000 	C:\Users\sabah\.p2\pool\plugins\org.eclipse.justj.openjdk.hotspot.jre.full.win32.x86_64_17.0.8.v20230831-1047\jre\bin\zip.dll
0x00007ffb62410000 - 0x00007ffb62c6a000 	C:\WINDOWS\System32\SHELL32.dll
0x00007ffb5e6c0000 - 0x00007ffb5efb6000 	C:\WINDOWS\SYSTEM32\windows.storage.dll
0x00007ffb5e580000 - 0x00007ffb5e6be000 	C:\WINDOWS\SYSTEM32\wintypes.dll
0x00007ffb63140000 - 0x00007ffb63233000 	C:\WINDOWS\System32\SHCORE.dll
0x00007ffb62f60000 - 0x00007ffb62fbe000 	C:\WINDOWS\System32\shlwapi.dll
0x00007ffb606d0000 - 0x00007ffb606f6000 	C:\WINDOWS\SYSTEM32\profapi.dll
0x00007ffb2c980000 - 0x00007ffb2c999000 	C:\Users\sabah\.p2\pool\plugins\org.eclipse.justj.openjdk.hotspot.jre.full.win32.x86_64_17.0.8.v20230831-1047\jre\bin\net.dll
0x00007ffb58630000 - 0x00007ffb58767000 	C:\WINDOWS\SYSTEM32\WINHTTP.dll
0x00007ffb5fc20000 - 0x00007ffb5fc89000 	C:\WINDOWS\system32\mswsock.dll
0x00007ffb2c960000 - 0x00007ffb2c975000 	C:\Users\sabah\.p2\pool\plugins\org.eclipse.justj.openjdk.hotspot.jre.full.win32.x86_64_17.0.8.v20230831-1047\jre\bin\nio.dll
0x0000025720f20000 - 0x0000025720f23000 	C:\Users\sabah\OneDrive\Desktop\Intro To Human-Computer Interaction\Lab\javafx jars\javafx-sdk-21.0.1\bin\api-ms-win-core-console-l1-1-0.dll
0x0000025720f30000 - 0x0000025720f33000 	C:\Users\sabah\OneDrive\Desktop\Intro To Human-Computer Interaction\Lab\javafx jars\javafx-sdk-21.0.1\bin\api-ms-win-core-console-l1-2-0.dll
0x0000025720f40000 - 0x0000025720f43000 	C:\Users\sabah\OneDrive\Desktop\Intro To Human-Computer Interaction\Lab\javafx jars\javafx-sdk-21.0.1\bin\api-ms-win-core-datetime-l1-1-0.dll
0x0000025720f50000 - 0x0000025720f53000 	C:\Users\sabah\OneDrive\Desktop\Intro To Human-Computer Interaction\Lab\javafx jars\javafx-sdk-21.0.1\bin\api-ms-win-core-debug-l1-1-0.dll
0x0000025720f60000 - 0x0000025720f63000 	C:\Users\sabah\OneDrive\Desktop\Intro To Human-Computer Interaction\Lab\javafx jars\javafx-sdk-21.0.1\bin\api-ms-win-core-errorhandling-l1-1-0.dll
0x0000025720f70000 - 0x0000025720f74000 	C:\Users\sabah\OneDrive\Desktop\Intro To Human-Computer Interaction\Lab\javafx jars\javafx-sdk-21.0.1\bin\api-ms-win-core-file-l1-1-0.dll
0x0000025720f80000 - 0x0000025720f83000 	C:\Users\sabah\OneDrive\Desktop\Intro To Human-Computer Interaction\Lab\javafx jars\javafx-sdk-21.0.1\bin\api-ms-win-core-file-l1-2-0.dll
0x0000025720f90000 - 0x0000025720f93000 	C:\Users\sabah\OneDrive\Desktop\Intro To Human-Computer Interaction\Lab\javafx jars\javafx-sdk-21.0.1\bin\api-ms-win-core-file-l2-1-0.dll
0x0000025720fa0000 - 0x0000025720fa3000 	C:\Users\sabah\OneDrive\Desktop\Intro To Human-Computer Interaction\Lab\javafx jars\javafx-sdk-21.0.1\bin\api-ms-win-core-handle-l1-1-0.dll
0x0000025720fb0000 - 0x0000025720fb3000 	C:\Users\sabah\OneDrive\Desktop\Intro To Human-Computer Interaction\Lab\javafx jars\javafx-sdk-21.0.1\bin\api-ms-win-core-heap-l1-1-0.dll
0x0000025720fc0000 - 0x0000025720fc3000 	C:\Users\sabah\OneDrive\Desktop\Intro To Human-Computer Interaction\Lab\javafx jars\javafx-sdk-21.0.1\bin\api-ms-win-core-interlocked-l1-1-0.dll
0x0000025720fd0000 - 0x0000025720fd3000 	C:\Users\sabah\OneDrive\Desktop\Intro To Human-Computer Interaction\Lab\javafx jars\javafx-sdk-21.0.1\bin\api-ms-win-core-libraryloader-l1-1-0.dll
0x0000025720fe0000 - 0x0000025720fe3000 	C:\Users\sabah\OneDrive\Desktop\Intro To Human-Computer Interaction\Lab\javafx jars\javafx-sdk-21.0.1\bin\api-ms-win-core-localization-l1-2-0.dll
0x0000025720ff0000 - 0x0000025720ff3000 	C:\Users\sabah\OneDrive\Desktop\Intro To Human-Computer Interaction\Lab\javafx jars\javafx-sdk-21.0.1\bin\api-ms-win-core-memory-l1-1-0.dll
0x0000025725d00000 - 0x0000025725d03000 	C:\Users\sabah\OneDrive\Desktop\Intro To Human-Computer Interaction\Lab\javafx jars\javafx-sdk-21.0.1\bin\api-ms-win-core-namedpipe-l1-1-0.dll
0x0000025725d10000 - 0x0000025725d13000 	C:\Users\sabah\OneDrive\Desktop\Intro To Human-Computer Interaction\Lab\javafx jars\javafx-sdk-21.0.1\bin\api-ms-win-core-processenvironment-l1-1-0.dll
0x0000025725d20000 - 0x0000025725d23000 	C:\Users\sabah\OneDrive\Desktop\Intro To Human-Computer Interaction\Lab\javafx jars\javafx-sdk-21.0.1\bin\api-ms-win-core-processthreads-l1-1-0.dll
0x0000025725d30000 - 0x0000025725d33000 	C:\Users\sabah\OneDrive\Desktop\Intro To Human-Computer Interaction\Lab\javafx jars\javafx-sdk-21.0.1\bin\api-ms-win-core-processthreads-l1-1-1.dll
0x0000025725d40000 - 0x0000025725d43000 	C:\Users\sabah\OneDrive\Desktop\Intro To Human-Computer Interaction\Lab\javafx jars\javafx-sdk-21.0.1\bin\api-ms-win-core-profile-l1-1-0.dll
0x0000025725d50000 - 0x0000025725d53000 	C:\Users\sabah\OneDrive\Desktop\Intro To Human-Computer Interaction\Lab\javafx jars\javafx-sdk-21.0.1\bin\api-ms-win-core-rtlsupport-l1-1-0.dll
0x0000025725d60000 - 0x0000025725d63000 	C:\Users\sabah\OneDrive\Desktop\Intro To Human-Computer Interaction\Lab\javafx jars\javafx-sdk-21.0.1\bin\api-ms-win-core-string-l1-1-0.dll
0x0000025725d70000 - 0x0000025725d73000 	C:\Users\sabah\OneDrive\Desktop\Intro To Human-Computer Interaction\Lab\javafx jars\javafx-sdk-21.0.1\bin\api-ms-win-core-synch-l1-1-0.dll
0x0000025725d80000 - 0x0000025725d83000 	C:\Users\sabah\OneDrive\Desktop\Intro To Human-Computer Interaction\Lab\javafx jars\javafx-sdk-21.0.1\bin\api-ms-win-core-synch-l1-2-0.dll
0x0000025725d90000 - 0x0000025725d93000 	C:\Users\sabah\OneDrive\Desktop\Intro To Human-Computer Interaction\Lab\javafx jars\javafx-sdk-21.0.1\bin\api-ms-win-core-sysinfo-l1-1-0.dll
0x0000025725da0000 - 0x0000025725da3000 	C:\Users\sabah\OneDrive\Desktop\Intro To Human-Computer Interaction\Lab\javafx jars\javafx-sdk-21.0.1\bin\api-ms-win-core-timezone-l1-1-0.dll
0x0000025725db0000 - 0x0000025725db3000 	C:\Users\sabah\OneDrive\Desktop\Intro To Human-Computer Interaction\Lab\javafx jars\javafx-sdk-21.0.1\bin\api-ms-win-core-util-l1-1-0.dll
0x0000025725dc0000 - 0x0000025725dc3000 	C:\Users\sabah\OneDrive\Desktop\Intro To Human-Computer Interaction\Lab\javafx jars\javafx-sdk-21.0.1\bin\api-ms-win-crt-conio-l1-1-0.dll
0x0000025725dd0000 - 0x0000025725dd4000 	C:\Users\sabah\OneDrive\Desktop\Intro To Human-Computer Interaction\Lab\javafx jars\javafx-sdk-21.0.1\bin\api-ms-win-crt-convert-l1-1-0.dll
0x0000025725de0000 - 0x0000025725de3000 	C:\Users\sabah\OneDrive\Desktop\Intro To Human-Computer Interaction\Lab\javafx jars\javafx-sdk-21.0.1\bin\api-ms-win-crt-environment-l1-1-0.dll
0x0000025725df0000 - 0x0000025725df3000 	C:\Users\sabah\OneDrive\Desktop\Intro To Human-Computer Interaction\Lab\javafx jars\javafx-sdk-21.0.1\bin\api-ms-win-crt-filesystem-l1-1-0.dll
0x0000025725e00000 - 0x0000025725e03000 	C:\Users\sabah\OneDrive\Desktop\Intro To Human-Computer Interaction\Lab\javafx jars\javafx-sdk-21.0.1\bin\api-ms-win-crt-heap-l1-1-0.dll
0x0000025725e10000 - 0x0000025725e13000 	C:\Users\sabah\OneDrive\Desktop\Intro To Human-Computer Interaction\Lab\javafx jars\javafx-sdk-21.0.1\bin\api-ms-win-crt-locale-l1-1-0.dll
0x0000025725e20000 - 0x0000025725e25000 	C:\Users\sabah\OneDrive\Desktop\Intro To Human-Computer Interaction\Lab\javafx jars\javafx-sdk-21.0.1\bin\api-ms-win-crt-math-l1-1-0.dll
0x0000025725e30000 - 0x0000025725e35000 	C:\Users\sabah\OneDrive\Desktop\Intro To Human-Computer Interaction\Lab\javafx jars\javafx-sdk-21.0.1\bin\api-ms-win-crt-multibyte-l1-1-0.dll
0x0000025725e40000 - 0x0000025725e50000 	C:\Users\sabah\OneDrive\Desktop\Intro To Human-Computer Interaction\Lab\javafx jars\javafx-sdk-21.0.1\bin\api-ms-win-crt-private-l1-1-0.dll
0x0000025725e50000 - 0x0000025725e53000 	C:\Users\sabah\OneDrive\Desktop\Intro To Human-Computer Interaction\Lab\javafx jars\javafx-sdk-21.0.1\bin\api-ms-win-crt-process-l1-1-0.dll
0x0000025725e60000 - 0x0000025725e64000 	C:\Users\sabah\OneDrive\Desktop\Intro To Human-Computer Interaction\Lab\javafx jars\javafx-sdk-21.0.1\bin\api-ms-win-crt-runtime-l1-1-0.dll
0x0000025725e70000 - 0x0000025725e74000 	C:\Users\sabah\OneDrive\Desktop\Intro To Human-Computer Interaction\Lab\javafx jars\javafx-sdk-21.0.1\bin\api-ms-win-crt-stdio-l1-1-0.dll
0x0000025725e80000 - 0x0000025725e84000 	C:\Users\sabah\OneDrive\Desktop\Intro To Human-Computer Interaction\Lab\javafx jars\javafx-sdk-21.0.1\bin\api-ms-win-crt-string-l1-1-0.dll
0x0000025725e90000 - 0x0000025725e93000 	C:\Users\sabah\OneDrive\Desktop\Intro To Human-Computer Interaction\Lab\javafx jars\javafx-sdk-21.0.1\bin\api-ms-win-crt-time-l1-1-0.dll
0x0000025725ea0000 - 0x0000025725ea3000 	C:\Users\sabah\OneDrive\Desktop\Intro To Human-Computer Interaction\Lab\javafx jars\javafx-sdk-21.0.1\bin\api-ms-win-crt-utility-l1-1-0.dll
0x00007ffb11a80000 - 0x00007ffb11b7c000 	C:\Users\sabah\OneDrive\Desktop\Intro To Human-Computer Interaction\Lab\javafx jars\javafx-sdk-21.0.1\bin\ucrtbase.dll
0x00007ffb3d770000 - 0x00007ffb3d78b000 	C:\Users\sabah\OneDrive\Desktop\Intro To Human-Computer Interaction\Lab\javafx jars\javafx-sdk-21.0.1\bin\vcruntime140.dll
0x00007ffb48340000 - 0x00007ffb4834c000 	C:\Users\sabah\OneDrive\Desktop\Intro To Human-Computer Interaction\Lab\javafx jars\javafx-sdk-21.0.1\bin\vcruntime140_1.dll
0x00007ffb13440000 - 0x00007ffb134ce000 	C:\Users\sabah\OneDrive\Desktop\Intro To Human-Computer Interaction\Lab\javafx jars\javafx-sdk-21.0.1\bin\msvcp140.dll
0x00007ffb61180000 - 0x00007ffb61320000 	C:\WINDOWS\System32\ole32.dll
0x00007ffb47a00000 - 0x00007ffb47a09000 	C:\Users\sabah\OneDrive\Desktop\Intro To Human-Computer Interaction\Lab\javafx jars\javafx-sdk-21.0.1\bin\msvcp140_1.dll
0x00007ffb251b0000 - 0x00007ffb251df000 	C:\Users\sabah\OneDrive\Desktop\Intro To Human-Computer Interaction\Lab\javafx jars\javafx-sdk-21.0.1\bin\msvcp140_2.dll
0x00007ffb25180000 - 0x00007ffb251af000 	C:\Users\sabah\OneDrive\Desktop\Intro To Human-Computer Interaction\Lab\javafx jars\javafx-sdk-21.0.1\bin\prism_d3d.dll
0x00007ffb0f4e0000 - 0x00007ffb0f689000 	C:\WINDOWS\system32\d3d9.dll
0x00007ffb5db70000 - 0x00007ffb5db9b000 	C:\WINDOWS\SYSTEM32\dwmapi.dll
0x00007ffb5d930000 - 0x00007ffb5d966000 	C:\WINDOWS\SYSTEM32\dxcore.dll
0x00007ffb5d830000 - 0x00007ffb5d8db000 	C:\WINDOWS\system32\uxtheme.dll
0x00007ffb0f2a0000 - 0x00007ffb0f4d8000 	C:\WINDOWS\System32\DriverStore\FileRepository\iigd_dch.inf_amd64_7f680e39d88878f3\igdumdim64.dll
0x00007ffb0df30000 - 0x00007ffb0f2a0000 	C:\WINDOWS\System32\DriverStore\FileRepository\iigd_dch.inf_amd64_7f680e39d88878f3\igd9dxva64.dll
0x00007ffb61c60000 - 0x00007ffb620d4000 	C:\WINDOWS\System32\SETUPAPI.dll
0x00007ffb60380000 - 0x00007ffb603ce000 	C:\WINDOWS\SYSTEM32\cfgmgr32.dll
0x00007ffb09120000 - 0x00007ffb0ae41000 	C:\WINDOWS\System32\DriverStore\FileRepository\iigd_dch.inf_amd64_7f680e39d88878f3\media_bin_64.dll
0x00007ffb52f50000 - 0x00007ffb53388000 	C:\WINDOWS\System32\DriverStore\FileRepository\iigd_dch.inf_amd64_7f680e39d88878f3\igdgmm64.dll
0x00007ffb587b0000 - 0x00007ffb587fa000 	C:\WINDOWS\SYSTEM32\directxdatabasehelper.dll
0x00007ffb1f250000 - 0x00007ffb1f292000 	C:\Users\sabah\OneDrive\Desktop\Intro To Human-Computer Interaction\Lab\javafx jars\javafx-sdk-21.0.1\bin\glass.dll
0x00007ffb632f0000 - 0x00007ffb633e9000 	C:\WINDOWS\System32\COMDLG32.dll
0x00007ffb61740000 - 0x00007ffb61890000 	C:\WINDOWS\System32\MSCTF.dll
0x00007ffb27950000 - 0x00007ffb27977000 	C:\WINDOWS\System32\DriverStore\FileRepository\iigd_dch.inf_amd64_7f680e39d88878f3\igdinfo64.dll
0x00007ffb4ae60000 - 0x00007ffb4ed0d000 	C:\WINDOWS\System32\DriverStore\FileRepository\iigd_dch.inf_amd64_7f680e39d88878f3\igc64.dll
0x00007ffb5f290000 - 0x00007ffb5f389000 	C:\WINDOWS\SYSTEM32\DNSAPI.dll
0x00007ffb5f260000 - 0x00007ffb5f28d000 	C:\WINDOWS\SYSTEM32\IPHLPAPI.DLL
0x00007ffb621c0000 - 0x00007ffb621c9000 	C:\WINDOWS\System32\NSI.dll
0x00007ffb53480000 - 0x00007ffb5348a000 	C:\Windows\System32\rasadhlp.dll
0x00007ffb533d0000 - 0x00007ffb53453000 	C:\WINDOWS\System32\fwpuclnt.dll
0x00007ffb13340000 - 0x00007ffb1336d000 	C:\Users\sabah\OneDrive\Desktop\Intro To Human-Computer Interaction\Lab\javafx jars\javafx-sdk-21.0.1\bin\javafx_iio.dll
0x00007ffb2ca10000 - 0x00007ffb2ca24000 	C:\Users\sabah\OneDrive\Desktop\Intro To Human-Computer Interaction\Lab\javafx jars\javafx-sdk-21.0.1\bin\javafx_font.dll
0x00007ffb5c0c0000 - 0x00007ffb5c333000 	C:\WINDOWS\SYSTEM32\dwrite.dll
0x00007ffb620e0000 - 0x00007ffb62190000 	C:\WINDOWS\System32\clbcatq.dll
0x00007ffb5b8a0000 - 0x00007ffb5ba50000 	C:\WINDOWS\SYSTEM32\WindowsCodecs.dll
0x00007ffb2ed90000 - 0x00007ffb2edee000 	C:\WINDOWS\system32\dataexchange.dll
0x00007ffb56280000 - 0x00007ffb56505000 	C:\WINDOWS\system32\twinapi.appcore.dll
0x00007ffb11c60000 - 0x00007ffb11c92000 	C:\Program Files\Common Files\Microsoft Shared\Ink\rtscom.dll
0x00007ffb46920000 - 0x00007ffb46a6a000 	C:\WINDOWS\SYSTEM32\textinputframework.dll
0x00007ffb5d090000 - 0x00007ffb5d1c3000 	C:\WINDOWS\SYSTEM32\CoreMessaging.dll
0x00007ffb57f20000 - 0x00007ffb5828c000 	C:\WINDOWS\SYSTEM32\CoreUIComponents.dll
0x00007ffb5fe90000 - 0x00007ffb5fe9c000 	C:\WINDOWS\SYSTEM32\CRYPTBASE.DLL

dbghelp: loaded successfully - version: 4.0.5 - missing functions: none
symbol engine: initialized successfully - sym options: 0x614 - pdb path: .;C:\Users\sabah\.p2\pool\plugins\org.eclipse.justj.openjdk.hotspot.jre.full.win32.x86_64_17.0.8.v20230831-1047\jre\bin;C:\WINDOWS\SYSTEM32;C:\WINDOWS\WinSxS\amd64_microsoft.windows.common-controls_6595b64144ccf1df_6.0.22621.2506_none_270c5ae97388e100;C:\Users\sabah\.p2\pool\plugins\org.eclipse.justj.openjdk.hotspot.jre.full.win32.x86_64_17.0.8.v20230831-1047\jre\bin\server;C:\Users\sabah\OneDrive\Desktop\Intro To Human-Computer Interaction\Lab\javafx jars\javafx-sdk-21.0.1\bin;C:\WINDOWS\System32\DriverStore\FileRepository\iigd_dch.inf_amd64_7f680e39d88878f3;C:\Program Files\Common Files\Microsoft Shared\Ink

VM Arguments:
jvm_args: -Dfile.encoding=UTF-8 -Dstdout.encoding=UTF-8 -Dstderr.encoding=UTF-8 --module-path=C:\Users\sabah\OneDrive\Desktop\Games - HCI Project\Games\bin;C:\Users\sabah\.p2\pool\plugins\org.eclipse.fx.ide.css.jfx8_3.8.0.202204150904.jar;C:\Users\sabah\OneDrive\Desktop\Intro To Human-Computer Interaction\Lab\javafx jars\javafx-sdk-21.0.1\lib\javafx.base.jar;C:\Users\sabah\OneDrive\Desktop\Intro To Human-Computer Interaction\Lab\javafx jars\javafx-sdk-21.0.1\lib\javafx.controls.jar;C:\Users\sabah\OneDrive\Desktop\Intro To Human-Computer Interaction\Lab\javafx jars\javafx-sdk-21.0.1\lib\javafx.fxml.jar;C:\Users\sabah\OneDrive\Desktop\Intro To Human-Computer Interaction\Lab\javafx jars\javafx-sdk-21.0.1\lib\javafx.graphics.jar;C:\Users\sabah\OneDrive\Desktop\Intro To Human-Computer Interaction\Lab\javafx jars\javafx-sdk-21.0.1\lib\javafx.media.jar;C:\Users\sabah\OneDrive\Desktop\Intro To Human-Computer Interaction\Lab\javafx jars\javafx-sdk-21.0.1\lib\javafx.swing.jar;C:\Users\sabah\OneDrive\Desktop\Intro To Human-Computer Interaction\Lab\javafx jars\javafx-sdk-21.0.1\lib\javafx.web.jar;C:\Users\sabah\OneDrive\Desktop\Intro To Human-Computer Interaction\Lab\javafx jars\javafx-sdk-21.0.1\lib\javafx-swt.jar;C:\Users\sabah\OneDrive\Desktop\Intro To Human-Computer Interaction\Lab\mysql connector\mysql-connector-j-8.2.0.jar -XX:+ShowCodeDetailsInExceptionMessages -Djdk.module.main=Games 
java_command: Games/application.LogIn
java_class_path (initial): <not set>
Launcher Type: SUN_STANDARD

[Global flags]
     intx CICompilerCount                          = 3                                         {product} {ergonomic}
     uint ConcGCThreads                            = 1                                         {product} {ergonomic}
     uint G1ConcRefinementThreads                  = 4                                         {product} {ergonomic}
   size_t G1HeapRegionSize                         = 1048576                                   {product} {ergonomic}
    uintx GCDrainStackTargetSize                   = 64                                        {product} {ergonomic}
   size_t InitialHeapSize                          = 62914560                                  {product} {ergonomic}
   size_t MarkStackSize                            = 4194304                                   {product} {ergonomic}
   size_t MaxHeapSize                              = 1006632960                                {product} {ergonomic}
   size_t MaxNewSize                               = 603979776                                 {product} {ergonomic}
   size_t MinHeapDeltaBytes                        = 1048576                                   {product} {ergonomic}
   size_t MinHeapSize                              = 8388608                                   {product} {ergonomic}
    uintx NonNMethodCodeHeapSize                   = 5832780                                {pd product} {ergonomic}
    uintx NonProfiledCodeHeapSize                  = 122912730                              {pd product} {ergonomic}
    uintx ProfiledCodeHeapSize                     = 122912730                              {pd product} {ergonomic}
    uintx ReservedCodeCacheSize                    = 251658240                              {pd product} {ergonomic}
     bool SegmentedCodeCache                       = true                                      {product} {ergonomic}
     bool ShowCodeDetailsInExceptionMessages       = true                                   {manageable} {command line}
   size_t SoftMaxHeapSize                          = 1006632960                             {manageable} {ergonomic}
     bool UseCompressedClassPointers               = true                           {product lp64_product} {ergonomic}
     bool UseCompressedOops                        = true                           {product lp64_product} {ergonomic}
     bool UseG1GC                                  = true                                      {product} {ergonomic}
     bool UseLargePagesIndividualAllocation        = false                                  {pd product} {ergonomic}

Logging:
Log output configuration:
 #0: stdout all=warning uptime,level,tags
 #1: stderr all=off uptime,level,tags

Environment Variables:
PATH=C:/Users/sabah/.p2/pool/plugins/org.eclipse.justj.openjdk.hotspot.jre.full.win32.x86_64_17.0.8.v20230831-1047/jre/bin/server;C:/Users/sabah/.p2/pool/plugins/org.eclipse.justj.openjdk.hotspot.jre.full.win32.x86_64_17.0.8.v20230831-1047/jre/bin;C:\Program Files\Common Files\Oracle\Java\javapath;C:\Program Files (x86)\Common Files\Oracle\Java\javapath;C:\WINDOWS\system32;C:\WINDOWS;C:\WINDOWS\System32\Wbem;C:\WINDOWS\System32\WindowsPowerShell\v1.0\;C:\WINDOWS\System32\OpenSSH\;C:\Program Files\Microsoft SQL Server\150\Tools\Binn\;C:\Program Files\Microsoft SQL Server\Client SDK\ODBC\170\Tools\Binn\;C:\Program Files\dotnet\;C:\Program Files (x86)\Windows Kits\10\Windows Performance Toolkit\;C:\Program Files\Java\jdk-21\bin;C:\Users\sabah\AppData\Local\Microsoft\WindowsApps;C:\Users\sabah\.dotnet\tools;C:\Users\sabah\OneDrive\Desktop;
USERNAME=sabah
OS=Windows_NT
PROCESSOR_IDENTIFIER=Intel64 Family 6 Model 140 Stepping 1, GenuineIntel
TMP=C:\Users\sabah\AppData\Local\Temp
TEMP=C:\Users\sabah\AppData\Local\Temp



---------------  S Y S T E M  ---------------

OS:
 Windows 11 , 64 bit Build 22621 (10.0.22621.2506)
OS uptime: 5 days 9:01 hours

CPU: total 4 (initial active 4) (2 cores per cpu, 2 threads per core) family 6 model 140 stepping 1 microcode 0xac, cx8, cmov, fxsr, ht, mmx, 3dnowpref, sse, sse2, sse3, ssse3, sse4.1, sse4.2, popcnt, lzcnt, tsc, tscinvbit, avx, avx2, aes, erms, clmul, bmi1, bmi2, adx, avx512f, avx512dq, avx512cd, avx512bw, avx512vl, sha, fma, vzeroupper, avx512_vpopcntdq, avx512_vpclmulqdq, avx512_vaes, avx512_vnni, clflush, clflushopt, clwb, avx512_vbmi2, avx512_vbmi
Processor Information for all 4 processors :
  Max Mhz: 2995, Current Mhz: 2995, Mhz Limit: 2995

Memory: 4k page, system-wide physical 3836M (58M free)
TotalPageFile size 15612M (AvailPageFile size 0M)
current process WorkingSet (physical memory assigned to process): 176M, peak: 263M
current process commit charge ("private bytes"): 544M, peak: 545M

vm_info: OpenJDK 64-Bit Server VM (17.0.8.1+1) for windows-amd64 JRE (17.0.8.1+1), built on Aug 23 2023 15:29:17 by "admin" with MS VC++ 16.7 (VS2019)

END.
