#
# There is insufficient memory for the Java Runtime Environment to continue.
# Native memory allocation (mmap) failed to map 99614720 bytes for G1 virtual space
# Possible reasons:
#   The system is out of physical RAM or swap space
#   The process is running with CompressedOops enabled, and the Java Heap may be blocking the growth of the native heap
# Possible solutions:
#   Reduce memory load on the system
#   Increase physical memory or swap space
#   Check if swap backing store is full
#   Decrease Java heap size (-Xmx/-Xms)
#   Decrease number of Java threads
#   Decrease Java thread stack sizes (-Xss)
#   Set larger code cache with -XX:ReservedCodeCacheSize=
#   JVM is running with Unscaled Compressed Oops mode in which the Java heap is
#     placed in the first 4GB address space. The Java Heap base address is the
#     maximum limit for the native heap growth. Please use -XX:HeapBaseMinAddress
#     to set the Java Heap base and to place the Java Heap above 4GB virtual address.
# This output file may be truncated or incomplete.
#
#  Out of Memory Error (os_windows.cpp:3617), pid=15176, tid=4792
#
# JRE version: OpenJDK Runtime Environment Temurin-17.0.8.1+1 (17.0.8.1+1) (build 17.0.8.1+1)
# Java VM: OpenJDK 64-Bit Server VM Temurin-17.0.8.1+1 (17.0.8.1+1, mixed mode, tiered, compressed oops, compressed class ptrs, g1 gc, windows-amd64)
# No core dump will be written. Minidumps are not enabled by default on client versions of Windows
#

---------------  S U M M A R Y ------------

Command Line: -Dfile.encoding=UTF-8 -Dstdout.encoding=UTF-8 -Dstderr.encoding=UTF-8 --module-path=C:\Users\sabah\OneDrive\Desktop\Games - HCI Project\Games\bin;C:\Users\sabah\.p2\pool\plugins\org.eclipse.fx.ide.css.jfx8_3.8.0.202204150904.jar;C:\Users\sabah\OneDrive\Desktop\Intro To Human-Computer Interaction\Lab\javafx jars\javafx-sdk-21.0.1\lib\javafx.base.jar;C:\Users\sabah\OneDrive\Desktop\Intro To Human-Computer Interaction\Lab\javafx jars\javafx-sdk-21.0.1\lib\javafx.controls.jar;C:\Users\sabah\OneDrive\Desktop\Intro To Human-Computer Interaction\Lab\javafx jars\javafx-sdk-21.0.1\lib\javafx.fxml.jar;C:\Users\sabah\OneDrive\Desktop\Intro To Human-Computer Interaction\Lab\javafx jars\javafx-sdk-21.0.1\lib\javafx.graphics.jar;C:\Users\sabah\OneDrive\Desktop\Intro To Human-Computer Interaction\Lab\javafx jars\javafx-sdk-21.0.1\lib\javafx.media.jar;C:\Users\sabah\OneDrive\Desktop\Intro To Human-Computer Interaction\Lab\javafx jars\javafx-sdk-21.0.1\lib\javafx.swing.jar;C:\Users\sabah\OneDrive\Desktop\Intro To Human-Computer Interaction\Lab\javafx jars\javafx-sdk-21.0.1\lib\javafx.web.jar;C:\Users\sabah\OneDrive\Desktop\Intro To Human-Computer Interaction\Lab\javafx jars\javafx-sdk-21.0.1\lib\javafx-swt.jar;C:\Users\sabah\OneDrive\Desktop\Intro To Human-Computer Interaction\Lab\mysql connector\mysql-connector-j-8.2.0.jar -XX:+ShowCodeDetailsInExceptionMessages -Djdk.module.main=Games Games/application.LogIn

Host: 11th Gen Intel(R) Core(TM) i3-1115G4 @ 3.00GHz, 4 cores, 3G,  Windows 11 , 64 bit Build 22621 (10.0.22621.2506)
Time: Wed Dec 20 18:03:25 2023 Middle East Standard Time elapsed time: 30.516917 seconds (0d 0h 0m 30s)

---------------  T H R E A D  ---------------

Current thread (0x000001db4e4ee1c0):  VMThread "VM Thread" [stack: 0x0000004851000000,0x0000004851100000] [id=4792]

Stack: [0x0000004851000000,0x0000004851100000]
Native frames: (J=compiled Java code, j=interpreted, Vv=VM code, C=native code)
V  [jvm.dll+0x678b0a]
V  [jvm.dll+0x835e84]
V  [jvm.dll+0x83762e]
V  [jvm.dll+0x837c93]
V  [jvm.dll+0x24746f]
V  [jvm.dll+0x675859]
V  [jvm.dll+0x66a0ea]
V  [jvm.dll+0x306c7b]
V  [jvm.dll+0x30e166]
V  [jvm.dll+0x35dd3e]
V  [jvm.dll+0x35df6f]
V  [jvm.dll+0x2ddb48]
V  [jvm.dll+0x2dbd0c]
V  [jvm.dll+0x2db2dc]
V  [jvm.dll+0x31f4b1]
V  [jvm.dll+0x83c15b]
V  [jvm.dll+0x83ce94]
V  [jvm.dll+0x83d3ac]
V  [jvm.dll+0x83d784]
V  [jvm.dll+0x83d850]
V  [jvm.dll+0x7e64ca]
V  [jvm.dll+0x677955]
C  [ucrtbase.dll+0x29363]
C  [KERNEL32.DLL+0x1257d]
C  [ntdll.dll+0x5aa58]

VM_Operation (0x00000048522fcad0): G1TryInitiateConcMark, mode: safepoint, requested by thread 0x000001db5379fe40


---------------  P R O C E S S  ---------------

Threads class SMR info:
_java_thread_list=0x000001db58a0b3b0, length=20, elements={
0x000001db375d2f80, 0x000001db4e4f5d30, 0x000001db4e4f9e00, 0x000001db4e53c220,
0x000001db4e53cde0, 0x000001db4e53d8a0, 0x000001db4e67e090, 0x000001db4e67ec90,
0x000001db4e6c9f20, 0x000001db4e6cd460, 0x000001db3767e310, 0x000001db4e89a060,
0x000001db4ea43680, 0x000001db5378c660, 0x000001db5379fe40, 0x000001db583b9a40,
0x000001db58416410, 0x000001db584a9910, 0x000001db584a84d0, 0x000001db584a7fc0
}

Java Threads: ( => current thread )
  0x000001db375d2f80 JavaThread "main" [_thread_blocked, id=19192, stack(0x0000004850a00000,0x0000004850b00000)]
  0x000001db4e4f5d30 JavaThread "Reference Handler" daemon [_thread_blocked, id=13368, stack(0x0000004851100000,0x0000004851200000)]
  0x000001db4e4f9e00 JavaThread "Finalizer" daemon [_thread_blocked, id=14244, stack(0x0000004851200000,0x0000004851300000)]
  0x000001db4e53c220 JavaThread "Signal Dispatcher" daemon [_thread_blocked, id=14972, stack(0x0000004851300000,0x0000004851400000)]
  0x000001db4e53cde0 JavaThread "Attach Listener" daemon [_thread_blocked, id=17240, stack(0x0000004851400000,0x0000004851500000)]
  0x000001db4e53d8a0 JavaThread "Service Thread" daemon [_thread_blocked, id=3424, stack(0x0000004851500000,0x0000004851600000)]
  0x000001db4e67e090 JavaThread "Monitor Deflation Thread" daemon [_thread_blocked, id=18212, stack(0x0000004851600000,0x0000004851700000)]
  0x000001db4e67ec90 JavaThread "C2 CompilerThread0" daemon [_thread_blocked, id=6288, stack(0x0000004851700000,0x0000004851800000)]
  0x000001db4e6c9f20 JavaThread "C1 CompilerThread0" daemon [_thread_blocked, id=6260, stack(0x0000004851800000,0x0000004851900000)]
  0x000001db4e6cd460 JavaThread "Sweeper thread" daemon [_thread_blocked, id=18820, stack(0x0000004851900000,0x0000004851a00000)]
  0x000001db3767e310 JavaThread "Common-Cleaner" daemon [_thread_blocked, id=15592, stack(0x0000004851a00000,0x0000004851b00000)]
  0x000001db4e89a060 JavaThread "Notification Thread" daemon [_thread_blocked, id=16524, stack(0x0000004851b00000,0x0000004851c00000)]
  0x000001db4ea43680 JavaThread "QuantumRenderer-0" daemon [_thread_blocked, id=9528, stack(0x0000004851d00000,0x0000004851e00000)]
  0x000001db5378c660 JavaThread "InvokeLaterDispatcher" daemon [_thread_blocked, id=3744, stack(0x0000004852100000,0x0000004852200000)]
  0x000001db5379fe40 JavaThread "JavaFX Application Thread" [_thread_blocked, id=6096, stack(0x0000004852200000,0x0000004852300000)]
  0x000001db583b9a40 JavaThread "Thread-1" daemon [_thread_blocked, id=1776, stack(0x0000004852600000,0x0000004852700000)]
  0x000001db58416410 JavaThread "JavaFX-Launcher" [_thread_blocked, id=17264, stack(0x0000004852700000,0x0000004852800000)]
  0x000001db584a9910 JavaThread "mysql-cj-abandoned-connection-cleanup" daemon [_thread_blocked, id=8356, stack(0x0000004852800000,0x0000004852900000)]
  0x000001db584a84d0 JavaThread "Prism Font Disposer" daemon [_thread_blocked, id=18856, stack(0x0000004852900000,0x0000004852a00000)]
  0x000001db584a7fc0 JavaThread "Cleaner-0" daemon [_thread_blocked, id=15776, stack(0x0000004852d00000,0x0000004852e00000)]

Other Threads:
=>0x000001db4e4ee1c0 VMThread "VM Thread" [stack: 0x0000004851000000,0x0000004851100000] [id=4792]
  0x000001db376274e0 WatcherThread [stack: 0x0000004851c00000,0x0000004851d00000] [id=13576]
  0x000001db37611540 GCTaskThread "GC Thread#0" [stack: 0x0000004850b00000,0x0000004850c00000] [id=192]
  0x000001db53760490 GCTaskThread "GC Thread#1" [stack: 0x0000004851e00000,0x0000004851f00000] [id=8008]
  0x000001db53784430 GCTaskThread "GC Thread#2" [stack: 0x0000004851f00000,0x0000004852000000] [id=9576]
  0x000001db53784af0 GCTaskThread "GC Thread#3" [stack: 0x0000004852000000,0x0000004852100000] [id=9128]
  0x000001db3761a4a0 ConcurrentGCThread "G1 Main Marker" [stack: 0x0000004850c00000,0x0000004850d00000] [id=10480]
  0x000001db3761aeb0 ConcurrentGCThread "G1 Conc#0" [stack: 0x0000004850d00000,0x0000004850e00000] [id=8444]
  0x000001db37658c10 ConcurrentGCThread "G1 Refine#0" [stack: 0x0000004850e00000,0x0000004850f00000] [id=3288]
  0x000001db589cc830 ConcurrentGCThread "G1 Refine#1" [stack: 0x0000004853000000,0x0000004853100000] [id=10940]
  0x000001db589cd3f0 ConcurrentGCThread "G1 Refine#2" [stack: 0x0000004853100000,0x0000004853200000] [id=10596]
  0x000001db589cd9d0 ConcurrentGCThread "G1 Refine#3" [stack: 0x0000004853200000,0x0000004853300000] [id=6676]
  0x000001db3765a4f0 ConcurrentGCThread "G1 Service" [stack: 0x0000004850f00000,0x0000004851000000] [id=10672]

Threads with active compile tasks:
C2 CompilerThread0    30570 2768       4       com.sun.javafx.iio.gif.GIFImageLoader2::decodeImage (161 bytes)

VM state: at safepoint (normal execution)

VM Mutex/Monitor currently owned by a thread:  ([mutex/lock_event])
[0x000001db3547cc40] Threads_lock - owner thread: 0x000001db4e4ee1c0
[0x000001db3547cf10] Heap_lock - owner thread: 0x000001db5379fe40

Heap address: 0x00000000c4000000, size: 960 MB, Compressed Oops mode: 32-bit

CDS archive(s) not mapped
Compressed class space mapped at: 0x0000000100000000-0x0000000140000000, reserved size: 1073741824
Narrow klass base: 0x0000000000000000, Narrow klass shift: 3, Narrow klass range: 0x140000000

GC Precious Log:
 CPUs: 4 total, 4 available
 Memory: 3836M
 Large Page Support: Disabled
 NUMA Support: Disabled
 Compressed Oops: Enabled (32-bit)
 Heap Region Size: 1M
 Heap Min Capacity: 8M
 Heap Initial Capacity: 60M
 Heap Max Capacity: 960M
 Pre-touch: Disabled
 Parallel Workers: 4
 Concurrent Workers: 1
 Concurrent Refinement Workers: 4
 Periodic GC: Disabled

Heap:
 garbage-first heap   total 97280K, used 86768K [0x00000000c4000000, 0x0000000100000000)
  region size 1024K, 1 young (1024K), 1 survivors (1024K)
 Metaspace       used 25628K, committed 25920K, reserved 1114112K
  class space    used 3244K, committed 3392K, reserved 1048576K

Heap Regions: E=young(eden), S=young(survivor), O=old, HS=humongous(starts), HC=humongous(continues), CS=collection set, F=free, OA=open archive, CA=closed archive, TAMS=top-at-mark-start (previous, next)
|   0|0x00000000c4000000, 0x00000000c4100000, 0x00000000c4100000|100%| O|  |TAMS 0x00000000c4100000, 0x00000000c4100000| Untracked 
|   1|0x00000000c4100000, 0x00000000c4200000, 0x00000000c4200000|100%|HS|  |TAMS 0x00000000c4200000, 0x00000000c4200000| Complete 
|   2|0x00000000c4200000, 0x00000000c4300000, 0x00000000c4300000|100%|HC|  |TAMS 0x00000000c4300000, 0x00000000c4300000| Complete 
|   3|0x00000000c4300000, 0x00000000c4400000, 0x00000000c4400000|100%|HC|  |TAMS 0x00000000c4400000, 0x00000000c4400000| Complete 
|   4|0x00000000c4400000, 0x00000000c4500000, 0x00000000c4500000|100%|HC|  |TAMS 0x00000000c4500000, 0x00000000c4500000| Complete 
|   5|0x00000000c4500000, 0x00000000c4600000, 0x00000000c4600000|100%|HC|  |TAMS 0x00000000c4600000, 0x00000000c4600000| Complete 
|   6|0x00000000c4600000, 0x00000000c4700000, 0x00000000c4700000|100%|HC|  |TAMS 0x00000000c4700000, 0x00000000c4700000| Complete 
|   7|0x00000000c4700000, 0x00000000c4800000, 0x00000000c4800000|100%| O|  |TAMS 0x00000000c4800000, 0x00000000c4800000| Untracked 
|   8|0x00000000c4800000, 0x00000000c4900000, 0x00000000c4900000|100%| O|  |TAMS 0x00000000c4800000, 0x00000000c4900000| Untracked 
|   9|0x00000000c4900000, 0x00000000c4a00000, 0x00000000c4a00000|100%|HS|  |TAMS 0x00000000c4a00000, 0x00000000c4a00000| Complete 
|  10|0x00000000c4a00000, 0x00000000c4b00000, 0x00000000c4b00000|100%|HC|  |TAMS 0x00000000c4b00000, 0x00000000c4b00000| Complete 
|  11|0x00000000c4b00000, 0x00000000c4c00000, 0x00000000c4c00000|100%|HC|  |TAMS 0x00000000c4c00000, 0x00000000c4c00000| Complete 
|  12|0x00000000c4c00000, 0x00000000c4d00000, 0x00000000c4d00000|100%|HC|  |TAMS 0x00000000c4d00000, 0x00000000c4d00000| Complete 
|  13|0x00000000c4d00000, 0x00000000c4e00000, 0x00000000c4e00000|100%|HC|  |TAMS 0x00000000c4e00000, 0x00000000c4e00000| Complete 
|  14|0x00000000c4e00000, 0x00000000c4f00000, 0x00000000c4f00000|100%|HC|  |TAMS 0x00000000c4f00000, 0x00000000c4f00000| Complete 
|  15|0x00000000c4f00000, 0x00000000c5000000, 0x00000000c5000000|100%|HC|  |TAMS 0x00000000c5000000, 0x00000000c5000000| Complete 
|  16|0x00000000c5000000, 0x00000000c5100000, 0x00000000c5100000|100%|HC|  |TAMS 0x00000000c5100000, 0x00000000c5100000| Complete 
|  17|0x00000000c5100000, 0x00000000c5200000, 0x00000000c5200000|100%|HC|  |TAMS 0x00000000c5200000, 0x00000000c5200000| Complete 
|  18|0x00000000c5200000, 0x00000000c5300000, 0x00000000c5300000|100%|HC|  |TAMS 0x00000000c5300000, 0x00000000c5300000| Complete 
|  19|0x00000000c5300000, 0x00000000c5400000, 0x00000000c5400000|100%|HC|  |TAMS 0x00000000c5400000, 0x00000000c5400000| Complete 
|  20|0x00000000c5400000, 0x00000000c5500000, 0x00000000c5500000|100%|HC|  |TAMS 0x00000000c5500000, 0x00000000c5500000| Complete 
|  21|0x00000000c5500000, 0x00000000c5600000, 0x00000000c5600000|100%|HC|  |TAMS 0x00000000c5600000, 0x00000000c5600000| Complete 
|  22|0x00000000c5600000, 0x00000000c5700000, 0x00000000c5700000|100%|HC|  |TAMS 0x00000000c5700000, 0x00000000c5700000| Complete 
|  23|0x00000000c5700000, 0x00000000c5800000, 0x00000000c5800000|100%|HC|  |TAMS 0x00000000c5800000, 0x00000000c5800000| Complete 
|  24|0x00000000c5800000, 0x00000000c5900000, 0x00000000c5900000|100%|HC|  |TAMS 0x00000000c5900000, 0x00000000c5900000| Complete 
|  25|0x00000000c5900000, 0x00000000c5a00000, 0x00000000c5a00000|100%|HC|  |TAMS 0x00000000c5a00000, 0x00000000c5a00000| Complete 
|  26|0x00000000c5a00000, 0x00000000c5b00000, 0x00000000c5b00000|100%|HC|  |TAMS 0x00000000c5b00000, 0x00000000c5b00000| Complete 
|  27|0x00000000c5b00000, 0x00000000c5c00000, 0x00000000c5c00000|100%|HC|  |TAMS 0x00000000c5c00000, 0x00000000c5c00000| Complete 
|  28|0x00000000c5c00000, 0x00000000c5d00000, 0x00000000c5d00000|100%|HC|  |TAMS 0x00000000c5d00000, 0x00000000c5d00000| Complete 
|  29|0x00000000c5d00000, 0x00000000c5e00000, 0x00000000c5e00000|100%|HC|  |TAMS 0x00000000c5e00000, 0x00000000c5e00000| Complete 
|  30|0x00000000c5e00000, 0x00000000c5f00000, 0x00000000c5f00000|100%|HC|  |TAMS 0x00000000c5f00000, 0x00000000c5f00000| Complete 
|  31|0x00000000c5f00000, 0x00000000c6000000, 0x00000000c6000000|100%|HC|  |TAMS 0x00000000c6000000, 0x00000000c6000000| Complete 
|  32|0x00000000c6000000, 0x00000000c6100000, 0x00000000c6100000|100%|HC|  |TAMS 0x00000000c6100000, 0x00000000c6100000| Complete 
|  33|0x00000000c6100000, 0x00000000c6200000, 0x00000000c6200000|100%|HC|  |TAMS 0x00000000c6200000, 0x00000000c6200000| Complete 
|  34|0x00000000c6200000, 0x00000000c6300000, 0x00000000c6300000|100%|HC|  |TAMS 0x00000000c6300000, 0x00000000c6300000| Complete 
|  35|0x00000000c6300000, 0x00000000c6400000, 0x00000000c6400000|100%|HC|  |TAMS 0x00000000c6400000, 0x00000000c6400000| Complete 
|  36|0x00000000c6400000, 0x00000000c6500000, 0x00000000c6500000|100%|HC|  |TAMS 0x00000000c6500000, 0x00000000c6500000| Complete 
|  37|0x00000000c6500000, 0x00000000c6600000, 0x00000000c6600000|100%|HC|  |TAMS 0x00000000c6600000, 0x00000000c6600000| Complete 
|  38|0x00000000c6600000, 0x00000000c6700000, 0x00000000c6700000|100%|HC|  |TAMS 0x00000000c6700000, 0x00000000c6700000| Complete 
|  39|0x00000000c6700000, 0x00000000c6800000, 0x00000000c6800000|100%|HC|  |TAMS 0x00000000c6800000, 0x00000000c6800000| Complete 
|  40|0x00000000c6800000, 0x00000000c6900000, 0x00000000c6900000|100%|HC|  |TAMS 0x00000000c6900000, 0x00000000c6900000| Complete 
|  41|0x00000000c6900000, 0x00000000c6a00000, 0x00000000c6a00000|100%|HC|  |TAMS 0x00000000c6a00000, 0x00000000c6a00000| Complete 
|  42|0x00000000c6a00000, 0x00000000c6b00000, 0x00000000c6b00000|100%|HC|  |TAMS 0x00000000c6b00000, 0x00000000c6b00000| Complete 
|  43|0x00000000c6b00000, 0x00000000c6c00000, 0x00000000c6c00000|100%|HC|  |TAMS 0x00000000c6c00000, 0x00000000c6c00000| Complete 
|  44|0x00000000c6c00000, 0x00000000c6d00000, 0x00000000c6d00000|100%|HC|  |TAMS 0x00000000c6d00000, 0x00000000c6d00000| Complete 
|  45|0x00000000c6d00000, 0x00000000c6e00000, 0x00000000c6e00000|100%|HC|  |TAMS 0x00000000c6e00000, 0x00000000c6e00000| Complete 
|  46|0x00000000c6e00000, 0x00000000c6f00000, 0x00000000c6f00000|100%|HC|  |TAMS 0x00000000c6f00000, 0x00000000c6f00000| Complete 
|  47|0x00000000c6f00000, 0x00000000c7000000, 0x00000000c7000000|100%|HC|  |TAMS 0x00000000c7000000, 0x00000000c7000000| Complete 
|  48|0x00000000c7000000, 0x00000000c7100000, 0x00000000c7100000|100%|HC|  |TAMS 0x00000000c7100000, 0x00000000c7100000| Complete 
|  49|0x00000000c7100000, 0x00000000c7200000, 0x00000000c7200000|100%|HC|  |TAMS 0x00000000c7200000, 0x00000000c7200000| Complete 
|  50|0x00000000c7200000, 0x00000000c7300000, 0x00000000c7300000|100%| O|  |TAMS 0x00000000c7300000, 0x00000000c7300000| Untracked 
|  51|0x00000000c7300000, 0x00000000c7300000, 0x00000000c7400000|  0%| F|  |TAMS 0x00000000c7300000, 0x00000000c7300000| Untracked 
|  52|0x00000000c7400000, 0x00000000c7500000, 0x00000000c7500000|100%| O|  |TAMS 0x00000000c7500000, 0x00000000c7500000| Untracked 
|  53|0x00000000c7500000, 0x00000000c7600000, 0x00000000c7600000|100%| O|  |TAMS 0x00000000c7600000, 0x00000000c7600000| Untracked 
|  54|0x00000000c7600000, 0x00000000c7700000, 0x00000000c7700000|100%| O|  |TAMS 0x00000000c761bc00, 0x00000000c7700000| Untracked 
|  55|0x00000000c7700000, 0x00000000c7800000, 0x00000000c7800000|100%|HS|  |TAMS 0x00000000c7700000, 0x00000000c7800000| Complete 
|  56|0x00000000c7800000, 0x00000000c7900000, 0x00000000c7900000|100%|HC|  |TAMS 0x00000000c7800000, 0x00000000c7900000| Complete 
|  57|0x00000000c7900000, 0x00000000c7a00000, 0x00000000c7a00000|100%|HS|  |TAMS 0x00000000c7900000, 0x00000000c7a00000| Complete 
|  58|0x00000000c7a00000, 0x00000000c7b00000, 0x00000000c7b00000|100%|HC|  |TAMS 0x00000000c7a00000, 0x00000000c7b00000| Complete 
|  59|0x00000000c7b00000, 0x00000000c7c00000, 0x00000000c7c00000|100%|HC|  |TAMS 0x00000000c7b00000, 0x00000000c7c00000| Complete 
|  60|0x00000000c7c00000, 0x00000000c7d00000, 0x00000000c7d00000|100%|HC|  |TAMS 0x00000000c7c00000, 0x00000000c7d00000| Complete 
|  61|0x00000000c7d00000, 0x00000000c7e00000, 0x00000000c7e00000|100%|HC|  |TAMS 0x00000000c7d00000, 0x00000000c7e00000| Complete 
|  62|0x00000000c7e00000, 0x00000000c7f00000, 0x00000000c7f00000|100%|HS|  |TAMS 0x00000000c7e00000, 0x00000000c7f00000| Complete 
|  63|0x00000000c7f00000, 0x00000000c8000000, 0x00000000c8000000|100%|HC|  |TAMS 0x00000000c7f00000, 0x00000000c8000000| Complete 
|  64|0x00000000c8000000, 0x00000000c8100000, 0x00000000c8100000|100%|HS|  |TAMS 0x00000000c8000000, 0x00000000c8100000| Complete 
|  65|0x00000000c8100000, 0x00000000c8200000, 0x00000000c8200000|100%|HC|  |TAMS 0x00000000c8100000, 0x00000000c8200000| Complete 
|  66|0x00000000c8200000, 0x00000000c8300000, 0x00000000c8300000|100%|HC|  |TAMS 0x00000000c8200000, 0x00000000c8300000| Complete 
|  67|0x00000000c8300000, 0x00000000c8400000, 0x00000000c8400000|100%|HC|  |TAMS 0x00000000c8300000, 0x00000000c8400000| Complete 
|  68|0x00000000c8400000, 0x00000000c8500000, 0x00000000c8500000|100%|HC|  |TAMS 0x00000000c8400000, 0x00000000c8500000| Complete 
|  69|0x00000000c8500000, 0x00000000c8500000, 0x00000000c8600000|  0%| F|  |TAMS 0x00000000c8500000, 0x00000000c8500000| Untracked 
|  70|0x00000000c8600000, 0x00000000c8600000, 0x00000000c8700000|  0%| F|  |TAMS 0x00000000c8600000, 0x00000000c8600000| Untracked 
|  71|0x00000000c8700000, 0x00000000c8800000, 0x00000000c8800000|100%|HS|  |TAMS 0x00000000c8700000, 0x00000000c8800000| Complete 
|  72|0x00000000c8800000, 0x00000000c8900000, 0x00000000c8900000|100%|HC|  |TAMS 0x00000000c8800000, 0x00000000c8900000| Complete 
|  73|0x00000000c8900000, 0x00000000c8a00000, 0x00000000c8a00000|100%|HC|  |TAMS 0x00000000c8900000, 0x00000000c8a00000| Complete 
|  74|0x00000000c8a00000, 0x00000000c8b00000, 0x00000000c8b00000|100%|HC|  |TAMS 0x00000000c8a00000, 0x00000000c8b00000| Complete 
|  75|0x00000000c8b00000, 0x00000000c8c00000, 0x00000000c8c00000|100%|HC|  |TAMS 0x00000000c8b00000, 0x00000000c8c00000| Complete 
|  76|0x00000000c8c00000, 0x00000000c8c00000, 0x00000000c8d00000|  0%| F|  |TAMS 0x00000000c8c00000, 0x00000000c8c00000| Untracked 
|  77|0x00000000c8d00000, 0x00000000c8d00000, 0x00000000c8e00000|  0%| F|  |TAMS 0x00000000c8d00000, 0x00000000c8d00000| Untracked 
|  78|0x00000000c8e00000, 0x00000000c8f00000, 0x00000000c8f00000|100%| O|  |TAMS 0x00000000c8e00000, 0x00000000c8f00000| Untracked 
|  79|0x00000000c8f00000, 0x00000000c8fb2e00, 0x00000000c9000000| 69%| O|  |TAMS 0x00000000c8f00000, 0x00000000c8fb2e00| Untracked 
|  80|0x00000000c9000000, 0x00000000c9000000, 0x00000000c9100000|  0%| F|  |TAMS 0x00000000c9000000, 0x00000000c9000000| Untracked 
|  81|0x00000000c9100000, 0x00000000c9100000, 0x00000000c9200000|  0%| F|  |TAMS 0x00000000c9100000, 0x00000000c9100000| Untracked 
|  82|0x00000000c9200000, 0x00000000c9300000, 0x00000000c9300000|100%|HS|  |TAMS 0x00000000c9200000, 0x00000000c9300000| Complete 
|  83|0x00000000c9300000, 0x00000000c9400000, 0x00000000c9400000|100%|HC|  |TAMS 0x00000000c9300000, 0x00000000c9400000| Complete 
|  84|0x00000000c9400000, 0x00000000c9500000, 0x00000000c9500000|100%|HC|  |TAMS 0x00000000c9400000, 0x00000000c9500000| Complete 
|  85|0x00000000c9500000, 0x00000000c9600000, 0x00000000c9600000|100%|HC|  |TAMS 0x00000000c9500000, 0x00000000c9600000| Complete 
|  86|0x00000000c9600000, 0x00000000c9700000, 0x00000000c9700000|100%|HC|  |TAMS 0x00000000c9600000, 0x00000000c9700000| Complete 
|  87|0x00000000c9700000, 0x00000000c9800000, 0x00000000c9800000|100%|HS|  |TAMS 0x00000000c9700000, 0x00000000c9800000| Complete 
|  88|0x00000000c9800000, 0x00000000c9900000, 0x00000000c9900000|100%|HC|  |TAMS 0x00000000c9800000, 0x00000000c9900000| Complete 
|  89|0x00000000c9900000, 0x00000000c9a00000, 0x00000000c9a00000|100%|HC|  |TAMS 0x00000000c9900000, 0x00000000c9a00000| Complete 
|  90|0x00000000c9a00000, 0x00000000c9b00000, 0x00000000c9b00000|100%|HC|  |TAMS 0x00000000c9a00000, 0x00000000c9b00000| Complete 
|  91|0x00000000c9b00000, 0x00000000c9c00000, 0x00000000c9c00000|100%|HC|  |TAMS 0x00000000c9b00000, 0x00000000c9c00000| Complete 
|  92|0x00000000c9c00000, 0x00000000c9c095d0, 0x00000000c9d00000|  3%| S|CS|TAMS 0x00000000c9c00000, 0x00000000c9c00000| Complete 
|  93|0x00000000c9d00000, 0x00000000c9d00000, 0x00000000c9e00000|  0%| F|  |TAMS 0x00000000c9d00000, 0x00000000c9d00000| Untracked 
|  94|0x00000000c9e00000, 0x00000000c9e00000, 0x00000000c9f00000|  0%| F|  |TAMS 0x00000000c9e00000, 0x00000000c9e00000| Untracked 

Card table byte_map: [0x000001db49e70000,0x000001db4a050000] _byte_map_base: 0x000001db49850000

Marking Bits (Prev, Next): (CMBitMap*) 0x000001db37611b60, (CMBitMap*) 0x000001db37611ba0
 Prev Bits: [0x000001db4a230000, 0x000001db4b130000)
 Next Bits: [0x000001db4b130000, 0x000001db4c030000)

Polling page: 0x000001db36d90000

Metaspace:

Usage:
  Non-class:     21.86 MB used.
      Class:      3.17 MB used.
       Both:     25.03 MB used.

Virtual space:
  Non-class space:       64.00 MB reserved,      22.00 MB ( 34%) committed,  1 nodes.
      Class space:        1.00 GB reserved,       3.31 MB ( <1%) committed,  1 nodes.
             Both:        1.06 GB reserved,      25.31 MB (  2%) committed. 

Chunk freelists:
   Non-Class:  9.36 MB
       Class:  12.52 MB
        Both:  21.88 MB

MaxMetaspaceSize: unlimited
CompressedClassSpaceSize: 1.00 GB
Initial GC threshold: 21.00 MB
Current GC threshold: 36.25 MB
CDS: off
MetaspaceReclaimPolicy: balanced
 - commit_granule_bytes: 65536.
 - commit_granule_words: 8192.
 - virtual_space_node_default_size: 8388608.
 - enlarge_chunks_in_place: 1.
 - new_chunks_are_fully_committed: 0.
 - uncommit_free_chunks: 1.
 - use_allocation_guard: 0.
 - handle_deallocations: 1.


Internal statistics:

num_allocs_failed_limit: 0.
num_arena_births: 170.
num_arena_deaths: 0.
num_vsnodes_births: 2.
num_vsnodes_deaths: 0.
num_space_committed: 405.
num_space_uncommitted: 0.
num_chunks_returned_to_freelist: 0.
num_chunks_taken_from_freelist: 751.
num_chunk_merges: 0.
num_chunk_splits: 544.
num_chunks_enlarged: 445.
num_inconsistent_stats: 0.

CodeHeap 'non-profiled nmethods': size=120000Kb used=960Kb max_used=960Kb free=119039Kb
 bounds [0x000001db42760000, 0x000001db429d0000, 0x000001db49c90000]
CodeHeap 'profiled nmethods': size=120000Kb used=4966Kb max_used=4966Kb free=115033Kb
 bounds [0x000001db3ac90000, 0x000001db3b170000, 0x000001db421c0000]
CodeHeap 'non-nmethods': size=5760Kb used=1463Kb max_used=1503Kb free=4296Kb
 bounds [0x000001db421c0000, 0x000001db42430000, 0x000001db42760000]
 total_blobs=3590 nmethods=2769 adapters=733
 compilation: enabled
              stopped_count=0, restarted_count=0
 full_count=0

Compilation events (20 events):
Event: 30.382 Thread 0x000001db4e6c9f20 2763       3       com.sun.javafx.iio.gif.GIFImageLoader2$LZWDecoder::readData (52 bytes)
Event: 30.383 Thread 0x000001db4e6c9f20 nmethod 2763 0x000001db3b164e10 code [0x000001db3b165000, 0x000001db3b1654b8]
Event: 30.386 Thread 0x000001db4e67ec90 nmethod 2758 0x000001db4284bd90 code [0x000001db4284bf60, 0x000001db4284c688]
Event: 30.386 Thread 0x000001db4e67ec90 2764 %     4       com.sun.javafx.iio.gif.GIFImageLoader2::decodeImage @ 26 (161 bytes)
Event: 30.398 Thread 0x000001db4e6c9f20 2765 %     3       com.sun.javafx.iio.gif.GIFImageLoader2::decodePalette @ 66 (290 bytes)
Event: 30.400 Thread 0x000001db4e6c9f20 nmethod 2765% 0x000001db3b165710 code [0x000001db3b1659a0, 0x000001db3b166b98]
Event: 30.400 Thread 0x000001db4e6c9f20 2766       3       com.sun.javafx.iio.gif.GIFImageLoader2::decodePalette (290 bytes)
Event: 30.400 Thread 0x000001db4e6c9f20 nmethod 2766 0x000001db3b167410 code [0x000001db3b1676a0, 0x000001db3b168558]
Event: 30.404 Thread 0x000001db4e67ec90 nmethod 2764% 0x000001db4284cb90 code [0x000001db4284cd80, 0x000001db4284de08]
Event: 30.404 Thread 0x000001db4e67ec90 2767 %     4       com.sun.javafx.iio.gif.GIFImageLoader2::decodePalette @ 66 (290 bytes)
Event: 30.416 Thread 0x000001db4e67ec90 nmethod 2767% 0x000001db4284e910 code [0x000001db4284eaa0, 0x000001db4284f2b8]
Event: 30.416 Thread 0x000001db4e67ec90 2761 %     4       com.sun.javafx.iio.gif.GIFImageLoader2$LZWDecoder::initTable @ 52 (114 bytes)
Event: 30.425 Thread 0x000001db4e67ec90 nmethod 2761% 0x000001db4284f710 code [0x000001db4284f8c0, 0x000001db4284fc38]
Event: 30.425 Thread 0x000001db4e67ec90 2768       4       com.sun.javafx.iio.gif.GIFImageLoader2::decodeImage (161 bytes)
Event: 30.449 Thread 0x000001db4e6c9f20 2770       3       jdk.internal.misc.InnocuousThread::eraseThreadLocals (23 bytes)
Event: 30.449 Thread 0x000001db4e6c9f20 nmethod 2770 0x000001db3b168d90 code [0x000001db3b168f20, 0x000001db3b169118]
Event: 30.449 Thread 0x000001db4e6c9f20 2771       3       java.lang.invoke.MethodHandleNatives$CallSiteContext::run (5 bytes)
Event: 30.449 Thread 0x000001db4e6c9f20 nmethod 2771 0x000001db3b169190 code [0x000001db3b169320, 0x000001db3b169448]
Event: 30.453 Thread 0x000001db4e6c9f20 2773       3       com.sun.javafx.iio.gif.GIFImageLoader2::readByte (22 bytes)
Event: 30.453 Thread 0x000001db4e6c9f20 nmethod 2773 0x000001db3b169510 code [0x000001db3b1696c0, 0x000001db3b169998]

GC Heap History (20 events):
Event: 1.649 GC heap after
{Heap after GC invocations=1 (full 0):
 garbage-first heap   total 61440K, used 1608K [0x00000000c4000000, 0x0000000100000000)
  region size 1024K, 2 young (2048K), 2 survivors (2048K)
 Metaspace       used 9081K, committed 9280K, reserved 1114112K
  class space    used 860K, committed 960K, reserved 1048576K
}
Event: 2.260 GC heap before
{Heap before GC invocations=1 (full 0):
 garbage-first heap   total 61440K, used 19016K [0x00000000c4000000, 0x0000000100000000)
  region size 1024K, 20 young (20480K), 2 survivors (2048K)
 Metaspace       used 16265K, committed 16448K, reserved 1114112K
  class space    used 1693K, committed 1792K, reserved 1048576K
}
Event: 2.264 GC heap after
{Heap after GC invocations=2 (full 0):
 garbage-first heap   total 61440K, used 4091K [0x00000000c4000000, 0x0000000100000000)
  region size 1024K, 3 young (3072K), 3 survivors (3072K)
 Metaspace       used 16265K, committed 16448K, reserved 1114112K
  class space    used 1693K, committed 1792K, reserved 1048576K
}
Event: 2.334 GC heap before
{Heap before GC invocations=2 (full 0):
 garbage-first heap   total 61440K, used 11259K [0x00000000c4000000, 0x0000000100000000)
  region size 1024K, 5 young (5120K), 3 survivors (3072K)
 Metaspace       used 16530K, committed 16768K, reserved 1114112K
  class space    used 1748K, committed 1856K, reserved 1048576K
}
Event: 2.337 GC heap after
{Heap after GC invocations=3 (full 0):
 garbage-first heap   total 61440K, used 10997K [0x00000000c4000000, 0x0000000100000000)
  region size 1024K, 3 young (3072K), 3 survivors (3072K)
 Metaspace       used 16530K, committed 16768K, reserved 1114112K
  class space    used 1748K, committed 1856K, reserved 1048576K
}
Event: 3.210 GC heap before
{Heap before GC invocations=3 (full 0):
 garbage-first heap   total 61440K, used 55029K [0x00000000c4000000, 0x0000000100000000)
  region size 1024K, 6 young (6144K), 3 survivors (3072K)
 Metaspace       used 17308K, committed 17536K, reserved 1114112K
  class space    used 1839K, committed 1984K, reserved 1048576K
}
Event: 3.212 GC heap after
{Heap after GC invocations=4 (full 0):
 garbage-first heap   total 61440K, used 53572K [0x00000000c4000000, 0x0000000100000000)
  region size 1024K, 1 young (1024K), 1 survivors (1024K)
 Metaspace       used 17308K, committed 17536K, reserved 1114112K
  class space    used 1839K, committed 1984K, reserved 1048576K
}
Event: 3.249 GC heap before
{Heap before GC invocations=4 (full 0):
 garbage-first heap   total 61440K, used 55620K [0x00000000c4000000, 0x0000000100000000)
  region size 1024K, 3 young (3072K), 1 survivors (1024K)
 Metaspace       used 17901K, committed 18112K, reserved 1114112K
  class space    used 1938K, committed 2048K, reserved 1048576K
}
Event: 3.250 GC heap after
{Heap after GC invocations=5 (full 0):
 garbage-first heap   total 61440K, used 53782K [0x00000000c4000000, 0x0000000100000000)
  region size 1024K, 1 young (1024K), 1 survivors (1024K)
 Metaspace       used 17901K, committed 18112K, reserved 1114112K
  class space    used 1938K, committed 2048K, reserved 1048576K
}
Event: 3.281 GC heap before
{Heap before GC invocations=6 (full 0):
 garbage-first heap   total 92160K, used 55830K [0x00000000c4000000, 0x0000000100000000)
  region size 1024K, 3 young (3072K), 1 survivors (1024K)
 Metaspace       used 18082K, committed 18368K, reserved 1114112K
  class space    used 1983K, committed 2112K, reserved 1048576K
}
Event: 3.282 GC heap after
{Heap after GC invocations=7 (full 0):
 garbage-first heap   total 92160K, used 54374K [0x00000000c4000000, 0x0000000100000000)
  region size 1024K, 1 young (1024K), 1 survivors (1024K)
 Metaspace       used 18082K, committed 18368K, reserved 1114112K
  class space    used 1983K, committed 2112K, reserved 1048576K
}
Event: 3.329 GC heap before
{Heap before GC invocations=7 (full 0):
 garbage-first heap   total 92160K, used 56422K [0x00000000c4000000, 0x0000000100000000)
  region size 1024K, 4 young (4096K), 1 survivors (1024K)
 Metaspace       used 18456K, committed 18752K, reserved 1114112K
  class space    used 2061K, committed 2240K, reserved 1048576K
}
Event: 3.331 GC heap after
{Heap after GC invocations=8 (full 0):
 garbage-first heap   total 92160K, used 55407K [0x00000000c4000000, 0x0000000100000000)
  region size 1024K, 1 young (1024K), 1 survivors (1024K)
 Metaspace       used 18456K, committed 18752K, reserved 1114112K
  class space    used 2061K, committed 2240K, reserved 1048576K
}
Event: 3.793 GC heap before
{Heap before GC invocations=8 (full 0):
 garbage-first heap   total 92160K, used 68719K [0x00000000c4000000, 0x0000000100000000)
  region size 1024K, 14 young (14336K), 1 survivors (1024K)
 Metaspace       used 22078K, committed 22272K, reserved 1114112K
  class space    used 2867K, committed 2944K, reserved 1048576K
}
Event: 3.796 GC heap after
{Heap after GC invocations=9 (full 0):
 garbage-first heap   total 92160K, used 56217K [0x00000000c4000000, 0x0000000100000000)
  region size 1024K, 2 young (2048K), 2 survivors (2048K)
 Metaspace       used 22078K, committed 22272K, reserved 1114112K
  class space    used 2867K, committed 2944K, reserved 1048576K
}
Event: 30.430 GC heap before
{Heap before GC invocations=10 (full 0):
 garbage-first heap   total 97280K, used 83865K [0x00000000c4000000, 0x0000000100000000)
  region size 1024K, 15 young (15360K), 2 survivors (2048K)
 Metaspace       used 25627K, committed 25920K, reserved 1114112K
  class space    used 3244K, committed 3392K, reserved 1048576K
}
Event: 30.448 GC heap after
{Heap after GC invocations=11 (full 0):
 garbage-first heap   total 97280K, used 71446K [0x00000000c4000000, 0x0000000100000000)
  region size 1024K, 2 young (2048K), 2 survivors (2048K)
 Metaspace       used 25627K, committed 25920K, reserved 1114112K
  class space    used 3244K, committed 3392K, reserved 1048576K
}
Event: 30.484 GC heap before
{Heap before GC invocations=11 (full 0):
 garbage-first heap   total 97280K, used 90902K [0x00000000c4000000, 0x0000000100000000)
  region size 1024K, 3 young (3072K), 2 survivors (2048K)
 Metaspace       used 25628K, committed 25920K, reserved 1114112K
  class space    used 3244K, committed 3392K, reserved 1048576K
}
Event: 30.494 GC heap after
{Heap after GC invocations=12 (full 0):
 garbage-first heap   total 97280K, used 84758K [0x00000000c4000000, 0x0000000100000000)
  region size 1024K, 1 young (1024K), 1 survivors (1024K)
 Metaspace       used 25628K, committed 25920K, reserved 1114112K
  class space    used 3244K, committed 3392K, reserved 1048576K
}
Event: 30.505 GC heap before
{Heap before GC invocations=12 (full 0):
 garbage-first heap   total 97280K, used 86806K [0x00000000c4000000, 0x0000000100000000)
  region size 1024K, 2 young (2048K), 1 survivors (1024K)
 Metaspace       used 25628K, committed 25920K, reserved 1114112K
  class space    used 3244K, committed 3392K, reserved 1048576K
}

Dll operation events (20 events):
Event: 1.397 Loaded shared library C:\Users\sabah\OneDrive\Desktop\Intro To Human-Computer Interaction\Lab\javafx jars\javafx-sdk-21.0.1\bin\api-ms-win-crt-math-l1-1-0.dll
Event: 1.400 Loaded shared library C:\Users\sabah\OneDrive\Desktop\Intro To Human-Computer Interaction\Lab\javafx jars\javafx-sdk-21.0.1\bin\api-ms-win-crt-multibyte-l1-1-0.dll
Event: 1.403 Loaded shared library C:\Users\sabah\OneDrive\Desktop\Intro To Human-Computer Interaction\Lab\javafx jars\javafx-sdk-21.0.1\bin\api-ms-win-crt-private-l1-1-0.dll
Event: 1.407 Loaded shared library C:\Users\sabah\OneDrive\Desktop\Intro To Human-Computer Interaction\Lab\javafx jars\javafx-sdk-21.0.1\bin\api-ms-win-crt-process-l1-1-0.dll
Event: 1.410 Loaded shared library C:\Users\sabah\OneDrive\Desktop\Intro To Human-Computer Interaction\Lab\javafx jars\javafx-sdk-21.0.1\bin\api-ms-win-crt-runtime-l1-1-0.dll
Event: 1.413 Loaded shared library C:\Users\sabah\OneDrive\Desktop\Intro To Human-Computer Interaction\Lab\javafx jars\javafx-sdk-21.0.1\bin\api-ms-win-crt-stdio-l1-1-0.dll
Event: 1.415 Loaded shared library C:\Users\sabah\OneDrive\Desktop\Intro To Human-Computer Interaction\Lab\javafx jars\javafx-sdk-21.0.1\bin\api-ms-win-crt-string-l1-1-0.dll
Event: 1.418 Loaded shared library C:\Users\sabah\OneDrive\Desktop\Intro To Human-Computer Interaction\Lab\javafx jars\javafx-sdk-21.0.1\bin\api-ms-win-crt-time-l1-1-0.dll
Event: 1.422 Loaded shared library C:\Users\sabah\OneDrive\Desktop\Intro To Human-Computer Interaction\Lab\javafx jars\javafx-sdk-21.0.1\bin\api-ms-win-crt-utility-l1-1-0.dll
Event: 1.428 Loaded shared library C:\Users\sabah\OneDrive\Desktop\Intro To Human-Computer Interaction\Lab\javafx jars\javafx-sdk-21.0.1\bin\ucrtbase.dll
Event: 1.438 Loaded shared library C:\Users\sabah\OneDrive\Desktop\Intro To Human-Computer Interaction\Lab\javafx jars\javafx-sdk-21.0.1\bin\vcruntime140.dll
Event: 1.441 Loaded shared library C:\Users\sabah\OneDrive\Desktop\Intro To Human-Computer Interaction\Lab\javafx jars\javafx-sdk-21.0.1\bin\vcruntime140_1.dll
Event: 1.450 Loaded shared library C:\Users\sabah\OneDrive\Desktop\Intro To Human-Computer Interaction\Lab\javafx jars\javafx-sdk-21.0.1\bin\msvcp140.dll
Event: 1.456 Loaded shared library C:\Users\sabah\OneDrive\Desktop\Intro To Human-Computer Interaction\Lab\javafx jars\javafx-sdk-21.0.1\bin\msvcp140_1.dll
Event: 1.466 Loaded shared library C:\Users\sabah\OneDrive\Desktop\Intro To Human-Computer Interaction\Lab\javafx jars\javafx-sdk-21.0.1\bin\msvcp140_2.dll
Event: 1.525 Loaded shared library C:\Users\sabah\OneDrive\Desktop\Intro To Human-Computer Interaction\Lab\javafx jars\javafx-sdk-21.0.1\bin\prism_d3d.dll
Event: 1.664 Loaded shared library C:\Users\sabah\OneDrive\Desktop\Intro To Human-Computer Interaction\Lab\javafx jars\javafx-sdk-21.0.1\bin\glass.dll
Event: 1.869 Loaded shared library C:\Users\sabah\.p2\pool\plugins\org.eclipse.justj.openjdk.hotspot.jre.full.win32.x86_64_17.0.8.v20230831-1047\jre\bin\jimage.dll
Event: 2.296 Loaded shared library C:\Users\sabah\OneDrive\Desktop\Intro To Human-Computer Interaction\Lab\javafx jars\javafx-sdk-21.0.1\bin\javafx_iio.dll
Event: 3.053 Loaded shared library C:\Users\sabah\OneDrive\Desktop\Intro To Human-Computer Interaction\Lab\javafx jars\javafx-sdk-21.0.1\bin\javafx_font.dll

Deoptimization events (20 events):
Event: 18.946 Thread 0x000001db5379fe40 DEOPT PACKING pc=0x000001db42772a18 sp=0x00000048522fcdf0
Event: 18.946 Thread 0x000001db5379fe40 DEOPT UNPACKING pc=0x000001db4221a1a3 sp=0x00000048522fcd48 mode 2
Event: 27.236 Thread 0x000001db5379fe40 Uncommon trap: trap_request=0xffffff45 fr.pc=0x000001db4282efdc relative=0x000000000000005c
Event: 27.236 Thread 0x000001db5379fe40 Uncommon trap: reason=unstable_if action=reinterpret pc=0x000001db4282efdc method=javafx.scene.Node.updateLocalToParentTransform()V @ 4 c2
Event: 27.236 Thread 0x000001db5379fe40 DEOPT PACKING pc=0x000001db4282efdc sp=0x00000048522fd300
Event: 27.236 Thread 0x000001db5379fe40 DEOPT UNPACKING pc=0x000001db4221a1a3 sp=0x00000048522fd250 mode 2
Event: 27.334 Thread 0x000001db5379fe40 Uncommon trap: trap_request=0xffffff45 fr.pc=0x000001db427eb25c relative=0x000000000000005c
Event: 27.334 Thread 0x000001db5379fe40 Uncommon trap: reason=unstable_if action=reinterpret pc=0x000001db427eb25c method=java.util.Objects.equals(Ljava/lang/Object;Ljava/lang/Object;)Z @ 6 c2
Event: 27.334 Thread 0x000001db5379fe40 DEOPT PACKING pc=0x000001db427eb25c sp=0x00000048522fdfb0
Event: 27.334 Thread 0x000001db5379fe40 DEOPT UNPACKING pc=0x000001db4221a1a3 sp=0x00000048522fdf50 mode 2
Event: 30.377 Thread 0x000001db5379fe40 Uncommon trap: trap_request=0xffffff45 fr.pc=0x000001db4284b000 relative=0x00000000000005c0
Event: 30.377 Thread 0x000001db5379fe40 Uncommon trap: reason=unstable_if action=reinterpret pc=0x000001db4284b000 method=com.sun.javafx.iio.gif.GIFImageLoader2$LZWDecoder.readString()I @ 20 c2
Event: 30.377 Thread 0x000001db5379fe40 DEOPT PACKING pc=0x000001db4284b000 sp=0x00000048522fd010
Event: 30.377 Thread 0x000001db5379fe40 DEOPT UNPACKING pc=0x000001db4221a1a3 sp=0x00000048522fcfa8 mode 2
Event: 30.421 Thread 0x000001db5379fe40 DEOPT PACKING pc=0x000001db3b163bd6 sp=0x00000048522fd010
Event: 30.421 Thread 0x000001db5379fe40 DEOPT UNPACKING pc=0x000001db4221ace3 sp=0x00000048522fc530 mode 0
Event: 30.425 Thread 0x000001db5379fe40 Uncommon trap: trap_request=0xffffff45 fr.pc=0x000001db4284dcb4 relative=0x0000000000000f34
Event: 30.425 Thread 0x000001db5379fe40 Uncommon trap: reason=unstable_if action=reinterpret pc=0x000001db4284dcb4 method=com.sun.javafx.iio.gif.GIFImageLoader2.decodeImage([BII[I)V @ 120 c2
Event: 30.425 Thread 0x000001db5379fe40 DEOPT PACKING pc=0x000001db4284dcb4 sp=0x00000048522fd050
Event: 30.425 Thread 0x000001db5379fe40 DEOPT UNPACKING pc=0x000001db4221a1a3 sp=0x00000048522fd030 mode 2

Classes unloaded (0 events):
No events

Classes redefined (0 events):
No events

Internal exceptions (20 events):
Event: 3.328 Thread 0x000001db5379fe40 Exception <a 'java/lang/NoSuchMethodError'{0x00000000c96f3880}: 'java.lang.Object java.lang.invoke.DirectMethodHandle$Holder.invokeSpecial(java.lang.Object, java.lang.Object, java.lang.Object, java.lang.Object, java.lang.Object, java.lang.Object, java.lang.Object, java.lang.Object, java.lang.Object, java.lang.Object)'> (0x00000000c96f3880) 
thrown [s\src\hotspot\share\interpreter\linkResolver.cpp, line 759]
Event: 3.328 Thread 0x000001db5379fe40 Exception <a 'java/lang/NoSuchMethodError'{0x00000000c96f7ba0}: 'java.lang.Object java.lang.invoke.Invokers$Holder.linkToTargetMethod(java.lang.Object, java.lang.Object, java.lang.Object, java.lang.Object, java.lang.Object, java.lang.Object, java.lang.Object, java.lang.Object, java.lang.Object)'> (0x00000000c96f7ba0) 
thrown [s\src\hotspot\share\interpreter\linkResolver.cpp, line 759]
Event: 3.366 Thread 0x000001db5379fe40 Exception <a 'sun/nio/fs/WindowsException'{0x00000000c98a3f20}> (0x00000000c98a3f20) 
thrown [s\src\hotspot\share\prims\jni.cpp, line 516]
Event: 3.378 Thread 0x000001db5379fe40 Implicit null exception at 0x000001db42785a58 to 0x000001db42785aea
Event: 3.381 Thread 0x000001db5379fe40 Implicit null exception at 0x000001db427d9d8d to 0x000001db427da33c
Event: 3.381 Thread 0x000001db5379fe40 Implicit null exception at 0x000001db427d4d8d to 0x000001db427d5338
Event: 3.381 Thread 0x000001db5379fe40 Implicit null exception at 0x000001db4278540f to 0x000001db42785485
Event: 3.565 Thread 0x000001db5379fe40 Exception <a 'java/lang/ClassNotFoundException'{0x00000000c91d0420}: com/sun/javafx/scene/control/skin/resources/controls> (0x00000000c91d0420) 
thrown [s\src\hotspot\share\prims\jni.cpp, line 535]
Event: 3.565 Thread 0x000001db5379fe40 Exception <a 'java/lang/ClassNotFoundException'{0x00000000c91de850}: com/sun/javafx/scene/control/skin/resources/controls_en> (0x00000000c91de850) 
thrown [s\src\hotspot\share\prims\jni.cpp, line 535]
Event: 3.566 Thread 0x000001db5379fe40 Exception <a 'java/lang/ClassNotFoundException'{0x00000000c91df7e8}: com/sun/javafx/scene/control/skin/resources/controls_en_US> (0x00000000c91df7e8) 
thrown [s\src\hotspot\share\prims\jni.cpp, line 535]
Event: 3.697 Thread 0x000001db5379fe40 Exception <a 'java/lang/NoSuchMethodError'{0x00000000c8fadd50}: 'void java.lang.invoke.DirectMethodHandle$Holder.invokeSpecial(java.lang.Object, java.lang.Object, java.lang.Object, java.lang.Object, java.lang.Object, java.lang.Object)'> (0x00000000c8fadd50) 
thrown [s\src\hotspot\share\interpreter\linkResolver.cpp, line 759]
Event: 3.713 Thread 0x000001db5379fe40 Exception <a 'java/lang/NoSuchMethodError'{0x00000000c8fcea78}: 'java.lang.Object java.lang.invoke.DirectMethodHandle$Holder.invokeInterface(java.lang.Object, java.lang.Object, java.lang.Object)'> (0x00000000c8fcea78) 
thrown [s\src\hotspot\share\interpreter\linkResolver.cpp, line 759]
Event: 3.714 Thread 0x000001db5379fe40 Exception <a 'java/lang/IncompatibleClassChangeError'{0x00000000c8fd2140}: Found class java.lang.Object, but interface was expected> (0x00000000c8fd2140) 
thrown [s\src\hotspot\share\interpreter\linkResolver.cpp, line 826]
Event: 3.812 Thread 0x000001db5379fe40 Exception <a 'java/lang/NoSuchMethodError'{0x00000000c991c998}: 'java.lang.Object java.lang.invoke.DirectMethodHandle$Holder.newInvokeSpecial(java.lang.Object, java.lang.Object, int)'> (0x00000000c991c998) 
thrown [s\src\hotspot\share\interpreter\linkResolver.cpp, line 759]
Event: 3.978 Thread 0x000001db5379fe40 Exception <a 'java/lang/NoSuchMethodError'{0x00000000c9e39b30}: 'long java.lang.invoke.DirectMethodHandle$Holder.invokeStatic(java.lang.Object, java.lang.Object, java.lang.Object)'> (0x00000000c9e39b30) 
thrown [s\src\hotspot\share\interpreter\linkResolver.cpp, line 759]
Event: 3.983 Thread 0x000001db5379fe40 Exception <a 'java/lang/NoSuchMethodError'{0x00000000c9e3d2d8}: 'long java.lang.invoke.DirectMethodHandle$Holder.invokeStaticInit(java.lang.Object, java.lang.Object, java.lang.Object)'> (0x00000000c9e3d2d8) 
thrown [s\src\hotspot\share\interpreter\linkResolver.cpp, line 759]
Event: 4.000 Thread 0x000001db5379fe40 Exception <a 'java/lang/NoSuchMethodError'{0x00000000c9e54ed8}: 'java.lang.Object java.lang.invoke.DirectMethodHandle$Holder.newInvokeSpecial(java.lang.Object, java.lang.Object, long)'> (0x00000000c9e54ed8) 
thrown [s\src\hotspot\share\interpreter\linkResolver.cpp, line 759]
Event: 4.000 Thread 0x000001db5379fe40 Exception <a 'java/lang/NoSuchMethodError'{0x00000000c9e58a48}: 'java.lang.Object java.lang.invoke.Invokers$Holder.linkToTargetMethod(java.lang.Object, long, java.lang.Object)'> (0x00000000c9e58a48) 
thrown [s\src\hotspot\share\interpreter\linkResolver.cpp, line 759]
Event: 4.016 Thread 0x000001db4ea43680 Exception <a 'java/lang/NoSuchMethodError'{0x00000000c9e67528}: 'int java.lang.invoke.DirectMethodHandle$Holder.invokeStaticInit(java.lang.Object, java.lang.Object)'> (0x00000000c9e67528) 
thrown [s\src\hotspot\share\interpreter\linkResolver.cpp, line 759]
Event: 27.212 Thread 0x000001db5379fe40 Exception <a 'java/lang/NoSuchMethodError'{0x00000000c941aaf8}: 'void java.lang.invoke.DirectMethodHandle$Holder.invokeStatic(java.lang.Object, java.lang.Object, java.lang.Object, java.lang.Object, java.lang.Object, java.lang.Object, java.lang.Object, java.lang.Object, java.lang.Object, java.lang.Object)'> (0x00000000c941aaf8) 
thrown [s\src\hotspot\share\interpreter\linkResolver.cpp, line 759]

VM Operations (20 events):
Event: 21.824 Executing VM operation: Cleanup done
Event: 22.824 Executing VM operation: Cleanup
Event: 22.824 Executing VM operation: Cleanup done
Event: 24.825 Executing VM operation: Cleanup
Event: 24.825 Executing VM operation: Cleanup done
Event: 25.825 Executing VM operation: Cleanup
Event: 25.825 Executing VM operation: Cleanup done
Event: 26.826 Executing VM operation: Cleanup
Event: 26.826 Executing VM operation: Cleanup done
Event: 27.284 Executing VM operation: HandshakeAllThreads
Event: 27.286 Executing VM operation: HandshakeAllThreads done
Event: 28.285 Executing VM operation: Cleanup
Event: 28.285 Executing VM operation: Cleanup done
Event: 30.286 Executing VM operation: Cleanup
Event: 30.286 Executing VM operation: Cleanup done
Event: 30.429 Executing VM operation: G1CollectForAllocation
Event: 30.448 Executing VM operation: G1CollectForAllocation done
Event: 30.484 Executing VM operation: G1CollectForAllocation
Event: 30.494 Executing VM operation: G1CollectForAllocation done
Event: 30.505 Executing VM operation: G1TryInitiateConcMark

Events (20 events):
Event: 27.121 loading class sun/util/locale/provider/LocaleServiceProviderPool$LocalizedObjectGetter done
Event: 27.121 loading class sun/util/locale/provider/CalendarDataUtility$CalendarWeekParameterGetter done
Event: 27.122 loading class sun/util/cldr/CLDRCalendarDataProviderImpl
Event: 27.122 loading class sun/util/locale/provider/CalendarDataProviderImpl
Event: 27.122 loading class sun/util/locale/provider/CalendarDataProviderImpl done
Event: 27.122 loading class sun/util/cldr/CLDRCalendarDataProviderImpl done
Event: 27.149 loading class sun/util/resources/cldr/CalendarData
Event: 27.149 loading class sun/util/resources/cldr/CalendarData done
Event: 27.150 loading class sun/util/calendar/Gregorian$Date
Event: 27.150 loading class sun/util/calendar/BaseCalendar$Date
Event: 27.151 loading class sun/util/calendar/CalendarDate
Event: 27.151 loading class sun/util/calendar/CalendarDate done
Event: 27.151 loading class sun/util/calendar/BaseCalendar$Date done
Event: 27.151 loading class sun/util/calendar/Gregorian$Date done
Event: 27.151 loading class sun/util/calendar/CalendarUtils
Event: 27.151 loading class sun/util/calendar/CalendarUtils done
Event: 27.154 loading class java/time/format/DateTimeParseException
Event: 27.154 loading class java/time/DateTimeException
Event: 27.155 loading class java/time/DateTimeException done
Event: 27.155 loading class java/time/format/DateTimeParseException done


Dynamic libraries:
0x00007ff69a8d0000 - 0x00007ff69a8de000 	C:\Users\sabah\.p2\pool\plugins\org.eclipse.justj.openjdk.hotspot.jre.full.win32.x86_64_17.0.8.v20230831-1047\jre\bin\javaw.exe
0x00007ffb63430000 - 0x00007ffb63647000 	C:\WINDOWS\SYSTEM32\ntdll.dll
0x00007ffb62d40000 - 0x00007ffb62e04000 	C:\WINDOWS\System32\KERNEL32.DLL
0x00007ffb60aa0000 - 0x00007ffb60e46000 	C:\WINDOWS\System32\KERNELBASE.dll
0x00007ffb60890000 - 0x00007ffb609a1000 	C:\WINDOWS\System32\ucrtbase.dll
0x00007ffb46f90000 - 0x00007ffb46fa9000 	C:\Users\sabah\.p2\pool\plugins\org.eclipse.justj.openjdk.hotspot.jre.full.win32.x86_64_17.0.8.v20230831-1047\jre\bin\VCRUNTIME140.dll
0x00007ffb48350000 - 0x00007ffb48367000 	C:\Users\sabah\.p2\pool\plugins\org.eclipse.justj.openjdk.hotspot.jre.full.win32.x86_64_17.0.8.v20230831-1047\jre\bin\jli.dll
0x00007ffb618f0000 - 0x00007ffb61a9e000 	C:\WINDOWS\System32\USER32.dll
0x00007ffb43690000 - 0x00007ffb43923000 	C:\WINDOWS\WinSxS\amd64_microsoft.windows.common-controls_6595b64144ccf1df_6.0.22621.2506_none_270c5ae97388e100\COMCTL32.dll
0x00007ffb609b0000 - 0x00007ffb609d6000 	C:\WINDOWS\System32\win32u.dll
0x00007ffb62190000 - 0x00007ffb621b9000 	C:\WINDOWS\System32\GDI32.dll
0x00007ffb63040000 - 0x00007ffb630e7000 	C:\WINDOWS\System32\msvcrt.dll
0x00007ffb60e50000 - 0x00007ffb60f68000 	C:\WINDOWS\System32\gdi32full.dll
0x00007ffb60f70000 - 0x00007ffb6100a000 	C:\WINDOWS\System32\msvcp_win.dll
0x00007ffb632b0000 - 0x00007ffb632e1000 	C:\WINDOWS\System32\IMM32.DLL
0x00007ffb484c0000 - 0x00007ffb484cc000 	C:\Users\sabah\.p2\pool\plugins\org.eclipse.justj.openjdk.hotspot.jre.full.win32.x86_64_17.0.8.v20230831-1047\jre\bin\vcruntime140_1.dll
0x00007ffb251e0000 - 0x00007ffb25271000 	C:\Users\sabah\.p2\pool\plugins\org.eclipse.justj.openjdk.hotspot.jre.full.win32.x86_64_17.0.8.v20230831-1047\jre\bin\msvcp140.dll
0x00007ffaeea10000 - 0x00007ffaef65c000 	C:\Users\sabah\.p2\pool\plugins\org.eclipse.justj.openjdk.hotspot.jre.full.win32.x86_64_17.0.8.v20230831-1047\jre\bin\server\jvm.dll
0x00007ffb62350000 - 0x00007ffb62401000 	C:\WINDOWS\System32\ADVAPI32.dll
0x00007ffb62c90000 - 0x00007ffb62d35000 	C:\WINDOWS\System32\sechost.dll
0x00007ffb62e40000 - 0x00007ffb62f57000 	C:\WINDOWS\System32\RPCRT4.dll
0x00007ffb558e0000 - 0x00007ffb55914000 	C:\WINDOWS\SYSTEM32\WINMM.dll
0x00007ffb4f0a0000 - 0x00007ffb4f0aa000 	C:\WINDOWS\SYSTEM32\VERSION.dll
0x00007ffb60670000 - 0x00007ffb606bd000 	C:\WINDOWS\SYSTEM32\POWRPROF.dll
0x00007ffb5c3e0000 - 0x00007ffb5c3e9000 	C:\WINDOWS\SYSTEM32\WSOCK32.dll
0x00007ffb62fc0000 - 0x00007ffb63031000 	C:\WINDOWS\System32\WS2_32.dll
0x00007ffb60650000 - 0x00007ffb60663000 	C:\WINDOWS\SYSTEM32\UMPDC.dll
0x00007ffb5f7a0000 - 0x00007ffb5f7b8000 	C:\WINDOWS\SYSTEM32\kernel.appcore.dll
0x00007ffb48330000 - 0x00007ffb4833a000 	C:\Users\sabah\.p2\pool\plugins\org.eclipse.justj.openjdk.hotspot.jre.full.win32.x86_64_17.0.8.v20230831-1047\jre\bin\jimage.dll
0x00007ffb5e020000 - 0x00007ffb5e253000 	C:\WINDOWS\SYSTEM32\DBGHELP.DLL
0x00007ffb61320000 - 0x00007ffb616a9000 	C:\WINDOWS\System32\combase.dll
0x00007ffb62270000 - 0x00007ffb62347000 	C:\WINDOWS\System32\OLEAUT32.dll
0x00007ffb3c200000 - 0x00007ffb3c232000 	C:\WINDOWS\SYSTEM32\dbgcore.DLL
0x00007ffb60810000 - 0x00007ffb6088a000 	C:\WINDOWS\System32\bcryptPrimitives.dll
0x00007ffb2c9a0000 - 0x00007ffb2c9c5000 	C:\Users\sabah\.p2\pool\plugins\org.eclipse.justj.openjdk.hotspot.jre.full.win32.x86_64_17.0.8.v20230831-1047\jre\bin\java.dll
0x00007ffb477e0000 - 0x00007ffb477f8000 	C:\Users\sabah\.p2\pool\plugins\org.eclipse.justj.openjdk.hotspot.jre.full.win32.x86_64_17.0.8.v20230831-1047\jre\bin\zip.dll
0x00007ffb62410000 - 0x00007ffb62c6a000 	C:\WINDOWS\System32\SHELL32.dll
0x00007ffb5e6c0000 - 0x00007ffb5efb6000 	C:\WINDOWS\SYSTEM32\windows.storage.dll
0x00007ffb5e580000 - 0x00007ffb5e6be000 	C:\WINDOWS\SYSTEM32\wintypes.dll
0x00007ffb63140000 - 0x00007ffb63233000 	C:\WINDOWS\System32\SHCORE.dll
0x00007ffb62f60000 - 0x00007ffb62fbe000 	C:\WINDOWS\System32\shlwapi.dll
0x00007ffb606d0000 - 0x00007ffb606f6000 	C:\WINDOWS\SYSTEM32\profapi.dll
0x00007ffb2c980000 - 0x00007ffb2c999000 	C:\Users\sabah\.p2\pool\plugins\org.eclipse.justj.openjdk.hotspot.jre.full.win32.x86_64_17.0.8.v20230831-1047\jre\bin\net.dll
0x00007ffb58630000 - 0x00007ffb58767000 	C:\WINDOWS\SYSTEM32\WINHTTP.dll
0x00007ffb5fc20000 - 0x00007ffb5fc89000 	C:\WINDOWS\system32\mswsock.dll
0x00007ffb2c960000 - 0x00007ffb2c975000 	C:\Users\sabah\.p2\pool\plugins\org.eclipse.justj.openjdk.hotspot.jre.full.win32.x86_64_17.0.8.v20230831-1047\jre\bin\nio.dll
0x000001db37520000 - 0x000001db37523000 	C:\Users\sabah\OneDrive\Desktop\Intro To Human-Computer Interaction\Lab\javafx jars\javafx-sdk-21.0.1\bin\api-ms-win-core-console-l1-1-0.dll
0x000001db37530000 - 0x000001db37533000 	C:\Users\sabah\OneDrive\Desktop\Intro To Human-Computer Interaction\Lab\javafx jars\javafx-sdk-21.0.1\bin\api-ms-win-core-console-l1-2-0.dll
0x000001db37540000 - 0x000001db37543000 	C:\Users\sabah\OneDrive\Desktop\Intro To Human-Computer Interaction\Lab\javafx jars\javafx-sdk-21.0.1\bin\api-ms-win-core-datetime-l1-1-0.dll
0x000001db37550000 - 0x000001db37553000 	C:\Users\sabah\OneDrive\Desktop\Intro To Human-Computer Interaction\Lab\javafx jars\javafx-sdk-21.0.1\bin\api-ms-win-core-debug-l1-1-0.dll
0x000001db37560000 - 0x000001db37563000 	C:\Users\sabah\OneDrive\Desktop\Intro To Human-Computer Interaction\Lab\javafx jars\javafx-sdk-21.0.1\bin\api-ms-win-core-errorhandling-l1-1-0.dll
0x000001db37570000 - 0x000001db37574000 	C:\Users\sabah\OneDrive\Desktop\Intro To Human-Computer Interaction\Lab\javafx jars\javafx-sdk-21.0.1\bin\api-ms-win-core-file-l1-1-0.dll
0x000001db37580000 - 0x000001db37583000 	C:\Users\sabah\OneDrive\Desktop\Intro To Human-Computer Interaction\Lab\javafx jars\javafx-sdk-21.0.1\bin\api-ms-win-core-file-l1-2-0.dll
0x000001db4ea70000 - 0x000001db4ea73000 	C:\Users\sabah\OneDrive\Desktop\Intro To Human-Computer Interaction\Lab\javafx jars\javafx-sdk-21.0.1\bin\api-ms-win-core-file-l2-1-0.dll
0x000001db4ea80000 - 0x000001db4ea83000 	C:\Users\sabah\OneDrive\Desktop\Intro To Human-Computer Interaction\Lab\javafx jars\javafx-sdk-21.0.1\bin\api-ms-win-core-handle-l1-1-0.dll
0x000001db4ea90000 - 0x000001db4ea93000 	C:\Users\sabah\OneDrive\Desktop\Intro To Human-Computer Interaction\Lab\javafx jars\javafx-sdk-21.0.1\bin\api-ms-win-core-heap-l1-1-0.dll
0x000001db4eaa0000 - 0x000001db4eaa3000 	C:\Users\sabah\OneDrive\Desktop\Intro To Human-Computer Interaction\Lab\javafx jars\javafx-sdk-21.0.1\bin\api-ms-win-core-interlocked-l1-1-0.dll
0x000001db4eab0000 - 0x000001db4eab3000 	C:\Users\sabah\OneDrive\Desktop\Intro To Human-Computer Interaction\Lab\javafx jars\javafx-sdk-21.0.1\bin\api-ms-win-core-libraryloader-l1-1-0.dll
0x000001db4eac0000 - 0x000001db4eac3000 	C:\Users\sabah\OneDrive\Desktop\Intro To Human-Computer Interaction\Lab\javafx jars\javafx-sdk-21.0.1\bin\api-ms-win-core-localization-l1-2-0.dll
0x000001db4ead0000 - 0x000001db4ead3000 	C:\Users\sabah\OneDrive\Desktop\Intro To Human-Computer Interaction\Lab\javafx jars\javafx-sdk-21.0.1\bin\api-ms-win-core-memory-l1-1-0.dll
0x000001db4eae0000 - 0x000001db4eae3000 	C:\Users\sabah\OneDrive\Desktop\Intro To Human-Computer Interaction\Lab\javafx jars\javafx-sdk-21.0.1\bin\api-ms-win-core-namedpipe-l1-1-0.dll
0x000001db4eaf0000 - 0x000001db4eaf3000 	C:\Users\sabah\OneDrive\Desktop\Intro To Human-Computer Interaction\Lab\javafx jars\javafx-sdk-21.0.1\bin\api-ms-win-core-processenvironment-l1-1-0.dll
0x000001db4eb00000 - 0x000001db4eb03000 	C:\Users\sabah\OneDrive\Desktop\Intro To Human-Computer Interaction\Lab\javafx jars\javafx-sdk-21.0.1\bin\api-ms-win-core-processthreads-l1-1-0.dll
0x000001db4eb10000 - 0x000001db4eb13000 	C:\Users\sabah\OneDrive\Desktop\Intro To Human-Computer Interaction\Lab\javafx jars\javafx-sdk-21.0.1\bin\api-ms-win-core-processthreads-l1-1-1.dll
0x000001db4eb20000 - 0x000001db4eb23000 	C:\Users\sabah\OneDrive\Desktop\Intro To Human-Computer Interaction\Lab\javafx jars\javafx-sdk-21.0.1\bin\api-ms-win-core-profile-l1-1-0.dll
0x000001db4eb30000 - 0x000001db4eb33000 	C:\Users\sabah\OneDrive\Desktop\Intro To Human-Computer Interaction\Lab\javafx jars\javafx-sdk-21.0.1\bin\api-ms-win-core-rtlsupport-l1-1-0.dll
0x000001db4eb40000 - 0x000001db4eb43000 	C:\Users\sabah\OneDrive\Desktop\Intro To Human-Computer Interaction\Lab\javafx jars\javafx-sdk-21.0.1\bin\api-ms-win-core-string-l1-1-0.dll
0x000001db4eb50000 - 0x000001db4eb53000 	C:\Users\sabah\OneDrive\Desktop\Intro To Human-Computer Interaction\Lab\javafx jars\javafx-sdk-21.0.1\bin\api-ms-win-core-synch-l1-1-0.dll
0x000001db4eb60000 - 0x000001db4eb63000 	C:\Users\sabah\OneDrive\Desktop\Intro To Human-Computer Interaction\Lab\javafx jars\javafx-sdk-21.0.1\bin\api-ms-win-core-synch-l1-2-0.dll
0x000001db4eb70000 - 0x000001db4eb73000 	C:\Users\sabah\OneDrive\Desktop\Intro To Human-Computer Interaction\Lab\javafx jars\javafx-sdk-21.0.1\bin\api-ms-win-core-sysinfo-l1-1-0.dll
0x000001db4eb80000 - 0x000001db4eb83000 	C:\Users\sabah\OneDrive\Desktop\Intro To Human-Computer Interaction\Lab\javafx jars\javafx-sdk-21.0.1\bin\api-ms-win-core-timezone-l1-1-0.dll
0x000001db4eb90000 - 0x000001db4eb93000 	C:\Users\sabah\OneDrive\Desktop\Intro To Human-Computer Interaction\Lab\javafx jars\javafx-sdk-21.0.1\bin\api-ms-win-core-util-l1-1-0.dll
0x000001db4eba0000 - 0x000001db4eba3000 	C:\Users\sabah\OneDrive\Desktop\Intro To Human-Computer Interaction\Lab\javafx jars\javafx-sdk-21.0.1\bin\api-ms-win-crt-conio-l1-1-0.dll
0x000001db4ebb0000 - 0x000001db4ebb4000 	C:\Users\sabah\OneDrive\Desktop\Intro To Human-Computer Interaction\Lab\javafx jars\javafx-sdk-21.0.1\bin\api-ms-win-crt-convert-l1-1-0.dll
0x000001db4ebc0000 - 0x000001db4ebc3000 	C:\Users\sabah\OneDrive\Desktop\Intro To Human-Computer Interaction\Lab\javafx jars\javafx-sdk-21.0.1\bin\api-ms-win-crt-environment-l1-1-0.dll
0x000001db4ebd0000 - 0x000001db4ebd3000 	C:\Users\sabah\OneDrive\Desktop\Intro To Human-Computer Interaction\Lab\javafx jars\javafx-sdk-21.0.1\bin\api-ms-win-crt-filesystem-l1-1-0.dll
0x000001db4ebe0000 - 0x000001db4ebe3000 	C:\Users\sabah\OneDrive\Desktop\Intro To Human-Computer Interaction\Lab\javafx jars\javafx-sdk-21.0.1\bin\api-ms-win-crt-heap-l1-1-0.dll
0x000001db4ebf0000 - 0x000001db4ebf3000 	C:\Users\sabah\OneDrive\Desktop\Intro To Human-Computer Interaction\Lab\javafx jars\javafx-sdk-21.0.1\bin\api-ms-win-crt-locale-l1-1-0.dll
0x000001db4ec00000 - 0x000001db4ec05000 	C:\Users\sabah\OneDrive\Desktop\Intro To Human-Computer Interaction\Lab\javafx jars\javafx-sdk-21.0.1\bin\api-ms-win-crt-math-l1-1-0.dll
0x000001db4ec10000 - 0x000001db4ec15000 	C:\Users\sabah\OneDrive\Desktop\Intro To Human-Computer Interaction\Lab\javafx jars\javafx-sdk-21.0.1\bin\api-ms-win-crt-multibyte-l1-1-0.dll
0x000001db4ec20000 - 0x000001db4ec30000 	C:\Users\sabah\OneDrive\Desktop\Intro To Human-Computer Interaction\Lab\javafx jars\javafx-sdk-21.0.1\bin\api-ms-win-crt-private-l1-1-0.dll
0x000001db4ec30000 - 0x000001db4ec33000 	C:\Users\sabah\OneDrive\Desktop\Intro To Human-Computer Interaction\Lab\javafx jars\javafx-sdk-21.0.1\bin\api-ms-win-crt-process-l1-1-0.dll
0x000001db4ec40000 - 0x000001db4ec44000 	C:\Users\sabah\OneDrive\Desktop\Intro To Human-Computer Interaction\Lab\javafx jars\javafx-sdk-21.0.1\bin\api-ms-win-crt-runtime-l1-1-0.dll
0x000001db4ec50000 - 0x000001db4ec54000 	C:\Users\sabah\OneDrive\Desktop\Intro To Human-Computer Interaction\Lab\javafx jars\javafx-sdk-21.0.1\bin\api-ms-win-crt-stdio-l1-1-0.dll
0x000001db4ec60000 - 0x000001db4ec64000 	C:\Users\sabah\OneDrive\Desktop\Intro To Human-Computer Interaction\Lab\javafx jars\javafx-sdk-21.0.1\bin\api-ms-win-crt-string-l1-1-0.dll
0x000001db4ec70000 - 0x000001db4ec73000 	C:\Users\sabah\OneDrive\Desktop\Intro To Human-Computer Interaction\Lab\javafx jars\javafx-sdk-21.0.1\bin\api-ms-win-crt-time-l1-1-0.dll
0x000001db4ec80000 - 0x000001db4ec83000 	C:\Users\sabah\OneDrive\Desktop\Intro To Human-Computer Interaction\Lab\javafx jars\javafx-sdk-21.0.1\bin\api-ms-win-crt-utility-l1-1-0.dll
0x00007ffb11a80000 - 0x00007ffb11b7c000 	C:\Users\sabah\OneDrive\Desktop\Intro To Human-Computer Interaction\Lab\javafx jars\javafx-sdk-21.0.1\bin\ucrtbase.dll
0x00007ffb3d770000 - 0x00007ffb3d78b000 	C:\Users\sabah\OneDrive\Desktop\Intro To Human-Computer Interaction\Lab\javafx jars\javafx-sdk-21.0.1\bin\vcruntime140.dll
0x00007ffb48340000 - 0x00007ffb4834c000 	C:\Users\sabah\OneDrive\Desktop\Intro To Human-Computer Interaction\Lab\javafx jars\javafx-sdk-21.0.1\bin\vcruntime140_1.dll
0x00007ffb13440000 - 0x00007ffb134ce000 	C:\Users\sabah\OneDrive\Desktop\Intro To Human-Computer Interaction\Lab\javafx jars\javafx-sdk-21.0.1\bin\msvcp140.dll
0x00007ffb61180000 - 0x00007ffb61320000 	C:\WINDOWS\System32\ole32.dll
0x00007ffb47a00000 - 0x00007ffb47a09000 	C:\Users\sabah\OneDrive\Desktop\Intro To Human-Computer Interaction\Lab\javafx jars\javafx-sdk-21.0.1\bin\msvcp140_1.dll
0x00007ffb251b0000 - 0x00007ffb251df000 	C:\Users\sabah\OneDrive\Desktop\Intro To Human-Computer Interaction\Lab\javafx jars\javafx-sdk-21.0.1\bin\msvcp140_2.dll
0x00007ffb25180000 - 0x00007ffb251af000 	C:\Users\sabah\OneDrive\Desktop\Intro To Human-Computer Interaction\Lab\javafx jars\javafx-sdk-21.0.1\bin\prism_d3d.dll
0x00007ffb0f4e0000 - 0x00007ffb0f689000 	C:\WINDOWS\system32\d3d9.dll
0x00007ffb5db70000 - 0x00007ffb5db9b000 	C:\WINDOWS\SYSTEM32\dwmapi.dll
0x00007ffb5d930000 - 0x00007ffb5d966000 	C:\WINDOWS\SYSTEM32\dxcore.dll
0x00007ffb5d830000 - 0x00007ffb5d8db000 	C:\WINDOWS\system32\uxtheme.dll
0x00007ffb0f2a0000 - 0x00007ffb0f4d8000 	C:\WINDOWS\System32\DriverStore\FileRepository\iigd_dch.inf_amd64_7f680e39d88878f3\igdumdim64.dll
0x00007ffb0df30000 - 0x00007ffb0f2a0000 	C:\WINDOWS\System32\DriverStore\FileRepository\iigd_dch.inf_amd64_7f680e39d88878f3\igd9dxva64.dll
0x00007ffb61c60000 - 0x00007ffb620d4000 	C:\WINDOWS\System32\SETUPAPI.dll
0x00007ffb60380000 - 0x00007ffb603ce000 	C:\WINDOWS\SYSTEM32\cfgmgr32.dll
0x00007ffb09120000 - 0x00007ffb0ae41000 	C:\WINDOWS\System32\DriverStore\FileRepository\iigd_dch.inf_amd64_7f680e39d88878f3\media_bin_64.dll
0x00007ffb52f50000 - 0x00007ffb53388000 	C:\WINDOWS\System32\DriverStore\FileRepository\iigd_dch.inf_amd64_7f680e39d88878f3\igdgmm64.dll
0x00007ffb587b0000 - 0x00007ffb587fa000 	C:\WINDOWS\SYSTEM32\directxdatabasehelper.dll
0x00007ffb1f250000 - 0x00007ffb1f292000 	C:\Users\sabah\OneDrive\Desktop\Intro To Human-Computer Interaction\Lab\javafx jars\javafx-sdk-21.0.1\bin\glass.dll
0x00007ffb632f0000 - 0x00007ffb633e9000 	C:\WINDOWS\System32\COMDLG32.dll
0x00007ffb61740000 - 0x00007ffb61890000 	C:\WINDOWS\System32\MSCTF.dll
0x00007ffb27950000 - 0x00007ffb27977000 	C:\WINDOWS\System32\DriverStore\FileRepository\iigd_dch.inf_amd64_7f680e39d88878f3\igdinfo64.dll
0x00007ffb4ae60000 - 0x00007ffb4ed0d000 	C:\WINDOWS\System32\DriverStore\FileRepository\iigd_dch.inf_amd64_7f680e39d88878f3\igc64.dll
0x00007ffb5f290000 - 0x00007ffb5f389000 	C:\WINDOWS\SYSTEM32\DNSAPI.dll
0x00007ffb5f260000 - 0x00007ffb5f28d000 	C:\WINDOWS\SYSTEM32\IPHLPAPI.DLL
0x00007ffb621c0000 - 0x00007ffb621c9000 	C:\WINDOWS\System32\NSI.dll
0x00007ffb53480000 - 0x00007ffb5348a000 	C:\Windows\System32\rasadhlp.dll
0x00007ffb533d0000 - 0x00007ffb53453000 	C:\WINDOWS\System32\fwpuclnt.dll
0x00007ffb13340000 - 0x00007ffb1336d000 	C:\Users\sabah\OneDrive\Desktop\Intro To Human-Computer Interaction\Lab\javafx jars\javafx-sdk-21.0.1\bin\javafx_iio.dll
0x00007ffb2ca10000 - 0x00007ffb2ca24000 	C:\Users\sabah\OneDrive\Desktop\Intro To Human-Computer Interaction\Lab\javafx jars\javafx-sdk-21.0.1\bin\javafx_font.dll
0x00007ffb5c0c0000 - 0x00007ffb5c333000 	C:\WINDOWS\SYSTEM32\dwrite.dll
0x00007ffb620e0000 - 0x00007ffb62190000 	C:\WINDOWS\System32\clbcatq.dll
0x00007ffb5b8a0000 - 0x00007ffb5ba50000 	C:\WINDOWS\SYSTEM32\WindowsCodecs.dll
0x00007ffb2ed90000 - 0x00007ffb2edee000 	C:\WINDOWS\system32\dataexchange.dll
0x00007ffb56280000 - 0x00007ffb56505000 	C:\WINDOWS\system32\twinapi.appcore.dll
0x00007ffb11c60000 - 0x00007ffb11c92000 	C:\Program Files\Common Files\Microsoft Shared\Ink\rtscom.dll
0x00007ffb46920000 - 0x00007ffb46a6a000 	C:\WINDOWS\SYSTEM32\textinputframework.dll
0x00007ffb5d090000 - 0x00007ffb5d1c3000 	C:\WINDOWS\SYSTEM32\CoreMessaging.dll
0x00007ffb57f20000 - 0x00007ffb5828c000 	C:\WINDOWS\SYSTEM32\CoreUIComponents.dll
0x00007ffb5fe90000 - 0x00007ffb5fe9c000 	C:\WINDOWS\SYSTEM32\CRYPTBASE.DLL

dbghelp: loaded successfully - version: 4.0.5 - missing functions: none
symbol engine: initialized successfully - sym options: 0x614 - pdb path: .;C:\Users\sabah\.p2\pool\plugins\org.eclipse.justj.openjdk.hotspot.jre.full.win32.x86_64_17.0.8.v20230831-1047\jre\bin;C:\WINDOWS\SYSTEM32;C:\WINDOWS\WinSxS\amd64_microsoft.windows.common-controls_6595b64144ccf1df_6.0.22621.2506_none_270c5ae97388e100;C:\Users\sabah\.p2\pool\plugins\org.eclipse.justj.openjdk.hotspot.jre.full.win32.x86_64_17.0.8.v20230831-1047\jre\bin\server;C:\Users\sabah\OneDrive\Desktop\Intro To Human-Computer Interaction\Lab\javafx jars\javafx-sdk-21.0.1\bin;C:\WINDOWS\System32\DriverStore\FileRepository\iigd_dch.inf_amd64_7f680e39d88878f3;C:\Program Files\Common Files\Microsoft Shared\Ink

VM Arguments:
jvm_args: -Dfile.encoding=UTF-8 -Dstdout.encoding=UTF-8 -Dstderr.encoding=UTF-8 --module-path=C:\Users\sabah\OneDrive\Desktop\Games - HCI Project\Games\bin;C:\Users\sabah\.p2\pool\plugins\org.eclipse.fx.ide.css.jfx8_3.8.0.202204150904.jar;C:\Users\sabah\OneDrive\Desktop\Intro To Human-Computer Interaction\Lab\javafx jars\javafx-sdk-21.0.1\lib\javafx.base.jar;C:\Users\sabah\OneDrive\Desktop\Intro To Human-Computer Interaction\Lab\javafx jars\javafx-sdk-21.0.1\lib\javafx.controls.jar;C:\Users\sabah\OneDrive\Desktop\Intro To Human-Computer Interaction\Lab\javafx jars\javafx-sdk-21.0.1\lib\javafx.fxml.jar;C:\Users\sabah\OneDrive\Desktop\Intro To Human-Computer Interaction\Lab\javafx jars\javafx-sdk-21.0.1\lib\javafx.graphics.jar;C:\Users\sabah\OneDrive\Desktop\Intro To Human-Computer Interaction\Lab\javafx jars\javafx-sdk-21.0.1\lib\javafx.media.jar;C:\Users\sabah\OneDrive\Desktop\Intro To Human-Computer Interaction\Lab\javafx jars\javafx-sdk-21.0.1\lib\javafx.swing.jar;C:\Users\sabah\OneDrive\Desktop\Intro To Human-Computer Interaction\Lab\javafx jars\javafx-sdk-21.0.1\lib\javafx.web.jar;C:\Users\sabah\OneDrive\Desktop\Intro To Human-Computer Interaction\Lab\javafx jars\javafx-sdk-21.0.1\lib\javafx-swt.jar;C:\Users\sabah\OneDrive\Desktop\Intro To Human-Computer Interaction\Lab\mysql connector\mysql-connector-j-8.2.0.jar -XX:+ShowCodeDetailsInExceptionMessages -Djdk.module.main=Games 
java_command: Games/application.LogIn
java_class_path (initial): <not set>
Launcher Type: SUN_STANDARD

[Global flags]
     intx CICompilerCount                          = 3                                         {product} {ergonomic}
     uint ConcGCThreads                            = 1                                         {product} {ergonomic}
     uint G1ConcRefinementThreads                  = 4                                         {product} {ergonomic}
   size_t G1HeapRegionSize                         = 1048576                                   {product} {ergonomic}
    uintx GCDrainStackTargetSize                   = 64                                        {product} {ergonomic}
   size_t InitialHeapSize                          = 62914560                                  {product} {ergonomic}
   size_t MarkStackSize                            = 4194304                                   {product} {ergonomic}
   size_t MaxHeapSize                              = 1006632960                                {product} {ergonomic}
   size_t MaxNewSize                               = 603979776                                 {product} {ergonomic}
   size_t MinHeapDeltaBytes                        = 1048576                                   {product} {ergonomic}
   size_t MinHeapSize                              = 8388608                                   {product} {ergonomic}
    uintx NonNMethodCodeHeapSize                   = 5832780                                {pd product} {ergonomic}
    uintx NonProfiledCodeHeapSize                  = 122912730                              {pd product} {ergonomic}
    uintx ProfiledCodeHeapSize                     = 122912730                              {pd product} {ergonomic}
    uintx ReservedCodeCacheSize                    = 251658240                              {pd product} {ergonomic}
     bool SegmentedCodeCache                       = true                                      {product} {ergonomic}
     bool ShowCodeDetailsInExceptionMessages       = true                                   {manageable} {command line}
   size_t SoftMaxHeapSize                          = 1006632960                             {manageable} {ergonomic}
     bool UseCompressedClassPointers               = true                           {product lp64_product} {ergonomic}
     bool UseCompressedOops                        = true                           {product lp64_product} {ergonomic}
     bool UseG1GC                                  = true                                      {product} {ergonomic}
     bool UseLargePagesIndividualAllocation        = false                                  {pd product} {ergonomic}

Logging:
Log output configuration:
 #0: stdout all=warning uptime,level,tags
 #1: stderr all=off uptime,level,tags

Environment Variables:
PATH=C:/Users/sabah/.p2/pool/plugins/org.eclipse.justj.openjdk.hotspot.jre.full.win32.x86_64_17.0.8.v20230831-1047/jre/bin/server;C:/Users/sabah/.p2/pool/plugins/org.eclipse.justj.openjdk.hotspot.jre.full.win32.x86_64_17.0.8.v20230831-1047/jre/bin;C:\Program Files\Common Files\Oracle\Java\javapath;C:\Program Files (x86)\Common Files\Oracle\Java\javapath;C:\WINDOWS\system32;C:\WINDOWS;C:\WINDOWS\System32\Wbem;C:\WINDOWS\System32\WindowsPowerShell\v1.0\;C:\WINDOWS\System32\OpenSSH\;C:\Program Files\Microsoft SQL Server\150\Tools\Binn\;C:\Program Files\Microsoft SQL Server\Client SDK\ODBC\170\Tools\Binn\;C:\Program Files\dotnet\;C:\Program Files (x86)\Windows Kits\10\Windows Performance Toolkit\;C:\Program Files\Java\jdk-21\bin;C:\Users\sabah\AppData\Local\Microsoft\WindowsApps;C:\Users\sabah\.dotnet\tools;C:\Users\sabah\OneDrive\Desktop;
USERNAME=sabah
OS=Windows_NT
PROCESSOR_IDENTIFIER=Intel64 Family 6 Model 140 Stepping 1, GenuineIntel
TMP=C:\Users\sabah\AppData\Local\Temp
TEMP=C:\Users\sabah\AppData\Local\Temp



---------------  S Y S T E M  ---------------

OS:
 Windows 11 , 64 bit Build 22621 (10.0.22621.2506)
OS uptime: 5 days 9:00 hours

CPU: total 4 (initial active 4) (2 cores per cpu, 2 threads per core) family 6 model 140 stepping 1 microcode 0xac, cx8, cmov, fxsr, ht, mmx, 3dnowpref, sse, sse2, sse3, ssse3, sse4.1, sse4.2, popcnt, lzcnt, tsc, tscinvbit, avx, avx2, aes, erms, clmul, bmi1, bmi2, adx, avx512f, avx512dq, avx512cd, avx512bw, avx512vl, sha, fma, vzeroupper, avx512_vpopcntdq, avx512_vpclmulqdq, avx512_vaes, avx512_vnni, clflush, clflushopt, clwb, avx512_vbmi2, avx512_vbmi
Processor Information for all 4 processors :
  Max Mhz: 2995, Current Mhz: 2995, Mhz Limit: 2995

Memory: 4k page, system-wide physical 3836M (64M free)
TotalPageFile size 15610M (AvailPageFile size 72M)
current process WorkingSet (physical memory assigned to process): 119M, peak: 240M
current process commit charge ("private bytes"): 491M, peak: 585M

vm_info: OpenJDK 64-Bit Server VM (17.0.8.1+1) for windows-amd64 JRE (17.0.8.1+1), built on Aug 23 2023 15:29:17 by "admin" with MS VC++ 16.7 (VS2019)

END.
