#
# There is insufficient memory for the Java Runtime Environment to continue.
# Native memory allocation (mmap) failed to map 26214400 bytes for G1 virtual space
# Possible reasons:
#   The system is out of physical RAM or swap space
#   The process is running with CompressedOops enabled, and the Java Heap may be blocking the growth of the native heap
# Possible solutions:
#   Reduce memory load on the system
#   Increase physical memory or swap space
#   Check if swap backing store is full
#   Decrease Java heap size (-Xmx/-Xms)
#   Decrease number of Java threads
#   Decrease Java thread stack sizes (-Xss)
#   Set larger code cache with -XX:ReservedCodeCacheSize=
#   JVM is running with Unscaled Compressed Oops mode in which the Java heap is
#     placed in the first 4GB address space. The Java Heap base address is the
#     maximum limit for the native heap growth. Please use -XX:HeapBaseMinAddress
#     to set the Java Heap base and to place the Java Heap above 4GB virtual address.
# This output file may be truncated or incomplete.
#
#  Out of Memory Error (os_windows.cpp:3617), pid=19200, tid=13816
#
# JRE version: OpenJDK Runtime Environment Temurin-17.0.8.1+1 (17.0.8.1+1) (build 17.0.8.1+1)
# Java VM: OpenJDK 64-Bit Server VM Temurin-17.0.8.1+1 (17.0.8.1+1, mixed mode, tiered, compressed oops, compressed class ptrs, g1 gc, windows-amd64)
# No core dump will be written. Minidumps are not enabled by default on client versions of Windows
#

---------------  S U M M A R Y ------------

Command Line: -Dfile.encoding=UTF-8 -Dstdout.encoding=UTF-8 -Dstderr.encoding=UTF-8 --module-path=C:\Users\sabah\OneDrive\Desktop\Games - HCI Project\Games\bin;C:\Users\sabah\.p2\pool\plugins\org.eclipse.fx.ide.css.jfx8_3.8.0.202204150904.jar;C:\Users\sabah\OneDrive\Desktop\Intro To Human-Computer Interaction\Lab\javafx jars\javafx-sdk-21.0.1\lib\javafx.base.jar;C:\Users\sabah\OneDrive\Desktop\Intro To Human-Computer Interaction\Lab\javafx jars\javafx-sdk-21.0.1\lib\javafx.controls.jar;C:\Users\sabah\OneDrive\Desktop\Intro To Human-Computer Interaction\Lab\javafx jars\javafx-sdk-21.0.1\lib\javafx.fxml.jar;C:\Users\sabah\OneDrive\Desktop\Intro To Human-Computer Interaction\Lab\javafx jars\javafx-sdk-21.0.1\lib\javafx.graphics.jar;C:\Users\sabah\OneDrive\Desktop\Intro To Human-Computer Interaction\Lab\javafx jars\javafx-sdk-21.0.1\lib\javafx.media.jar;C:\Users\sabah\OneDrive\Desktop\Intro To Human-Computer Interaction\Lab\javafx jars\javafx-sdk-21.0.1\lib\javafx.swing.jar;C:\Users\sabah\OneDrive\Desktop\Intro To Human-Computer Interaction\Lab\javafx jars\javafx-sdk-21.0.1\lib\javafx.web.jar;C:\Users\sabah\OneDrive\Desktop\Intro To Human-Computer Interaction\Lab\javafx jars\javafx-sdk-21.0.1\lib\javafx-swt.jar;C:\Users\sabah\OneDrive\Desktop\Intro To Human-Computer Interaction\Lab\mysql connector\mysql-connector-j-8.2.0.jar -XX:+ShowCodeDetailsInExceptionMessages -Djdk.module.main=Games Games/application.LogIn

Host: 11th Gen Intel(R) Core(TM) i3-1115G4 @ 3.00GHz, 4 cores, 3G,  Windows 11 , 64 bit Build 22621 (10.0.22621.2506)
Time: Wed Dec 20 18:07:14 2023 Middle East Standard Time elapsed time: 16.143853 seconds (0d 0h 0m 16s)

---------------  T H R E A D  ---------------

Current thread (0x0000026a743ad630):  VMThread "VM Thread" [stack: 0x00000074bc300000,0x00000074bc400000] [id=13816]

Stack: [0x00000074bc300000,0x00000074bc400000]
Native frames: (J=compiled Java code, j=interpreted, Vv=VM code, C=native code)
V  [jvm.dll+0x678b0a]
V  [jvm.dll+0x835e84]
V  [jvm.dll+0x83762e]
V  [jvm.dll+0x837c93]
V  [jvm.dll+0x24746f]
V  [jvm.dll+0x675859]
V  [jvm.dll+0x66a0ea]
V  [jvm.dll+0x306c7b]
V  [jvm.dll+0x30e166]
V  [jvm.dll+0x35dd3e]
V  [jvm.dll+0x35df6f]
V  [jvm.dll+0x2ddb48]
V  [jvm.dll+0x2e0bd6]
V  [jvm.dll+0x2eb2a8]
V  [jvm.dll+0x31f3a0]
V  [jvm.dll+0x83c15b]
V  [jvm.dll+0x83ce94]
V  [jvm.dll+0x83d3ac]
V  [jvm.dll+0x83d784]
V  [jvm.dll+0x83d850]
V  [jvm.dll+0x7e64ca]
V  [jvm.dll+0x677955]
C  [ucrtbase.dll+0x29363]
C  [KERNEL32.DLL+0x1257d]
C  [ntdll.dll+0x5aa58]

VM_Operation (0x00000074bbfffb00): G1PauseRemark, mode: safepoint, requested by thread 0x0000026a5d5b9890


---------------  P R O C E S S  ---------------

Threads class SMR info:
_java_thread_list=0x0000026a7e7a3920, length=20, elements={
0x0000026a5b35beb0, 0x0000026a743d4430, 0x0000026a743d4ff0, 0x0000026a743be460,
0x0000026a743fa010, 0x0000026a743fcbe0, 0x0000026a743ff6b0, 0x0000026a74401370,
0x0000026a7442dfb0, 0x0000026a74574060, 0x0000026a74609350, 0x0000026a747e7e10,
0x0000026a791f6670, 0x0000026a7475ee90, 0x0000026a79353550, 0x0000026a7967fa50,
0x0000026a79597b70, 0x0000026a796a7ed0, 0x0000026a796a6fa0, 0x0000026a796a8e00
}

Java Threads: ( => current thread )
  0x0000026a5b35beb0 JavaThread "main" [_thread_blocked, id=15148, stack(0x00000074bbd00000,0x00000074bbe00000)]
  0x0000026a743d4430 JavaThread "Reference Handler" daemon [_thread_blocked, id=17304, stack(0x00000074bc400000,0x00000074bc500000)]
  0x0000026a743d4ff0 JavaThread "Finalizer" daemon [_thread_blocked, id=7532, stack(0x00000074bc500000,0x00000074bc600000)]
  0x0000026a743be460 JavaThread "Signal Dispatcher" daemon [_thread_blocked, id=16208, stack(0x00000074bc600000,0x00000074bc700000)]
  0x0000026a743fa010 JavaThread "Attach Listener" daemon [_thread_blocked, id=19016, stack(0x00000074bc700000,0x00000074bc800000)]
  0x0000026a743fcbe0 JavaThread "Service Thread" daemon [_thread_blocked, id=12828, stack(0x00000074bc800000,0x00000074bc900000)]
  0x0000026a743ff6b0 JavaThread "Monitor Deflation Thread" daemon [_thread_blocked, id=9520, stack(0x00000074bc900000,0x00000074bca00000)]
  0x0000026a74401370 JavaThread "C2 CompilerThread0" daemon [_thread_blocked, id=13504, stack(0x00000074bca00000,0x00000074bcb00000)]
  0x0000026a7442dfb0 JavaThread "C1 CompilerThread0" daemon [_thread_blocked, id=17588, stack(0x00000074bcb00000,0x00000074bcc00000)]
  0x0000026a74574060 JavaThread "Sweeper thread" daemon [_thread_blocked, id=9624, stack(0x00000074bcc00000,0x00000074bcd00000)]
  0x0000026a74609350 JavaThread "Common-Cleaner" daemon [_thread_blocked, id=2560, stack(0x00000074bcd00000,0x00000074bce00000)]
  0x0000026a747e7e10 JavaThread "Notification Thread" daemon [_thread_blocked, id=8876, stack(0x00000074bce00000,0x00000074bcf00000)]
  0x0000026a791f6670 JavaThread "QuantumRenderer-0" daemon [_thread_blocked, id=3484, stack(0x00000074bd000000,0x00000074bd100000)]
  0x0000026a7475ee90 JavaThread "InvokeLaterDispatcher" daemon [_thread_blocked, id=16048, stack(0x00000074bd400000,0x00000074bd500000)]
  0x0000026a79353550 JavaThread "JavaFX Application Thread" [_thread_blocked, id=18048, stack(0x00000074bd500000,0x00000074bd600000)]
  0x0000026a7967fa50 JavaThread "Thread-1" daemon [_thread_blocked, id=18532, stack(0x00000074bd900000,0x00000074bda00000)]
  0x0000026a79597b70 JavaThread "JavaFX-Launcher" [_thread_blocked, id=17984, stack(0x00000074bda00000,0x00000074bdb00000)]
  0x0000026a796a7ed0 JavaThread "mysql-cj-abandoned-connection-cleanup" daemon [_thread_blocked, id=2012, stack(0x00000074bdb00000,0x00000074bdc00000)]
  0x0000026a796a6fa0 JavaThread "Prism Font Disposer" daemon [_thread_blocked, id=11132, stack(0x00000074bdd00000,0x00000074bde00000)]
  0x0000026a796a8e00 JavaThread "Cleaner-0" daemon [_thread_blocked, id=14168, stack(0x00000074be000000,0x00000074be100000)]

Other Threads:
=>0x0000026a743ad630 VMThread "VM Thread" [stack: 0x00000074bc300000,0x00000074bc400000] [id=13816]
  0x0000026a748c81b0 WatcherThread [stack: 0x00000074bcf00000,0x00000074bd000000] [id=6420]
  0x0000026a5d5b1140 GCTaskThread "GC Thread#0" [stack: 0x00000074bbe00000,0x00000074bbf00000] [id=14968]
  0x0000026a79379cd0 GCTaskThread "GC Thread#1" [stack: 0x00000074bd100000,0x00000074bd200000] [id=9104]
  0x0000026a7935eff0 GCTaskThread "GC Thread#2" [stack: 0x00000074bd200000,0x00000074bd300000] [id=18996]
  0x0000026a7935f2b0 GCTaskThread "GC Thread#3" [stack: 0x00000074bd300000,0x00000074bd400000] [id=14720]
  0x0000026a5d5b9890 ConcurrentGCThread "G1 Main Marker" [stack: 0x00000074bbf00000,0x00000074bc000000] [id=14188]
  0x0000026a5d5baa40 ConcurrentGCThread "G1 Conc#0" [stack: 0x00000074bc000000,0x00000074bc100000] [id=14400]
  0x0000026a5d5f5560 ConcurrentGCThread "G1 Refine#0" [stack: 0x00000074bc100000,0x00000074bc200000] [id=15380]
  0x0000026a7eaf64a0 ConcurrentGCThread "G1 Refine#1" [stack: 0x00000074be300000,0x00000074be400000] [id=14092]
  0x0000026a7eaf6790 ConcurrentGCThread "G1 Refine#2" [stack: 0x00000074be400000,0x00000074be500000] [id=16568]
  0x0000026a7eaf6a80 ConcurrentGCThread "G1 Refine#3" [stack: 0x00000074be500000,0x00000074be600000] [id=6648]
  0x0000026a5d5f6730 ConcurrentGCThread "G1 Service" [stack: 0x00000074bc200000,0x00000074bc300000] [id=19004]

Threads with active compile tasks:

VM state: at safepoint (normal execution)

VM Mutex/Monitor currently owned by a thread:  ([mutex/lock_event])
[0x0000026a5d575c00] Threads_lock - owner thread: 0x0000026a743ad630
[0x0000026a5d575ed0] Heap_lock - owner thread: 0x0000026a5d5b9890

Heap address: 0x00000000c4000000, size: 960 MB, Compressed Oops mode: 32-bit

CDS archive(s) not mapped
Compressed class space mapped at: 0x0000000100000000-0x0000000140000000, reserved size: 1073741824
Narrow klass base: 0x0000000000000000, Narrow klass shift: 3, Narrow klass range: 0x140000000

GC Precious Log:
 CPUs: 4 total, 4 available
 Memory: 3836M
 Large Page Support: Disabled
 NUMA Support: Disabled
 Compressed Oops: Enabled (32-bit)
 Heap Region Size: 1M
 Heap Min Capacity: 8M
 Heap Initial Capacity: 60M
 Heap Max Capacity: 960M
 Pre-touch: Disabled
 Parallel Workers: 4
 Concurrent Workers: 1
 Concurrent Refinement Workers: 4
 Periodic GC: Disabled

Heap:
 garbage-first heap   total 285696K, used 183785K [0x00000000c4000000, 0x0000000100000000)
  region size 1024K, 2 young (2048K), 1 survivors (1024K)
 Metaspace       used 25539K, committed 25728K, reserved 1114112K
  class space    used 3235K, committed 3328K, reserved 1048576K

Heap Regions: E=young(eden), S=young(survivor), O=old, HS=humongous(starts), HC=humongous(continues), CS=collection set, F=free, OA=open archive, CA=closed archive, TAMS=top-at-mark-start (previous, next)
|   0|0x00000000c4000000, 0x00000000c4100000, 0x00000000c4100000|100%| O|  |TAMS 0x00000000c4100000, 0x00000000c4000000| Untracked 
|   1|0x00000000c4100000, 0x00000000c4200000, 0x00000000c4200000|100%| O|  |TAMS 0x00000000c4200000, 0x00000000c4100000| Untracked 
|   2|0x00000000c4200000, 0x00000000c4300000, 0x00000000c4300000|100%|HS|  |TAMS 0x00000000c4300000, 0x00000000c4200000| Complete 
|   3|0x00000000c4300000, 0x00000000c4400000, 0x00000000c4400000|100%|HC|  |TAMS 0x00000000c4400000, 0x00000000c4300000| Complete 
|   4|0x00000000c4400000, 0x00000000c4500000, 0x00000000c4500000|100%|HC|  |TAMS 0x00000000c4500000, 0x00000000c4400000| Complete 
|   5|0x00000000c4500000, 0x00000000c4600000, 0x00000000c4600000|100%|HC|  |TAMS 0x00000000c4600000, 0x00000000c4500000| Complete 
|   6|0x00000000c4600000, 0x00000000c4700000, 0x00000000c4700000|100%|HC|  |TAMS 0x00000000c4700000, 0x00000000c4600000| Complete 
|   7|0x00000000c4700000, 0x00000000c4800000, 0x00000000c4800000|100%|HC|  |TAMS 0x00000000c4800000, 0x00000000c4700000| Complete 
|   8|0x00000000c4800000, 0x00000000c4900000, 0x00000000c4900000|100%|HS|  |TAMS 0x00000000c4900000, 0x00000000c4800000| Complete 
|   9|0x00000000c4900000, 0x00000000c4a00000, 0x00000000c4a00000|100%|HC|  |TAMS 0x00000000c4a00000, 0x00000000c4900000| Complete 
|  10|0x00000000c4a00000, 0x00000000c4b00000, 0x00000000c4b00000|100%|HC|  |TAMS 0x00000000c4b00000, 0x00000000c4a00000| Complete 
|  11|0x00000000c4b00000, 0x00000000c4c00000, 0x00000000c4c00000|100%|HC|  |TAMS 0x00000000c4c00000, 0x00000000c4b00000| Complete 
|  12|0x00000000c4c00000, 0x00000000c4d00000, 0x00000000c4d00000|100%|HC|  |TAMS 0x00000000c4d00000, 0x00000000c4c00000| Complete 
|  13|0x00000000c4d00000, 0x00000000c4e00000, 0x00000000c4e00000|100%|HC|  |TAMS 0x00000000c4e00000, 0x00000000c4d00000| Complete 
|  14|0x00000000c4e00000, 0x00000000c4f00000, 0x00000000c4f00000|100%|HC|  |TAMS 0x00000000c4f00000, 0x00000000c4e00000| Complete 
|  15|0x00000000c4f00000, 0x00000000c5000000, 0x00000000c5000000|100%|HC|  |TAMS 0x00000000c5000000, 0x00000000c4f00000| Complete 
|  16|0x00000000c5000000, 0x00000000c5100000, 0x00000000c5100000|100%|HC|  |TAMS 0x00000000c5100000, 0x00000000c5000000| Complete 
|  17|0x00000000c5100000, 0x00000000c5200000, 0x00000000c5200000|100%|HC|  |TAMS 0x00000000c5200000, 0x00000000c5100000| Complete 
|  18|0x00000000c5200000, 0x00000000c5300000, 0x00000000c5300000|100%|HC|  |TAMS 0x00000000c5300000, 0x00000000c5200000| Complete 
|  19|0x00000000c5300000, 0x00000000c5400000, 0x00000000c5400000|100%|HC|  |TAMS 0x00000000c5400000, 0x00000000c5300000| Complete 
|  20|0x00000000c5400000, 0x00000000c5500000, 0x00000000c5500000|100%|HC|  |TAMS 0x00000000c5500000, 0x00000000c5400000| Complete 
|  21|0x00000000c5500000, 0x00000000c5600000, 0x00000000c5600000|100%|HC|  |TAMS 0x00000000c5600000, 0x00000000c5500000| Complete 
|  22|0x00000000c5600000, 0x00000000c5700000, 0x00000000c5700000|100%|HC|  |TAMS 0x00000000c5700000, 0x00000000c5600000| Complete 
|  23|0x00000000c5700000, 0x00000000c5800000, 0x00000000c5800000|100%|HC|  |TAMS 0x00000000c5800000, 0x00000000c5700000| Complete 
|  24|0x00000000c5800000, 0x00000000c5900000, 0x00000000c5900000|100%|HC|  |TAMS 0x00000000c5900000, 0x00000000c5800000| Complete 
|  25|0x00000000c5900000, 0x00000000c5a00000, 0x00000000c5a00000|100%|HC|  |TAMS 0x00000000c5a00000, 0x00000000c5900000| Complete 
|  26|0x00000000c5a00000, 0x00000000c5b00000, 0x00000000c5b00000|100%|HC|  |TAMS 0x00000000c5b00000, 0x00000000c5a00000| Complete 
|  27|0x00000000c5b00000, 0x00000000c5c00000, 0x00000000c5c00000|100%|HC|  |TAMS 0x00000000c5c00000, 0x00000000c5b00000| Complete 
|  28|0x00000000c5c00000, 0x00000000c5d00000, 0x00000000c5d00000|100%|HC|  |TAMS 0x00000000c5d00000, 0x00000000c5c00000| Complete 
|  29|0x00000000c5d00000, 0x00000000c5e00000, 0x00000000c5e00000|100%|HC|  |TAMS 0x00000000c5e00000, 0x00000000c5d00000| Complete 
|  30|0x00000000c5e00000, 0x00000000c5f00000, 0x00000000c5f00000|100%|HC|  |TAMS 0x00000000c5f00000, 0x00000000c5e00000| Complete 
|  31|0x00000000c5f00000, 0x00000000c6000000, 0x00000000c6000000|100%|HC|  |TAMS 0x00000000c6000000, 0x00000000c5f00000| Complete 
|  32|0x00000000c6000000, 0x00000000c6100000, 0x00000000c6100000|100%|HC|  |TAMS 0x00000000c6100000, 0x00000000c6000000| Complete 
|  33|0x00000000c6100000, 0x00000000c6200000, 0x00000000c6200000|100%|HC|  |TAMS 0x00000000c6200000, 0x00000000c6100000| Complete 
|  34|0x00000000c6200000, 0x00000000c6300000, 0x00000000c6300000|100%|HC|  |TAMS 0x00000000c6300000, 0x00000000c6200000| Complete 
|  35|0x00000000c6300000, 0x00000000c6400000, 0x00000000c6400000|100%|HC|  |TAMS 0x00000000c6400000, 0x00000000c6300000| Complete 
|  36|0x00000000c6400000, 0x00000000c6500000, 0x00000000c6500000|100%|HC|  |TAMS 0x00000000c6500000, 0x00000000c6400000| Complete 
|  37|0x00000000c6500000, 0x00000000c6600000, 0x00000000c6600000|100%|HC|  |TAMS 0x00000000c6600000, 0x00000000c6500000| Complete 
|  38|0x00000000c6600000, 0x00000000c6700000, 0x00000000c6700000|100%|HC|  |TAMS 0x00000000c6700000, 0x00000000c6600000| Complete 
|  39|0x00000000c6700000, 0x00000000c6800000, 0x00000000c6800000|100%|HC|  |TAMS 0x00000000c6800000, 0x00000000c6700000| Complete 
|  40|0x00000000c6800000, 0x00000000c6900000, 0x00000000c6900000|100%|HC|  |TAMS 0x00000000c6900000, 0x00000000c6800000| Complete 
|  41|0x00000000c6900000, 0x00000000c6a00000, 0x00000000c6a00000|100%|HC|  |TAMS 0x00000000c6a00000, 0x00000000c6900000| Complete 
|  42|0x00000000c6a00000, 0x00000000c6b00000, 0x00000000c6b00000|100%|HC|  |TAMS 0x00000000c6b00000, 0x00000000c6a00000| Complete 
|  43|0x00000000c6b00000, 0x00000000c6c00000, 0x00000000c6c00000|100%|HC|  |TAMS 0x00000000c6c00000, 0x00000000c6b00000| Complete 
|  44|0x00000000c6c00000, 0x00000000c6d00000, 0x00000000c6d00000|100%|HC|  |TAMS 0x00000000c6d00000, 0x00000000c6c00000| Complete 
|  45|0x00000000c6d00000, 0x00000000c6e00000, 0x00000000c6e00000|100%|HC|  |TAMS 0x00000000c6e00000, 0x00000000c6d00000| Complete 
|  46|0x00000000c6e00000, 0x00000000c6f00000, 0x00000000c6f00000|100%|HC|  |TAMS 0x00000000c6f00000, 0x00000000c6e00000| Complete 
|  47|0x00000000c6f00000, 0x00000000c7000000, 0x00000000c7000000|100%|HC|  |TAMS 0x00000000c7000000, 0x00000000c6f00000| Complete 
|  48|0x00000000c7000000, 0x00000000c7100000, 0x00000000c7100000|100%|HC|  |TAMS 0x00000000c7100000, 0x00000000c7000000| Complete 
|  49|0x00000000c7100000, 0x00000000c7200000, 0x00000000c7200000|100%| O|  |TAMS 0x00000000c7200000, 0x00000000c7100000| Untracked 
|  50|0x00000000c7200000, 0x00000000c7300000, 0x00000000c7300000|100%| O|  |TAMS 0x00000000c7300000, 0x00000000c7200000| Untracked 
|  51|0x00000000c7300000, 0x00000000c7400000, 0x00000000c7400000|100%| O|  |TAMS 0x00000000c7400000, 0x00000000c7300000| Untracked 
|  52|0x00000000c7400000, 0x00000000c7500000, 0x00000000c7500000|100%| O|  |TAMS 0x00000000c7500000, 0x00000000c7400000| Untracked 
|  53|0x00000000c7500000, 0x00000000c7500000, 0x00000000c7600000|  0%| F|  |TAMS 0x00000000c7500000, 0x00000000c7500000| Untracked 
|  54|0x00000000c7600000, 0x00000000c7700000, 0x00000000c7700000|100%|HS|  |TAMS 0x00000000c7700000, 0x00000000c7600000| Complete 
|  55|0x00000000c7700000, 0x00000000c7800000, 0x00000000c7800000|100%|HC|  |TAMS 0x00000000c7800000, 0x00000000c7700000| Complete 
|  56|0x00000000c7800000, 0x00000000c7900000, 0x00000000c7900000|100%|HS|  |TAMS 0x00000000c7900000, 0x00000000c7800000| Complete 
|  57|0x00000000c7900000, 0x00000000c7a00000, 0x00000000c7a00000|100%|HC|  |TAMS 0x00000000c7a00000, 0x00000000c7900000| Complete 
|  58|0x00000000c7a00000, 0x00000000c7b00000, 0x00000000c7b00000|100%|HC|  |TAMS 0x00000000c7b00000, 0x00000000c7a00000| Complete 
|  59|0x00000000c7b00000, 0x00000000c7c00000, 0x00000000c7c00000|100%|HC|  |TAMS 0x00000000c7c00000, 0x00000000c7b00000| Complete 
|  60|0x00000000c7c00000, 0x00000000c7d00000, 0x00000000c7d00000|100%|HC|  |TAMS 0x00000000c7d00000, 0x00000000c7c00000| Complete 
|  61|0x00000000c7d00000, 0x00000000c7e00000, 0x00000000c7e00000|100%|HS|  |TAMS 0x00000000c7d00000, 0x00000000c7d00000| Complete 
|  62|0x00000000c7e00000, 0x00000000c7f00000, 0x00000000c7f00000|100%|HC|  |TAMS 0x00000000c7e00000, 0x00000000c7e00000| Complete 
|  63|0x00000000c7f00000, 0x00000000c8000000, 0x00000000c8000000|100%|HS|  |TAMS 0x00000000c8000000, 0x00000000c7f00000| Complete 
|  64|0x00000000c8000000, 0x00000000c8100000, 0x00000000c8100000|100%|HC|  |TAMS 0x00000000c8100000, 0x00000000c8000000| Complete 
|  65|0x00000000c8100000, 0x00000000c8200000, 0x00000000c8200000|100%|HC|  |TAMS 0x00000000c8200000, 0x00000000c8100000| Complete 
|  66|0x00000000c8200000, 0x00000000c8300000, 0x00000000c8300000|100%|HC|  |TAMS 0x00000000c8300000, 0x00000000c8200000| Complete 
|  67|0x00000000c8300000, 0x00000000c8400000, 0x00000000c8400000|100%|HC|  |TAMS 0x00000000c8400000, 0x00000000c8300000| Complete 
|  68|0x00000000c8400000, 0x00000000c8500000, 0x00000000c8500000|100%|HS|  |TAMS 0x00000000c8500000, 0x00000000c8400000| Complete 
|  69|0x00000000c8500000, 0x00000000c8600000, 0x00000000c8600000|100%|HC|  |TAMS 0x00000000c8600000, 0x00000000c8500000| Complete 
|  70|0x00000000c8600000, 0x00000000c8700000, 0x00000000c8700000|100%|HC|  |TAMS 0x00000000c8700000, 0x00000000c8600000| Complete 
|  71|0x00000000c8700000, 0x00000000c8800000, 0x00000000c8800000|100%|HC|  |TAMS 0x00000000c8800000, 0x00000000c8700000| Complete 
|  72|0x00000000c8800000, 0x00000000c8900000, 0x00000000c8900000|100%|HC|  |TAMS 0x00000000c8900000, 0x00000000c8800000| Complete 
|  73|0x00000000c8900000, 0x00000000c8a00000, 0x00000000c8a00000|100%|HS|  |TAMS 0x00000000c8a00000, 0x00000000c8900000| Complete 
|  74|0x00000000c8a00000, 0x00000000c8b00000, 0x00000000c8b00000|100%|HC|  |TAMS 0x00000000c8b00000, 0x00000000c8a00000| Complete 
|  75|0x00000000c8b00000, 0x00000000c8c00000, 0x00000000c8c00000|100%|HC|  |TAMS 0x00000000c8c00000, 0x00000000c8b00000| Complete 
|  76|0x00000000c8c00000, 0x00000000c8d00000, 0x00000000c8d00000|100%|HC|  |TAMS 0x00000000c8d00000, 0x00000000c8c00000| Complete 
|  77|0x00000000c8d00000, 0x00000000c8e00000, 0x00000000c8e00000|100%|HC|  |TAMS 0x00000000c8e00000, 0x00000000c8d00000| Complete 
|  78|0x00000000c8e00000, 0x00000000c8f00000, 0x00000000c8f00000|100%|HS|  |TAMS 0x00000000c8e00000, 0x00000000c8e00000| Complete 
|  79|0x00000000c8f00000, 0x00000000c9000000, 0x00000000c9000000|100%|HC|  |TAMS 0x00000000c8f00000, 0x00000000c8f00000| Complete 
|  80|0x00000000c9000000, 0x00000000c9100000, 0x00000000c9100000|100%| O|  |TAMS 0x00000000c9100000, 0x00000000c9000000| Updating 
|  81|0x00000000c9100000, 0x00000000c9200000, 0x00000000c9200000|100%| O|  |TAMS 0x00000000c9200000, 0x00000000c9100000| Untracked 
|  82|0x00000000c9200000, 0x00000000c9300000, 0x00000000c9300000|100%|HS|  |TAMS 0x00000000c9300000, 0x00000000c9200000| Complete 
|  83|0x00000000c9300000, 0x00000000c9400000, 0x00000000c9400000|100%|HC|  |TAMS 0x00000000c9400000, 0x00000000c9300000| Complete 
|  84|0x00000000c9400000, 0x00000000c9500000, 0x00000000c9500000|100%|HS|  |TAMS 0x00000000c9500000, 0x00000000c9400000| Complete 
|  85|0x00000000c9500000, 0x00000000c9600000, 0x00000000c9600000|100%|HC|  |TAMS 0x00000000c9600000, 0x00000000c9500000| Complete 
|  86|0x00000000c9600000, 0x00000000c9700000, 0x00000000c9700000|100%|HC|  |TAMS 0x00000000c9700000, 0x00000000c9600000| Complete 
|  87|0x00000000c9700000, 0x00000000c9800000, 0x00000000c9800000|100%|HC|  |TAMS 0x00000000c9800000, 0x00000000c9700000| Complete 
|  88|0x00000000c9800000, 0x00000000c9900000, 0x00000000c9900000|100%|HC|  |TAMS 0x00000000c9900000, 0x00000000c9800000| Complete 
|  89|0x00000000c9900000, 0x00000000c9900000, 0x00000000c9a00000|  0%| F|  |TAMS 0x00000000c9900000, 0x00000000c9900000| Untracked 
|  90|0x00000000c9a00000, 0x00000000c9a00000, 0x00000000c9b00000|  0%| F|  |TAMS 0x00000000c9a00000, 0x00000000c9a00000| Untracked 
|  91|0x00000000c9b00000, 0x00000000c9c00000, 0x00000000c9c00000|100%| O|  |TAMS 0x00000000c9c00000, 0x00000000c9b00000| Updating 
|  92|0x00000000c9c00000, 0x00000000c9c78600, 0x00000000c9d00000| 47%| O|  |TAMS 0x00000000c9c78600, 0x00000000c9c00000| Updating 
|  93|0x00000000c9d00000, 0x00000000c9d00000, 0x00000000c9e00000|  0%| F|  |TAMS 0x00000000c9d00000, 0x00000000c9d00000| Untracked 
|  94|0x00000000c9e00000, 0x00000000c9e00000, 0x00000000c9f00000|  0%| F|  |TAMS 0x00000000c9e00000, 0x00000000c9e00000| Untracked 
|  95|0x00000000c9f00000, 0x00000000ca000000, 0x00000000ca000000|100%|HS|  |TAMS 0x00000000ca000000, 0x00000000c9f00000| Complete 
|  96|0x00000000ca000000, 0x00000000ca100000, 0x00000000ca100000|100%|HC|  |TAMS 0x00000000ca100000, 0x00000000ca000000| Complete 
|  97|0x00000000ca100000, 0x00000000ca200000, 0x00000000ca200000|100%|HC|  |TAMS 0x00000000ca200000, 0x00000000ca100000| Complete 
|  98|0x00000000ca200000, 0x00000000ca300000, 0x00000000ca300000|100%|HC|  |TAMS 0x00000000ca300000, 0x00000000ca200000| Complete 
|  99|0x00000000ca300000, 0x00000000ca400000, 0x00000000ca400000|100%|HC|  |TAMS 0x00000000ca400000, 0x00000000ca300000| Complete 
| 100|0x00000000ca400000, 0x00000000ca500000, 0x00000000ca500000|100%|HS|  |TAMS 0x00000000ca500000, 0x00000000ca400000| Complete 
| 101|0x00000000ca500000, 0x00000000ca600000, 0x00000000ca600000|100%|HC|  |TAMS 0x00000000ca600000, 0x00000000ca500000| Complete 
| 102|0x00000000ca600000, 0x00000000ca700000, 0x00000000ca700000|100%|HC|  |TAMS 0x00000000ca700000, 0x00000000ca600000| Complete 
| 103|0x00000000ca700000, 0x00000000ca800000, 0x00000000ca800000|100%|HC|  |TAMS 0x00000000ca800000, 0x00000000ca700000| Complete 
| 104|0x00000000ca800000, 0x00000000ca900000, 0x00000000ca900000|100%|HC|  |TAMS 0x00000000ca900000, 0x00000000ca800000| Complete 
| 105|0x00000000ca900000, 0x00000000caa00000, 0x00000000caa00000|100%|HS|  |TAMS 0x00000000caa00000, 0x00000000ca900000| Complete 
| 106|0x00000000caa00000, 0x00000000cab00000, 0x00000000cab00000|100%|HC|  |TAMS 0x00000000cab00000, 0x00000000caa00000| Complete 
| 107|0x00000000cab00000, 0x00000000cac00000, 0x00000000cac00000|100%|HC|  |TAMS 0x00000000cac00000, 0x00000000cab00000| Complete 
| 108|0x00000000cac00000, 0x00000000cad00000, 0x00000000cad00000|100%|HC|  |TAMS 0x00000000cad00000, 0x00000000cac00000| Complete 
| 109|0x00000000cad00000, 0x00000000cae00000, 0x00000000cae00000|100%|HC|  |TAMS 0x00000000cae00000, 0x00000000cad00000| Complete 
| 110|0x00000000cae00000, 0x00000000caf00000, 0x00000000caf00000|100%|HS|  |TAMS 0x00000000caf00000, 0x00000000cae00000| Complete 
| 111|0x00000000caf00000, 0x00000000cb000000, 0x00000000cb000000|100%|HC|  |TAMS 0x00000000cb000000, 0x00000000caf00000| Complete 
| 112|0x00000000cb000000, 0x00000000cb100000, 0x00000000cb100000|100%|HC|  |TAMS 0x00000000cb100000, 0x00000000cb000000| Complete 
| 113|0x00000000cb100000, 0x00000000cb200000, 0x00000000cb200000|100%|HC|  |TAMS 0x00000000cb200000, 0x00000000cb100000| Complete 
| 114|0x00000000cb200000, 0x00000000cb300000, 0x00000000cb300000|100%|HC|  |TAMS 0x00000000cb300000, 0x00000000cb200000| Complete 
| 115|0x00000000cb300000, 0x00000000cb400000, 0x00000000cb400000|100%|HS|  |TAMS 0x00000000cb400000, 0x00000000cb300000| Complete 
| 116|0x00000000cb400000, 0x00000000cb500000, 0x00000000cb500000|100%|HC|  |TAMS 0x00000000cb500000, 0x00000000cb400000| Complete 
| 117|0x00000000cb500000, 0x00000000cb600000, 0x00000000cb600000|100%|HC|  |TAMS 0x00000000cb600000, 0x00000000cb500000| Complete 
| 118|0x00000000cb600000, 0x00000000cb700000, 0x00000000cb700000|100%|HC|  |TAMS 0x00000000cb700000, 0x00000000cb600000| Complete 
| 119|0x00000000cb700000, 0x00000000cb800000, 0x00000000cb800000|100%|HC|  |TAMS 0x00000000cb800000, 0x00000000cb700000| Complete 
| 120|0x00000000cb800000, 0x00000000cb900000, 0x00000000cb900000|100%|HS|  |TAMS 0x00000000cb900000, 0x00000000cb800000| Complete 
| 121|0x00000000cb900000, 0x00000000cba00000, 0x00000000cba00000|100%|HC|  |TAMS 0x00000000cba00000, 0x00000000cb900000| Complete 
| 122|0x00000000cba00000, 0x00000000cbb00000, 0x00000000cbb00000|100%|HC|  |TAMS 0x00000000cbb00000, 0x00000000cba00000| Complete 
| 123|0x00000000cbb00000, 0x00000000cbc00000, 0x00000000cbc00000|100%|HC|  |TAMS 0x00000000cbc00000, 0x00000000cbb00000| Complete 
| 124|0x00000000cbc00000, 0x00000000cbd00000, 0x00000000cbd00000|100%|HC|  |TAMS 0x00000000cbd00000, 0x00000000cbc00000| Complete 
| 125|0x00000000cbd00000, 0x00000000cbe00000, 0x00000000cbe00000|100%|HS|  |TAMS 0x00000000cbe00000, 0x00000000cbd00000| Complete 
| 126|0x00000000cbe00000, 0x00000000cbf00000, 0x00000000cbf00000|100%|HC|  |TAMS 0x00000000cbf00000, 0x00000000cbe00000| Complete 
| 127|0x00000000cbf00000, 0x00000000cc000000, 0x00000000cc000000|100%|HC|  |TAMS 0x00000000cc000000, 0x00000000cbf00000| Complete 
| 128|0x00000000cc000000, 0x00000000cc100000, 0x00000000cc100000|100%|HC|  |TAMS 0x00000000cc100000, 0x00000000cc000000| Complete 
| 129|0x00000000cc100000, 0x00000000cc200000, 0x00000000cc200000|100%|HC|  |TAMS 0x00000000cc200000, 0x00000000cc100000| Complete 
| 130|0x00000000cc200000, 0x00000000cc300000, 0x00000000cc300000|100%|HS|  |TAMS 0x00000000cc300000, 0x00000000cc200000| Complete 
| 131|0x00000000cc300000, 0x00000000cc400000, 0x00000000cc400000|100%|HC|  |TAMS 0x00000000cc400000, 0x00000000cc300000| Complete 
| 132|0x00000000cc400000, 0x00000000cc500000, 0x00000000cc500000|100%|HC|  |TAMS 0x00000000cc500000, 0x00000000cc400000| Complete 
| 133|0x00000000cc500000, 0x00000000cc600000, 0x00000000cc600000|100%|HC|  |TAMS 0x00000000cc600000, 0x00000000cc500000| Complete 
| 134|0x00000000cc600000, 0x00000000cc700000, 0x00000000cc700000|100%|HC|  |TAMS 0x00000000cc700000, 0x00000000cc600000| Complete 
| 135|0x00000000cc700000, 0x00000000cc800000, 0x00000000cc800000|100%|HS|  |TAMS 0x00000000cc800000, 0x00000000cc700000| Complete 
| 136|0x00000000cc800000, 0x00000000cc900000, 0x00000000cc900000|100%|HC|  |TAMS 0x00000000cc900000, 0x00000000cc800000| Complete 
| 137|0x00000000cc900000, 0x00000000cca00000, 0x00000000cca00000|100%|HC|  |TAMS 0x00000000cca00000, 0x00000000cc900000| Complete 
| 138|0x00000000cca00000, 0x00000000ccb00000, 0x00000000ccb00000|100%|HC|  |TAMS 0x00000000ccb00000, 0x00000000cca00000| Complete 
| 139|0x00000000ccb00000, 0x00000000ccc00000, 0x00000000ccc00000|100%|HC|  |TAMS 0x00000000ccc00000, 0x00000000ccb00000| Complete 
| 140|0x00000000ccc00000, 0x00000000ccd00000, 0x00000000ccd00000|100%|HS|  |TAMS 0x00000000ccd00000, 0x00000000ccc00000| Complete 
| 141|0x00000000ccd00000, 0x00000000cce00000, 0x00000000cce00000|100%|HC|  |TAMS 0x00000000cce00000, 0x00000000ccd00000| Complete 
| 142|0x00000000cce00000, 0x00000000ccf00000, 0x00000000ccf00000|100%|HC|  |TAMS 0x00000000ccf00000, 0x00000000cce00000| Complete 
| 143|0x00000000ccf00000, 0x00000000cd000000, 0x00000000cd000000|100%|HC|  |TAMS 0x00000000cd000000, 0x00000000ccf00000| Complete 
| 144|0x00000000cd000000, 0x00000000cd100000, 0x00000000cd100000|100%|HC|  |TAMS 0x00000000cd100000, 0x00000000cd000000| Complete 
| 145|0x00000000cd100000, 0x00000000cd200000, 0x00000000cd200000|100%|HS|  |TAMS 0x00000000cd200000, 0x00000000cd100000| Complete 
| 146|0x00000000cd200000, 0x00000000cd300000, 0x00000000cd300000|100%|HC|  |TAMS 0x00000000cd300000, 0x00000000cd200000| Complete 
| 147|0x00000000cd300000, 0x00000000cd400000, 0x00000000cd400000|100%|HC|  |TAMS 0x00000000cd400000, 0x00000000cd300000| Complete 
| 148|0x00000000cd400000, 0x00000000cd500000, 0x00000000cd500000|100%|HC|  |TAMS 0x00000000cd500000, 0x00000000cd400000| Complete 
| 149|0x00000000cd500000, 0x00000000cd600000, 0x00000000cd600000|100%|HC|  |TAMS 0x00000000cd600000, 0x00000000cd500000| Complete 
| 150|0x00000000cd600000, 0x00000000cd700000, 0x00000000cd700000|100%|HS|  |TAMS 0x00000000cd700000, 0x00000000cd600000| Complete 
| 151|0x00000000cd700000, 0x00000000cd800000, 0x00000000cd800000|100%|HC|  |TAMS 0x00000000cd800000, 0x00000000cd700000| Complete 
| 152|0x00000000cd800000, 0x00000000cd900000, 0x00000000cd900000|100%|HC|  |TAMS 0x00000000cd900000, 0x00000000cd800000| Complete 
| 153|0x00000000cd900000, 0x00000000cda00000, 0x00000000cda00000|100%|HC|  |TAMS 0x00000000cda00000, 0x00000000cd900000| Complete 
| 154|0x00000000cda00000, 0x00000000cdb00000, 0x00000000cdb00000|100%|HC|  |TAMS 0x00000000cdb00000, 0x00000000cda00000| Complete 
| 155|0x00000000cdb00000, 0x00000000cdc00000, 0x00000000cdc00000|100%|HS|  |TAMS 0x00000000cdc00000, 0x00000000cdb00000| Complete 
| 156|0x00000000cdc00000, 0x00000000cdd00000, 0x00000000cdd00000|100%|HC|  |TAMS 0x00000000cdd00000, 0x00000000cdc00000| Complete 
| 157|0x00000000cdd00000, 0x00000000cde00000, 0x00000000cde00000|100%|HC|  |TAMS 0x00000000cde00000, 0x00000000cdd00000| Complete 
| 158|0x00000000cde00000, 0x00000000cdf00000, 0x00000000cdf00000|100%|HC|  |TAMS 0x00000000cdf00000, 0x00000000cde00000| Complete 
| 159|0x00000000cdf00000, 0x00000000ce000000, 0x00000000ce000000|100%|HC|  |TAMS 0x00000000ce000000, 0x00000000cdf00000| Complete 
| 160|0x00000000ce000000, 0x00000000ce100000, 0x00000000ce100000|100%|HS|  |TAMS 0x00000000ce100000, 0x00000000ce000000| Complete 
| 161|0x00000000ce100000, 0x00000000ce200000, 0x00000000ce200000|100%|HC|  |TAMS 0x00000000ce200000, 0x00000000ce100000| Complete 
| 162|0x00000000ce200000, 0x00000000ce300000, 0x00000000ce300000|100%|HC|  |TAMS 0x00000000ce300000, 0x00000000ce200000| Complete 
| 163|0x00000000ce300000, 0x00000000ce400000, 0x00000000ce400000|100%|HC|  |TAMS 0x00000000ce400000, 0x00000000ce300000| Complete 
| 164|0x00000000ce400000, 0x00000000ce500000, 0x00000000ce500000|100%|HC|  |TAMS 0x00000000ce500000, 0x00000000ce400000| Complete 
| 165|0x00000000ce500000, 0x00000000ce600000, 0x00000000ce600000|100%|HS|  |TAMS 0x00000000ce600000, 0x00000000ce500000| Complete 
| 166|0x00000000ce600000, 0x00000000ce700000, 0x00000000ce700000|100%|HC|  |TAMS 0x00000000ce700000, 0x00000000ce600000| Complete 
| 167|0x00000000ce700000, 0x00000000ce800000, 0x00000000ce800000|100%|HC|  |TAMS 0x00000000ce800000, 0x00000000ce700000| Complete 
| 168|0x00000000ce800000, 0x00000000ce900000, 0x00000000ce900000|100%|HC|  |TAMS 0x00000000ce900000, 0x00000000ce800000| Complete 
| 169|0x00000000ce900000, 0x00000000cea00000, 0x00000000cea00000|100%|HC|  |TAMS 0x00000000cea00000, 0x00000000ce900000| Complete 
| 170|0x00000000cea00000, 0x00000000ceb00000, 0x00000000ceb00000|100%|HS|  |TAMS 0x00000000ceb00000, 0x00000000cea00000| Complete 
| 171|0x00000000ceb00000, 0x00000000cec00000, 0x00000000cec00000|100%|HC|  |TAMS 0x00000000cec00000, 0x00000000ceb00000| Complete 
| 172|0x00000000cec00000, 0x00000000ced00000, 0x00000000ced00000|100%|HC|  |TAMS 0x00000000ced00000, 0x00000000cec00000| Complete 
| 173|0x00000000ced00000, 0x00000000cee00000, 0x00000000cee00000|100%|HC|  |TAMS 0x00000000cee00000, 0x00000000ced00000| Complete 
| 174|0x00000000cee00000, 0x00000000cef00000, 0x00000000cef00000|100%|HC|  |TAMS 0x00000000cef00000, 0x00000000cee00000| Complete 
| 175|0x00000000cef00000, 0x00000000cf000000, 0x00000000cf000000|100%|HS|  |TAMS 0x00000000cef00000, 0x00000000cef00000| Complete 
| 176|0x00000000cf000000, 0x00000000cf100000, 0x00000000cf100000|100%|HC|  |TAMS 0x00000000cf000000, 0x00000000cf000000| Complete 
| 177|0x00000000cf100000, 0x00000000cf200000, 0x00000000cf200000|100%|HC|  |TAMS 0x00000000cf100000, 0x00000000cf100000| Complete 
| 178|0x00000000cf200000, 0x00000000cf300000, 0x00000000cf300000|100%|HC|  |TAMS 0x00000000cf200000, 0x00000000cf200000| Complete 
| 179|0x00000000cf300000, 0x00000000cf400000, 0x00000000cf400000|100%|HC|  |TAMS 0x00000000cf300000, 0x00000000cf300000| Complete 
| 180|0x00000000cf400000, 0x00000000cf500000, 0x00000000cf500000|100%|HS|  |TAMS 0x00000000cf400000, 0x00000000cf400000| Complete 
| 181|0x00000000cf500000, 0x00000000cf600000, 0x00000000cf600000|100%|HC|  |TAMS 0x00000000cf500000, 0x00000000cf500000| Complete 
| 182|0x00000000cf600000, 0x00000000cf700000, 0x00000000cf700000|100%|HC|  |TAMS 0x00000000cf600000, 0x00000000cf600000| Complete 
| 183|0x00000000cf700000, 0x00000000cf800000, 0x00000000cf800000|100%|HC|  |TAMS 0x00000000cf700000, 0x00000000cf700000| Complete 
| 184|0x00000000cf800000, 0x00000000cf900000, 0x00000000cf900000|100%|HC|  |TAMS 0x00000000cf800000, 0x00000000cf800000| Complete 
| 185|0x00000000cf900000, 0x00000000cf900000, 0x00000000cfa00000|  0%| F|  |TAMS 0x00000000cf900000, 0x00000000cf900000| Untracked 
| 186|0x00000000cfa00000, 0x00000000cfa00000, 0x00000000cfb00000|  0%| F|  |TAMS 0x00000000cfa00000, 0x00000000cfa00000| Untracked 
| 187|0x00000000cfb00000, 0x00000000cfb00000, 0x00000000cfc00000|  0%| F|  |TAMS 0x00000000cfb00000, 0x00000000cfb00000| Untracked 
| 188|0x00000000cfc00000, 0x00000000cfc00000, 0x00000000cfd00000|  0%| F|  |TAMS 0x00000000cfc00000, 0x00000000cfc00000| Untracked 
| 189|0x00000000cfd00000, 0x00000000cfd00000, 0x00000000cfe00000|  0%| F|  |TAMS 0x00000000cfd00000, 0x00000000cfd00000| Untracked 
| 190|0x00000000cfe00000, 0x00000000cfe00000, 0x00000000cff00000|  0%| F|  |TAMS 0x00000000cfe00000, 0x00000000cfe00000| Untracked 
| 191|0x00000000cff00000, 0x00000000cff00000, 0x00000000d0000000|  0%| F|  |TAMS 0x00000000cff00000, 0x00000000cff00000| Untracked 
| 192|0x00000000d0000000, 0x00000000d0000000, 0x00000000d0100000|  0%| F|  |TAMS 0x00000000d0000000, 0x00000000d0000000| Untracked 
| 193|0x00000000d0100000, 0x00000000d0100000, 0x00000000d0200000|  0%| F|  |TAMS 0x00000000d0100000, 0x00000000d0100000| Untracked 
| 194|0x00000000d0200000, 0x00000000d0200000, 0x00000000d0300000|  0%| F|  |TAMS 0x00000000d0200000, 0x00000000d0200000| Untracked 
| 195|0x00000000d0300000, 0x00000000d0300000, 0x00000000d0400000|  0%| F|  |TAMS 0x00000000d0300000, 0x00000000d0300000| Untracked 
| 196|0x00000000d0400000, 0x00000000d0400000, 0x00000000d0500000|  0%| F|  |TAMS 0x00000000d0400000, 0x00000000d0400000| Untracked 
| 197|0x00000000d0500000, 0x00000000d0500000, 0x00000000d0600000|  0%| F|  |TAMS 0x00000000d0500000, 0x00000000d0500000| Untracked 
| 198|0x00000000d0600000, 0x00000000d0600000, 0x00000000d0700000|  0%| F|  |TAMS 0x00000000d0600000, 0x00000000d0600000| Untracked 
| 199|0x00000000d0700000, 0x00000000d0700000, 0x00000000d0800000|  0%| F|  |TAMS 0x00000000d0700000, 0x00000000d0700000| Untracked 
| 200|0x00000000d0800000, 0x00000000d0800000, 0x00000000d0900000|  0%| F|  |TAMS 0x00000000d0800000, 0x00000000d0800000| Untracked 
| 201|0x00000000d0900000, 0x00000000d0900000, 0x00000000d0a00000|  0%| F|  |TAMS 0x00000000d0900000, 0x00000000d0900000| Untracked 
| 202|0x00000000d0a00000, 0x00000000d0a00000, 0x00000000d0b00000|  0%| F|  |TAMS 0x00000000d0a00000, 0x00000000d0a00000| Untracked 
| 203|0x00000000d0b00000, 0x00000000d0b00000, 0x00000000d0c00000|  0%| F|  |TAMS 0x00000000d0b00000, 0x00000000d0b00000| Untracked 
| 204|0x00000000d0c00000, 0x00000000d0c00000, 0x00000000d0d00000|  0%| F|  |TAMS 0x00000000d0c00000, 0x00000000d0c00000| Untracked 
| 205|0x00000000d0d00000, 0x00000000d0d00000, 0x00000000d0e00000|  0%| F|  |TAMS 0x00000000d0d00000, 0x00000000d0d00000| Untracked 
| 206|0x00000000d0e00000, 0x00000000d0e00000, 0x00000000d0f00000|  0%| F|  |TAMS 0x00000000d0e00000, 0x00000000d0e00000| Untracked 
| 207|0x00000000d0f00000, 0x00000000d0f00000, 0x00000000d1000000|  0%| F|  |TAMS 0x00000000d0f00000, 0x00000000d0f00000| Untracked 
| 208|0x00000000d1000000, 0x00000000d1000000, 0x00000000d1100000|  0%| F|  |TAMS 0x00000000d1000000, 0x00000000d1000000| Untracked 
| 209|0x00000000d1100000, 0x00000000d1100000, 0x00000000d1200000|  0%| F|  |TAMS 0x00000000d1100000, 0x00000000d1100000| Untracked 
| 210|0x00000000d1200000, 0x00000000d1200000, 0x00000000d1300000|  0%| F|  |TAMS 0x00000000d1200000, 0x00000000d1200000| Untracked 
| 211|0x00000000d1300000, 0x00000000d1300000, 0x00000000d1400000|  0%| F|  |TAMS 0x00000000d1300000, 0x00000000d1300000| Untracked 
| 212|0x00000000d1400000, 0x00000000d1400000, 0x00000000d1500000|  0%| F|  |TAMS 0x00000000d1400000, 0x00000000d1400000| Untracked 
| 213|0x00000000d1500000, 0x00000000d1500000, 0x00000000d1600000|  0%| F|  |TAMS 0x00000000d1500000, 0x00000000d1500000| Untracked 
| 214|0x00000000d1600000, 0x00000000d1600000, 0x00000000d1700000|  0%| F|  |TAMS 0x00000000d1600000, 0x00000000d1600000| Untracked 
| 215|0x00000000d1700000, 0x00000000d1700000, 0x00000000d1800000|  0%| F|  |TAMS 0x00000000d1700000, 0x00000000d1700000| Untracked 
| 216|0x00000000d1800000, 0x00000000d1800000, 0x00000000d1900000|  0%| F|  |TAMS 0x00000000d1800000, 0x00000000d1800000| Untracked 
| 217|0x00000000d1900000, 0x00000000d1900000, 0x00000000d1a00000|  0%| F|  |TAMS 0x00000000d1900000, 0x00000000d1900000| Untracked 
| 218|0x00000000d1a00000, 0x00000000d1a00000, 0x00000000d1b00000|  0%| F|  |TAMS 0x00000000d1a00000, 0x00000000d1a00000| Untracked 
| 219|0x00000000d1b00000, 0x00000000d1b00000, 0x00000000d1c00000|  0%| F|  |TAMS 0x00000000d1b00000, 0x00000000d1b00000| Untracked 
| 220|0x00000000d1c00000, 0x00000000d1c00000, 0x00000000d1d00000|  0%| F|  |TAMS 0x00000000d1c00000, 0x00000000d1c00000| Untracked 
| 221|0x00000000d1d00000, 0x00000000d1d00000, 0x00000000d1e00000|  0%| F|  |TAMS 0x00000000d1d00000, 0x00000000d1d00000| Untracked 
| 222|0x00000000d1e00000, 0x00000000d1e00000, 0x00000000d1f00000|  0%| F|  |TAMS 0x00000000d1e00000, 0x00000000d1e00000| Untracked 
| 223|0x00000000d1f00000, 0x00000000d1f00000, 0x00000000d2000000|  0%| F|  |TAMS 0x00000000d1f00000, 0x00000000d1f00000| Untracked 
| 224|0x00000000d2000000, 0x00000000d2000000, 0x00000000d2100000|  0%| F|  |TAMS 0x00000000d2000000, 0x00000000d2000000| Untracked 
| 225|0x00000000d2100000, 0x00000000d2100000, 0x00000000d2200000|  0%| F|  |TAMS 0x00000000d2100000, 0x00000000d2100000| Untracked 
| 226|0x00000000d2200000, 0x00000000d2200000, 0x00000000d2300000|  0%| F|  |TAMS 0x00000000d2200000, 0x00000000d2200000| Untracked 
| 227|0x00000000d2300000, 0x00000000d2300000, 0x00000000d2400000|  0%| F|  |TAMS 0x00000000d2300000, 0x00000000d2300000| Untracked 
| 228|0x00000000d2400000, 0x00000000d2400000, 0x00000000d2500000|  0%| F|  |TAMS 0x00000000d2400000, 0x00000000d2400000| Untracked 
| 229|0x00000000d2500000, 0x00000000d2500000, 0x00000000d2600000|  0%| F|  |TAMS 0x00000000d2500000, 0x00000000d2500000| Untracked 
| 230|0x00000000d2600000, 0x00000000d2600000, 0x00000000d2700000|  0%| F|  |TAMS 0x00000000d2600000, 0x00000000d2600000| Untracked 
| 231|0x00000000d2700000, 0x00000000d2700000, 0x00000000d2800000|  0%| F|  |TAMS 0x00000000d2700000, 0x00000000d2700000| Untracked 
| 232|0x00000000d2800000, 0x00000000d2800000, 0x00000000d2900000|  0%| F|  |TAMS 0x00000000d2800000, 0x00000000d2800000| Untracked 
| 233|0x00000000d2900000, 0x00000000d2900000, 0x00000000d2a00000|  0%| F|  |TAMS 0x00000000d2900000, 0x00000000d2900000| Untracked 
| 234|0x00000000d2a00000, 0x00000000d2a00000, 0x00000000d2b00000|  0%| F|  |TAMS 0x00000000d2a00000, 0x00000000d2a00000| Untracked 
| 235|0x00000000d2b00000, 0x00000000d2b00000, 0x00000000d2c00000|  0%| F|  |TAMS 0x00000000d2b00000, 0x00000000d2b00000| Untracked 
| 236|0x00000000d2c00000, 0x00000000d2c00000, 0x00000000d2d00000|  0%| F|  |TAMS 0x00000000d2c00000, 0x00000000d2c00000| Untracked 
| 237|0x00000000d2d00000, 0x00000000d2d00000, 0x00000000d2e00000|  0%| F|  |TAMS 0x00000000d2d00000, 0x00000000d2d00000| Untracked 
| 238|0x00000000d2e00000, 0x00000000d2e00000, 0x00000000d2f00000|  0%| F|  |TAMS 0x00000000d2e00000, 0x00000000d2e00000| Untracked 
| 239|0x00000000d2f00000, 0x00000000d2f00000, 0x00000000d3000000|  0%| F|  |TAMS 0x00000000d2f00000, 0x00000000d2f00000| Untracked 
| 240|0x00000000d3000000, 0x00000000d3000000, 0x00000000d3100000|  0%| F|  |TAMS 0x00000000d3000000, 0x00000000d3000000| Untracked 
| 241|0x00000000d3100000, 0x00000000d3100000, 0x00000000d3200000|  0%| F|  |TAMS 0x00000000d3100000, 0x00000000d3100000| Untracked 
| 242|0x00000000d3200000, 0x00000000d3200000, 0x00000000d3300000|  0%| F|  |TAMS 0x00000000d3200000, 0x00000000d3200000| Untracked 
| 243|0x00000000d3300000, 0x00000000d3300000, 0x00000000d3400000|  0%| F|  |TAMS 0x00000000d3300000, 0x00000000d3300000| Untracked 
| 244|0x00000000d3400000, 0x00000000d3400000, 0x00000000d3500000|  0%| F|  |TAMS 0x00000000d3400000, 0x00000000d3400000| Untracked 
| 245|0x00000000d3500000, 0x00000000d3500000, 0x00000000d3600000|  0%| F|  |TAMS 0x00000000d3500000, 0x00000000d3500000| Untracked 
| 246|0x00000000d3600000, 0x00000000d3600000, 0x00000000d3700000|  0%| F|  |TAMS 0x00000000d3600000, 0x00000000d3600000| Untracked 
| 247|0x00000000d3700000, 0x00000000d3700000, 0x00000000d3800000|  0%| F|  |TAMS 0x00000000d3700000, 0x00000000d3700000| Untracked 
| 248|0x00000000d3800000, 0x00000000d3800000, 0x00000000d3900000|  0%| F|  |TAMS 0x00000000d3800000, 0x00000000d3800000| Untracked 
| 249|0x00000000d3900000, 0x00000000d3900000, 0x00000000d3a00000|  0%| F|  |TAMS 0x00000000d3900000, 0x00000000d3900000| Untracked 
| 250|0x00000000d3a00000, 0x00000000d3a00000, 0x00000000d3b00000|  0%| F|  |TAMS 0x00000000d3a00000, 0x00000000d3a00000| Untracked 
| 251|0x00000000d3b00000, 0x00000000d3b00000, 0x00000000d3c00000|  0%| F|  |TAMS 0x00000000d3b00000, 0x00000000d3b00000| Untracked 
| 252|0x00000000d3c00000, 0x00000000d3c00000, 0x00000000d3d00000|  0%| F|  |TAMS 0x00000000d3c00000, 0x00000000d3c00000| Untracked 
| 253|0x00000000d3d00000, 0x00000000d3d00000, 0x00000000d3e00000|  0%| F|  |TAMS 0x00000000d3d00000, 0x00000000d3d00000| Untracked 
| 254|0x00000000d3e00000, 0x00000000d3e00000, 0x00000000d3f00000|  0%| F|  |TAMS 0x00000000d3e00000, 0x00000000d3e00000| Untracked 
| 255|0x00000000d3f00000, 0x00000000d3f00000, 0x00000000d4000000|  0%| F|  |TAMS 0x00000000d3f00000, 0x00000000d3f00000| Untracked 
| 256|0x00000000d4000000, 0x00000000d4000000, 0x00000000d4100000|  0%| F|  |TAMS 0x00000000d4000000, 0x00000000d4000000| Untracked 
| 257|0x00000000d4100000, 0x00000000d4100000, 0x00000000d4200000|  0%| F|  |TAMS 0x00000000d4100000, 0x00000000d4100000| Untracked 
| 258|0x00000000d4200000, 0x00000000d4200000, 0x00000000d4300000|  0%| F|  |TAMS 0x00000000d4200000, 0x00000000d4200000| Untracked 
| 259|0x00000000d4300000, 0x00000000d4300000, 0x00000000d4400000|  0%| F|  |TAMS 0x00000000d4300000, 0x00000000d4300000| Untracked 
| 260|0x00000000d4400000, 0x00000000d4400000, 0x00000000d4500000|  0%| F|  |TAMS 0x00000000d4400000, 0x00000000d4400000| Untracked 
| 261|0x00000000d4500000, 0x00000000d4500000, 0x00000000d4600000|  0%| F|  |TAMS 0x00000000d4500000, 0x00000000d4500000| Untracked 
| 262|0x00000000d4600000, 0x00000000d4600000, 0x00000000d4700000|  0%| F|  |TAMS 0x00000000d4600000, 0x00000000d4600000| Untracked 
| 263|0x00000000d4700000, 0x00000000d4700000, 0x00000000d4800000|  0%| F|  |TAMS 0x00000000d4700000, 0x00000000d4700000| Untracked 
| 264|0x00000000d4800000, 0x00000000d4800000, 0x00000000d4900000|  0%| F|  |TAMS 0x00000000d4800000, 0x00000000d4800000| Untracked 
| 265|0x00000000d4900000, 0x00000000d4900000, 0x00000000d4a00000|  0%| F|  |TAMS 0x00000000d4900000, 0x00000000d4900000| Untracked 
| 266|0x00000000d4a00000, 0x00000000d4a00000, 0x00000000d4b00000|  0%| F|  |TAMS 0x00000000d4a00000, 0x00000000d4a00000| Untracked 
| 267|0x00000000d4b00000, 0x00000000d4b00000, 0x00000000d4c00000|  0%| F|  |TAMS 0x00000000d4b00000, 0x00000000d4b00000| Untracked 
| 268|0x00000000d4c00000, 0x00000000d4c00000, 0x00000000d4d00000|  0%| F|  |TAMS 0x00000000d4c00000, 0x00000000d4c00000| Untracked 
| 269|0x00000000d4d00000, 0x00000000d4d00000, 0x00000000d4e00000|  0%| F|  |TAMS 0x00000000d4d00000, 0x00000000d4d00000| Untracked 
| 270|0x00000000d4e00000, 0x00000000d4e00000, 0x00000000d4f00000|  0%| F|  |TAMS 0x00000000d4e00000, 0x00000000d4e00000| Untracked 
| 271|0x00000000d4f00000, 0x00000000d4f00000, 0x00000000d5000000|  0%| F|  |TAMS 0x00000000d4f00000, 0x00000000d4f00000| Untracked 
| 272|0x00000000d5000000, 0x00000000d5000000, 0x00000000d5100000|  0%| F|  |TAMS 0x00000000d5000000, 0x00000000d5000000| Untracked 
| 273|0x00000000d5100000, 0x00000000d5100000, 0x00000000d5200000|  0%| F|  |TAMS 0x00000000d5100000, 0x00000000d5100000| Untracked 
| 274|0x00000000d5200000, 0x00000000d5200000, 0x00000000d5300000|  0%| F|  |TAMS 0x00000000d5200000, 0x00000000d5200000| Untracked 
| 275|0x00000000d5300000, 0x00000000d5300000, 0x00000000d5400000|  0%| F|  |TAMS 0x00000000d5300000, 0x00000000d5300000| Untracked 
| 276|0x00000000d5400000, 0x00000000d5400000, 0x00000000d5500000|  0%| F|  |TAMS 0x00000000d5400000, 0x00000000d5400000| Untracked 
| 277|0x00000000d5500000, 0x00000000d5580000, 0x00000000d5600000| 50%| E|  |TAMS 0x00000000d5500000, 0x00000000d5500000| Complete 
| 278|0x00000000d5600000, 0x00000000d5602040, 0x00000000d5700000|  0%| S|CS|TAMS 0x00000000d5600000, 0x00000000d5600000| Complete 

Card table byte_map: [0x0000026a6fc30000,0x0000026a6fe10000] _byte_map_base: 0x0000026a6f610000

Marking Bits (Prev, Next): (CMBitMap*) 0x0000026a5d5b1760, (CMBitMap*) 0x0000026a5d5b17a0
 Prev Bits: [0x0000026a6fff0000, 0x0000026a70ef0000)
 Next Bits: [0x0000026a70ef0000, 0x0000026a71df0000)

Polling page: 0x0000026a5b510000

Metaspace:

Usage:
  Non-class:     21.78 MB used.
      Class:      3.16 MB used.
       Both:     24.94 MB used.

Virtual space:
  Non-class space:       64.00 MB reserved,      21.88 MB ( 34%) committed,  1 nodes.
      Class space:        1.00 GB reserved,       3.25 MB ( <1%) committed,  1 nodes.
             Both:        1.06 GB reserved,      25.12 MB (  2%) committed. 

Chunk freelists:
   Non-Class:  9.91 MB
       Class:  12.77 MB
        Both:  22.67 MB

MaxMetaspaceSize: unlimited
CompressedClassSpaceSize: 1.00 GB
Initial GC threshold: 21.00 MB
Current GC threshold: 41.88 MB
CDS: off
MetaspaceReclaimPolicy: balanced
 - commit_granule_bytes: 65536.
 - commit_granule_words: 8192.
 - virtual_space_node_default_size: 8388608.
 - enlarge_chunks_in_place: 1.
 - new_chunks_are_fully_committed: 0.
 - uncommit_free_chunks: 1.
 - use_allocation_guard: 0.
 - handle_deallocations: 1.


Internal statistics:

num_allocs_failed_limit: 0.
num_arena_births: 170.
num_arena_deaths: 0.
num_vsnodes_births: 2.
num_vsnodes_deaths: 0.
num_space_committed: 402.
num_space_uncommitted: 0.
num_chunks_returned_to_freelist: 0.
num_chunks_taken_from_freelist: 752.
num_chunk_merges: 0.
num_chunk_splits: 543.
num_chunks_enlarged: 443.
num_inconsistent_stats: 0.

CodeHeap 'non-profiled nmethods': size=120000Kb used=961Kb max_used=961Kb free=119038Kb
 bounds [0x0000026a68700000, 0x0000026a68970000, 0x0000026a6fc30000]
CodeHeap 'profiled nmethods': size=120000Kb used=4886Kb max_used=4886Kb free=115113Kb
 bounds [0x0000026a60c30000, 0x0000026a61100000, 0x0000026a68160000]
CodeHeap 'non-nmethods': size=5760Kb used=1463Kb max_used=1481Kb free=4296Kb
 bounds [0x0000026a68160000, 0x0000026a683d0000, 0x0000026a68700000]
 total_blobs=3529 nmethods=2707 adapters=733
 compilation: enabled
              stopped_count=0, restarted_count=0
 full_count=0

Compilation events (20 events):
Event: 15.764 Thread 0x0000026a7442dfb0 nmethod 2699% 0x0000026a610efe10 code [0x0000026a610f00a0, 0x0000026a610f1298]
Event: 15.769 Thread 0x0000026a7442dfb0 2700       3       com.sun.javafx.iio.gif.GIFImageLoader2::decodePalette (290 bytes)
Event: 15.770 Thread 0x0000026a7442dfb0 nmethod 2700 0x0000026a610f1b10 code [0x0000026a610f1da0, 0x0000026a610f2c58]
Event: 15.773 Thread 0x0000026a74401370 nmethod 2697 0x0000026a687e3d10 code [0x0000026a687e3ec0, 0x0000026a687e4598]
Event: 15.773 Thread 0x0000026a74401370 2698 %     4       com.sun.javafx.iio.gif.GIFImageLoader2::decodeImage @ 26 (161 bytes)
Event: 15.806 Thread 0x0000026a74401370 nmethod 2698% 0x0000026a687e4710 code [0x0000026a687e4900, 0x0000026a687e58d0]
Event: 15.806 Thread 0x0000026a74401370 2701 %     4       com.sun.javafx.iio.gif.GIFImageLoader2::decodePalette @ 66 (290 bytes)
Event: 15.833 Thread 0x0000026a74401370 nmethod 2701% 0x0000026a687e6290 code [0x0000026a687e6460, 0x0000026a687e6e78]
Event: 15.844 Thread 0x0000026a74401370 2702 %     4       com.sun.javafx.iio.gif.GIFImageLoader2::decodePalette @ 153 (290 bytes)
Event: 15.863 Thread 0x0000026a74401370 nmethod 2702% 0x0000026a687e7410 code [0x0000026a687e7600, 0x0000026a687e8458]
Event: 15.880 Thread 0x0000026a7442dfb0 2703 %     3       com.sun.javafx.iio.gif.GIFImageLoader2::decodeImage @ 48 (161 bytes)
Event: 15.881 Thread 0x0000026a7442dfb0 nmethod 2703% 0x0000026a610f3490 code [0x0000026a610f37c0, 0x0000026a610f4da8]
Event: 15.884 Thread 0x0000026a74401370 2704       4       com.sun.javafx.iio.gif.GIFImageLoader2::decodePalette (290 bytes)
Event: 15.915 Thread 0x0000026a74401370 nmethod 2704 0x0000026a687e8d90 code [0x0000026a687e8f60, 0x0000026a687e9eb8]
Event: 15.924 Thread 0x0000026a74401370 2705 %     4       com.sun.javafx.iio.gif.GIFImageLoader2::decodeImage @ 48 (161 bytes)
Event: 15.935 Thread 0x0000026a7442dfb0 2706       3       com.sun.javafx.iio.gif.GIFImageLoader2::readByte (22 bytes)
Event: 15.935 Thread 0x0000026a7442dfb0 nmethod 2706 0x0000026a610f5590 code [0x0000026a610f5740, 0x0000026a610f5a18]
Event: 15.941 Thread 0x0000026a74401370 nmethod 2705% 0x0000026a687ea510 code [0x0000026a687ea700, 0x0000026a687eb810]
Event: 15.946 Thread 0x0000026a74401370 2707       4       com.sun.javafx.iio.gif.GIFImageLoader2::decodeImage (161 bytes)
Event: 16.037 Thread 0x0000026a74401370 nmethod 2707 0x0000026a687ec090 code [0x0000026a687ec360, 0x0000026a687ef120]

GC Heap History (20 events):
Event: 3.527 GC heap before
{Heap before GC invocations=7 (full 0):
 garbage-first heap   total 92160K, used 72637K [0x00000000c4000000, 0x0000000100000000)
  region size 1024K, 19 young (19456K), 1 survivors (1024K)
 Metaspace       used 22638K, committed 22912K, reserved 1114112K
  class space    used 2923K, committed 3072K, reserved 1048576K
}
Event: 3.536 GC heap after
{Heap after GC invocations=8 (full 0):
 garbage-first heap   total 92160K, used 56479K [0x00000000c4000000, 0x0000000100000000)
  region size 1024K, 3 young (3072K), 3 survivors (3072K)
 Metaspace       used 22638K, committed 22912K, reserved 1114112K
  class space    used 2923K, committed 3072K, reserved 1048576K
}
Event: 15.890 GC heap before
{Heap before GC invocations=9 (full 0):
 garbage-first heap   total 97280K, used 89247K [0x00000000c4000000, 0x0000000100000000)
  region size 1024K, 14 young (14336K), 3 survivors (3072K)
 Metaspace       used 25539K, committed 25728K, reserved 1114112K
  class space    used 3235K, committed 3328K, reserved 1048576K
}
Event: 15.905 GC heap after
{Heap after GC invocations=10 (full 0):
 garbage-first heap   total 97280K, used 77320K [0x00000000c4000000, 0x0000000100000000)
  region size 1024K, 2 young (2048K), 2 survivors (2048K)
 Metaspace       used 25539K, committed 25728K, reserved 1114112K
  class space    used 3235K, committed 3328K, reserved 1048576K
}
Event: 15.931 GC heap before
{Heap before GC invocations=10 (full 0):
 garbage-first heap   total 102400K, used 96776K [0x00000000c4000000, 0x0000000100000000)
  region size 1024K, 3 young (3072K), 2 survivors (2048K)
 Metaspace       used 25539K, committed 25728K, reserved 1114112K
  class space    used 3235K, committed 3328K, reserved 1048576K
}
Event: 15.935 GC heap after
{Heap after GC invocations=11 (full 0):
 garbage-first heap   total 102400K, used 90726K [0x00000000c4000000, 0x0000000100000000)
  region size 1024K, 1 young (1024K), 1 survivors (1024K)
 Metaspace       used 25539K, committed 25728K, reserved 1114112K
  class space    used 3235K, committed 3328K, reserved 1048576K
}
Event: 15.942 GC heap before
{Heap before GC invocations=11 (full 0):
 garbage-first heap   total 102400K, used 92774K [0x00000000c4000000, 0x0000000100000000)
  region size 1024K, 2 young (2048K), 1 survivors (1024K)
 Metaspace       used 25539K, committed 25728K, reserved 1114112K
  class space    used 3235K, committed 3328K, reserved 1048576K
}
Event: 15.942 GC heap after
{Heap after GC invocations=12 (full 0):
 garbage-first heap   total 102400K, used 92674K [0x00000000c4000000, 0x0000000100000000)
  region size 1024K, 1 young (1024K), 1 survivors (1024K)
 Metaspace       used 25539K, committed 25728K, reserved 1114112K
  class space    used 3235K, committed 3328K, reserved 1048576K
}
Event: 15.952 GC heap before
{Heap before GC invocations=12 (full 0):
 garbage-first heap   total 107520K, used 99842K [0x00000000c4000000, 0x0000000100000000)
  region size 1024K, 2 young (2048K), 1 survivors (1024K)
 Metaspace       used 25539K, committed 25728K, reserved 1114112K
  class space    used 3235K, committed 3328K, reserved 1048576K
}
Event: 15.953 GC heap after
{Heap after GC invocations=13 (full 0):
 garbage-first heap   total 184320K, used 97778K [0x00000000c4000000, 0x0000000100000000)
  region size 1024K, 1 young (1024K), 1 survivors (1024K)
 Metaspace       used 25539K, committed 25728K, reserved 1114112K
  class space    used 3235K, committed 3328K, reserved 1048576K
}
Event: 15.975 GC heap before
{Heap before GC invocations=14 (full 0):
 garbage-first heap   total 184320K, used 112114K [0x00000000c4000000, 0x0000000100000000)
  region size 1024K, 2 young (2048K), 1 survivors (1024K)
 Metaspace       used 25539K, committed 25728K, reserved 1114112K
  class space    used 3235K, committed 3328K, reserved 1048576K
}
Event: 15.976 GC heap after
{Heap after GC invocations=15 (full 0):
 garbage-first heap   total 184320K, used 108005K [0x00000000c4000000, 0x0000000100000000)
  region size 1024K, 1 young (1024K), 1 survivors (1024K)
 Metaspace       used 25539K, committed 25728K, reserved 1114112K
  class space    used 3235K, committed 3328K, reserved 1048576K
}
Event: 16.010 GC heap before
{Heap before GC invocations=16 (full 0):
 garbage-first heap   total 208896K, used 129509K [0x00000000c4000000, 0x0000000100000000)
  region size 1024K, 2 young (2048K), 1 survivors (1024K)
 Metaspace       used 25539K, committed 25728K, reserved 1114112K
  class space    used 3235K, committed 3328K, reserved 1048576K
}
Event: 16.010 GC heap after
{Heap after GC invocations=17 (full 0):
 garbage-first heap   total 208896K, used 123367K [0x00000000c4000000, 0x0000000100000000)
  region size 1024K, 1 young (1024K), 1 survivors (1024K)
 Metaspace       used 25539K, committed 25728K, reserved 1114112K
  class space    used 3235K, committed 3328K, reserved 1048576K
}
Event: 16.043 GC heap before
{Heap before GC invocations=18 (full 0):
 garbage-first heap   total 234496K, used 144871K [0x00000000c4000000, 0x0000000100000000)
  region size 1024K, 2 young (2048K), 1 survivors (1024K)
 Metaspace       used 25539K, committed 25728K, reserved 1114112K
  class space    used 3235K, committed 3328K, reserved 1048576K
}
Event: 16.044 GC heap after
{Heap after GC invocations=19 (full 0):
 garbage-first heap   total 234496K, used 138727K [0x00000000c4000000, 0x0000000100000000)
  region size 1024K, 1 young (1024K), 1 survivors (1024K)
 Metaspace       used 25539K, committed 25728K, reserved 1114112K
  class space    used 3235K, committed 3328K, reserved 1048576K
}
Event: 16.081 GC heap before
{Heap before GC invocations=20 (full 0):
 garbage-first heap   total 256000K, used 160231K [0x00000000c4000000, 0x0000000100000000)
  region size 1024K, 2 young (2048K), 1 survivors (1024K)
 Metaspace       used 25539K, committed 25728K, reserved 1114112K
  class space    used 3235K, committed 3328K, reserved 1048576K
}
Event: 16.082 GC heap after
{Heap after GC invocations=21 (full 0):
 garbage-first heap   total 256000K, used 154087K [0x00000000c4000000, 0x0000000100000000)
  region size 1024K, 1 young (1024K), 1 survivors (1024K)
 Metaspace       used 25539K, committed 25728K, reserved 1114112K
  class space    used 3235K, committed 3328K, reserved 1048576K
}
Event: 16.117 GC heap before
{Heap before GC invocations=22 (full 0):
 garbage-first heap   total 285696K, used 175591K [0x00000000c4000000, 0x0000000100000000)
  region size 1024K, 2 young (2048K), 1 survivors (1024K)
 Metaspace       used 25539K, committed 25728K, reserved 1114112K
  class space    used 3235K, committed 3328K, reserved 1048576K
}
Event: 16.117 GC heap after
{Heap after GC invocations=23 (full 0):
 garbage-first heap   total 285696K, used 169449K [0x00000000c4000000, 0x0000000100000000)
  region size 1024K, 1 young (1024K), 1 survivors (1024K)
 Metaspace       used 25539K, committed 25728K, reserved 1114112K
  class space    used 3235K, committed 3328K, reserved 1048576K
}

Dll operation events (20 events):
Event: 0.898 Loaded shared library C:\Users\sabah\OneDrive\Desktop\Intro To Human-Computer Interaction\Lab\javafx jars\javafx-sdk-21.0.1\bin\api-ms-win-crt-math-l1-1-0.dll
Event: 0.899 Loaded shared library C:\Users\sabah\OneDrive\Desktop\Intro To Human-Computer Interaction\Lab\javafx jars\javafx-sdk-21.0.1\bin\api-ms-win-crt-multibyte-l1-1-0.dll
Event: 0.901 Loaded shared library C:\Users\sabah\OneDrive\Desktop\Intro To Human-Computer Interaction\Lab\javafx jars\javafx-sdk-21.0.1\bin\api-ms-win-crt-private-l1-1-0.dll
Event: 0.904 Loaded shared library C:\Users\sabah\OneDrive\Desktop\Intro To Human-Computer Interaction\Lab\javafx jars\javafx-sdk-21.0.1\bin\api-ms-win-crt-process-l1-1-0.dll
Event: 0.906 Loaded shared library C:\Users\sabah\OneDrive\Desktop\Intro To Human-Computer Interaction\Lab\javafx jars\javafx-sdk-21.0.1\bin\api-ms-win-crt-runtime-l1-1-0.dll
Event: 0.909 Loaded shared library C:\Users\sabah\OneDrive\Desktop\Intro To Human-Computer Interaction\Lab\javafx jars\javafx-sdk-21.0.1\bin\api-ms-win-crt-stdio-l1-1-0.dll
Event: 0.911 Loaded shared library C:\Users\sabah\OneDrive\Desktop\Intro To Human-Computer Interaction\Lab\javafx jars\javafx-sdk-21.0.1\bin\api-ms-win-crt-string-l1-1-0.dll
Event: 0.913 Loaded shared library C:\Users\sabah\OneDrive\Desktop\Intro To Human-Computer Interaction\Lab\javafx jars\javafx-sdk-21.0.1\bin\api-ms-win-crt-time-l1-1-0.dll
Event: 0.914 Loaded shared library C:\Users\sabah\OneDrive\Desktop\Intro To Human-Computer Interaction\Lab\javafx jars\javafx-sdk-21.0.1\bin\api-ms-win-crt-utility-l1-1-0.dll
Event: 0.918 Loaded shared library C:\Users\sabah\OneDrive\Desktop\Intro To Human-Computer Interaction\Lab\javafx jars\javafx-sdk-21.0.1\bin\ucrtbase.dll
Event: 0.922 Loaded shared library C:\Users\sabah\OneDrive\Desktop\Intro To Human-Computer Interaction\Lab\javafx jars\javafx-sdk-21.0.1\bin\vcruntime140.dll
Event: 0.924 Loaded shared library C:\Users\sabah\OneDrive\Desktop\Intro To Human-Computer Interaction\Lab\javafx jars\javafx-sdk-21.0.1\bin\vcruntime140_1.dll
Event: 0.933 Loaded shared library C:\Users\sabah\OneDrive\Desktop\Intro To Human-Computer Interaction\Lab\javafx jars\javafx-sdk-21.0.1\bin\msvcp140.dll
Event: 0.940 Loaded shared library C:\Users\sabah\OneDrive\Desktop\Intro To Human-Computer Interaction\Lab\javafx jars\javafx-sdk-21.0.1\bin\msvcp140_1.dll
Event: 0.945 Loaded shared library C:\Users\sabah\OneDrive\Desktop\Intro To Human-Computer Interaction\Lab\javafx jars\javafx-sdk-21.0.1\bin\msvcp140_2.dll
Event: 1.012 Loaded shared library C:\Users\sabah\OneDrive\Desktop\Intro To Human-Computer Interaction\Lab\javafx jars\javafx-sdk-21.0.1\bin\prism_d3d.dll
Event: 1.133 Loaded shared library C:\Users\sabah\OneDrive\Desktop\Intro To Human-Computer Interaction\Lab\javafx jars\javafx-sdk-21.0.1\bin\glass.dll
Event: 1.389 Loaded shared library C:\Users\sabah\.p2\pool\plugins\org.eclipse.justj.openjdk.hotspot.jre.full.win32.x86_64_17.0.8.v20230831-1047\jre\bin\jimage.dll
Event: 1.872 Loaded shared library C:\Users\sabah\OneDrive\Desktop\Intro To Human-Computer Interaction\Lab\javafx jars\javafx-sdk-21.0.1\bin\javafx_iio.dll
Event: 2.539 Loaded shared library C:\Users\sabah\OneDrive\Desktop\Intro To Human-Computer Interaction\Lab\javafx jars\javafx-sdk-21.0.1\bin\javafx_font.dll

Deoptimization events (20 events):
Event: 15.925 Thread 0x0000026a79353550 DEOPT PACKING pc=0x0000026a610ee2d6 sp=0x00000074bd5fcf40
Event: 15.925 Thread 0x0000026a79353550 DEOPT UNPACKING pc=0x0000026a681bace3 sp=0x00000074bd5fc460 mode 0
Event: 15.946 Thread 0x0000026a79353550 DEOPT PACKING pc=0x0000026a610ee2b5 sp=0x00000074bd5fcf40
Event: 15.946 Thread 0x0000026a79353550 DEOPT UNPACKING pc=0x0000026a681bace3 sp=0x00000074bd5fc460 mode 0
Event: 15.957 Thread 0x0000026a79353550 DEOPT PACKING pc=0x0000026a610ee2b5 sp=0x00000074bd5fcf40
Event: 15.957 Thread 0x0000026a79353550 DEOPT UNPACKING pc=0x0000026a681bace3 sp=0x00000074bd5fc460 mode 0
Event: 15.970 Thread 0x0000026a79353550 DEOPT PACKING pc=0x0000026a610ee2d6 sp=0x00000074bd5fcf40
Event: 15.970 Thread 0x0000026a79353550 DEOPT UNPACKING pc=0x0000026a681bace3 sp=0x00000074bd5fc460 mode 0
Event: 15.979 Thread 0x0000026a79353550 DEOPT PACKING pc=0x0000026a610ee2d6 sp=0x00000074bd5fcf40
Event: 15.979 Thread 0x0000026a79353550 DEOPT UNPACKING pc=0x0000026a681bace3 sp=0x00000074bd5fc460 mode 0
Event: 15.989 Thread 0x0000026a79353550 DEOPT PACKING pc=0x0000026a610ee2d6 sp=0x00000074bd5fcf40
Event: 15.989 Thread 0x0000026a79353550 DEOPT UNPACKING pc=0x0000026a681bace3 sp=0x00000074bd5fc460 mode 0
Event: 16.003 Thread 0x0000026a79353550 DEOPT PACKING pc=0x0000026a610ee2d6 sp=0x00000074bd5fcf40
Event: 16.003 Thread 0x0000026a79353550 DEOPT UNPACKING pc=0x0000026a681bace3 sp=0x00000074bd5fc460 mode 0
Event: 16.015 Thread 0x0000026a79353550 DEOPT PACKING pc=0x0000026a610ee2d6 sp=0x00000074bd5fcf40
Event: 16.015 Thread 0x0000026a79353550 DEOPT UNPACKING pc=0x0000026a681bace3 sp=0x00000074bd5fc460 mode 0
Event: 16.024 Thread 0x0000026a79353550 DEOPT PACKING pc=0x0000026a610ee2d6 sp=0x00000074bd5fcf40
Event: 16.024 Thread 0x0000026a79353550 DEOPT UNPACKING pc=0x0000026a681bace3 sp=0x00000074bd5fc460 mode 0
Event: 16.037 Thread 0x0000026a79353550 DEOPT PACKING pc=0x0000026a610ee2d6 sp=0x00000074bd5fcf40
Event: 16.037 Thread 0x0000026a79353550 DEOPT UNPACKING pc=0x0000026a681bace3 sp=0x00000074bd5fc460 mode 0

Classes unloaded (0 events):
No events

Classes redefined (0 events):
No events

Internal exceptions (20 events):
Event: 2.880 Thread 0x0000026a79353550 Exception <a 'java/lang/NoSuchMethodError'{0x00000000c9400490}: 'java.lang.Object java.lang.invoke.DirectMethodHandle$Holder.invokeSpecial(java.lang.Object, java.lang.Object, java.lang.Object, java.lang.Object, java.lang.Object, java.lang.Object, java.lang.Object, java.lang.Object, java.lang.Object, java.lang.Object)'> (0x00000000c9400490) 
thrown [s\src\hotspot\share\interpreter\linkResolver.cpp, line 759]
Event: 2.880 Thread 0x0000026a79353550 Exception <a 'java/lang/NoSuchMethodError'{0x00000000c94049f0}: 'java.lang.Object java.lang.invoke.Invokers$Holder.linkToTargetMethod(java.lang.Object, java.lang.Object, java.lang.Object, java.lang.Object, java.lang.Object, java.lang.Object, java.lang.Object, java.lang.Object, java.lang.Object)'> (0x00000000c94049f0) 
thrown [s\src\hotspot\share\interpreter\linkResolver.cpp, line 759]
Event: 2.918 Thread 0x0000026a79353550 Exception <a 'sun/nio/fs/WindowsException'{0x00000000c93acf00}> (0x00000000c93acf00) 
thrown [s\src\hotspot\share\prims\jni.cpp, line 516]
Event: 2.931 Thread 0x0000026a79353550 Implicit null exception at 0x0000026a68724458 to 0x0000026a687244ea
Event: 2.936 Thread 0x0000026a79353550 Implicit null exception at 0x0000026a6877eb8d to 0x0000026a6877f13c
Event: 2.936 Thread 0x0000026a79353550 Implicit null exception at 0x0000026a6877af0d to 0x0000026a6877b4b8
Event: 2.936 Thread 0x0000026a79353550 Implicit null exception at 0x0000026a6872410f to 0x0000026a68724185
Event: 3.134 Thread 0x0000026a79353550 Exception <a 'java/lang/ClassNotFoundException'{0x00000000c8ddb680}: com/sun/javafx/scene/control/skin/resources/controls> (0x00000000c8ddb680) 
thrown [s\src\hotspot\share\prims\jni.cpp, line 535]
Event: 3.135 Thread 0x0000026a79353550 Exception <a 'java/lang/ClassNotFoundException'{0x00000000c8de9d00}: com/sun/javafx/scene/control/skin/resources/controls_en> (0x00000000c8de9d00) 
thrown [s\src\hotspot\share\prims\jni.cpp, line 535]
Event: 3.135 Thread 0x0000026a79353550 Exception <a 'java/lang/ClassNotFoundException'{0x00000000c8deac98}: com/sun/javafx/scene/control/skin/resources/controls_en_US> (0x00000000c8deac98) 
thrown [s\src\hotspot\share\prims\jni.cpp, line 535]
Event: 3.322 Thread 0x0000026a79353550 Exception <a 'java/lang/NoSuchMethodError'{0x00000000c8bb2f40}: 'void java.lang.invoke.DirectMethodHandle$Holder.invokeSpecial(java.lang.Object, java.lang.Object, java.lang.Object, java.lang.Object, java.lang.Object, java.lang.Object)'> (0x00000000c8bb2f40) 
thrown [s\src\hotspot\share\interpreter\linkResolver.cpp, line 759]
Event: 3.324 Thread 0x0000026a79353550 Exception <a 'java/lang/NoSuchMethodError'{0x00000000c8bd3a10}: 'java.lang.Object java.lang.invoke.DirectMethodHandle$Holder.invokeInterface(java.lang.Object, java.lang.Object, java.lang.Object)'> (0x00000000c8bd3a10) 
thrown [s\src\hotspot\share\interpreter\linkResolver.cpp, line 759]
Event: 3.324 Thread 0x0000026a79353550 Exception <a 'java/lang/IncompatibleClassChangeError'{0x00000000c8bd70d8}: Found class java.lang.Object, but interface was expected> (0x00000000c8bd70d8) 
thrown [s\src\hotspot\share\interpreter\linkResolver.cpp, line 826]
Event: 3.409 Thread 0x0000026a79353550 Exception <a 'java/lang/NoSuchMethodError'{0x00000000c871bcb0}: 'java.lang.Object java.lang.invoke.DirectMethodHandle$Holder.newInvokeSpecial(java.lang.Object, java.lang.Object, int)'> (0x00000000c871bcb0) 
thrown [s\src\hotspot\share\interpreter\linkResolver.cpp, line 759]
Event: 3.553 Thread 0x0000026a79353550 Exception <a 'java/lang/NoSuchMethodError'{0x00000000c9936928}: 'long java.lang.invoke.DirectMethodHandle$Holder.invokeStatic(java.lang.Object, java.lang.Object, java.lang.Object)'> (0x00000000c9936928) 
thrown [s\src\hotspot\share\interpreter\linkResolver.cpp, line 759]
Event: 3.553 Thread 0x0000026a79353550 Exception <a 'java/lang/NoSuchMethodError'{0x00000000c993a0d0}: 'long java.lang.invoke.DirectMethodHandle$Holder.invokeStaticInit(java.lang.Object, java.lang.Object, java.lang.Object)'> (0x00000000c993a0d0) 
thrown [s\src\hotspot\share\interpreter\linkResolver.cpp, line 759]
Event: 3.557 Thread 0x0000026a791f6670 Exception <a 'java/lang/NoSuchMethodError'{0x00000000c997e728}: 'int java.lang.invoke.DirectMethodHandle$Holder.invokeStaticInit(java.lang.Object, java.lang.Object)'> (0x00000000c997e728) 
thrown [s\src\hotspot\share\interpreter\linkResolver.cpp, line 759]
Event: 3.557 Thread 0x0000026a79353550 Exception <a 'java/lang/NoSuchMethodError'{0x00000000c9951cd0}: 'java.lang.Object java.lang.invoke.DirectMethodHandle$Holder.newInvokeSpecial(java.lang.Object, java.lang.Object, long)'> (0x00000000c9951cd0) 
thrown [s\src\hotspot\share\interpreter\linkResolver.cpp, line 759]
Event: 3.558 Thread 0x0000026a79353550 Exception <a 'java/lang/NoSuchMethodError'{0x00000000c9955840}: 'java.lang.Object java.lang.invoke.Invokers$Holder.linkToTargetMethod(java.lang.Object, long, java.lang.Object)'> (0x00000000c9955840) 
thrown [s\src\hotspot\share\interpreter\linkResolver.cpp, line 759]
Event: 12.872 Thread 0x0000026a79353550 Exception <a 'java/lang/NoSuchMethodError'{0x00000000c97e5e00}: 'void java.lang.invoke.DirectMethodHandle$Holder.invokeStatic(java.lang.Object, java.lang.Object, java.lang.Object, java.lang.Object, java.lang.Object, java.lang.Object, java.lang.Object, java.lang.Object, java.lang.Object, java.lang.Object)'> (0x00000000c97e5e00) 
thrown [s\src\hotspot\share\interpreter\linkResolver.cpp, line 759]

VM Operations (20 events):
Event: 16.010 Executing VM operation: G1TryInitiateConcMark done
Event: 16.026 Executing VM operation: G1PauseRemark
Event: 16.028 Executing VM operation: G1PauseRemark done
Event: 16.034 Executing VM operation: G1PauseCleanup
Event: 16.035 Executing VM operation: G1PauseCleanup done
Event: 16.042 Executing VM operation: G1TryInitiateConcMark
Event: 16.044 Executing VM operation: G1TryInitiateConcMark done
Event: 16.059 Executing VM operation: G1PauseRemark
Event: 16.062 Executing VM operation: G1PauseRemark done
Event: 16.069 Executing VM operation: G1PauseCleanup
Event: 16.074 Executing VM operation: G1PauseCleanup done
Event: 16.081 Executing VM operation: G1TryInitiateConcMark
Event: 16.082 Executing VM operation: G1TryInitiateConcMark done
Event: 16.097 Executing VM operation: G1PauseRemark
Event: 16.100 Executing VM operation: G1PauseRemark done
Event: 16.107 Executing VM operation: G1PauseCleanup
Event: 16.109 Executing VM operation: G1PauseCleanup done
Event: 16.116 Executing VM operation: G1TryInitiateConcMark
Event: 16.117 Executing VM operation: G1TryInitiateConcMark done
Event: 16.133 Executing VM operation: G1PauseRemark

Events (20 events):
Event: 12.843 loading class java/util/ListResourceBundle done
Event: 12.843 loading class sun/util/resources/cldr/CalendarData done
Event: 12.843 loading class sun/util/resources/Bundles$BundleReference
Event: 12.843 loading class sun/util/resources/Bundles$CacheKeyReference
Event: 12.843 loading class sun/util/resources/Bundles$CacheKeyReference done
Event: 12.843 loading class sun/util/resources/Bundles$BundleReference done
Event: 12.843 loading class sun/util/locale/provider/LocaleResources$ResourceReference
Event: 12.843 loading class sun/util/locale/provider/LocaleResources$ResourceReference done
Event: 12.844 loading class sun/util/calendar/Gregorian$Date
Event: 12.844 loading class sun/util/calendar/BaseCalendar$Date
Event: 12.844 loading class sun/util/calendar/CalendarDate
Event: 12.844 loading class sun/util/calendar/CalendarDate done
Event: 12.844 loading class sun/util/calendar/BaseCalendar$Date done
Event: 12.844 loading class sun/util/calendar/Gregorian$Date done
Event: 12.845 loading class sun/util/calendar/CalendarUtils
Event: 12.845 loading class sun/util/calendar/CalendarUtils done
Event: 12.847 loading class java/time/format/DateTimeParseException
Event: 12.848 loading class java/time/DateTimeException
Event: 12.848 loading class java/time/DateTimeException done
Event: 12.848 loading class java/time/format/DateTimeParseException done


Dynamic libraries:
0x00007ff69a8d0000 - 0x00007ff69a8de000 	C:\Users\sabah\.p2\pool\plugins\org.eclipse.justj.openjdk.hotspot.jre.full.win32.x86_64_17.0.8.v20230831-1047\jre\bin\javaw.exe
0x00007ffb63430000 - 0x00007ffb63647000 	C:\WINDOWS\SYSTEM32\ntdll.dll
0x00007ffb62d40000 - 0x00007ffb62e04000 	C:\WINDOWS\System32\KERNEL32.DLL
0x00007ffb60aa0000 - 0x00007ffb60e46000 	C:\WINDOWS\System32\KERNELBASE.dll
0x00007ffb60890000 - 0x00007ffb609a1000 	C:\WINDOWS\System32\ucrtbase.dll
0x00007ffb48350000 - 0x00007ffb48367000 	C:\Users\sabah\.p2\pool\plugins\org.eclipse.justj.openjdk.hotspot.jre.full.win32.x86_64_17.0.8.v20230831-1047\jre\bin\jli.dll
0x00007ffb46f90000 - 0x00007ffb46fa9000 	C:\Users\sabah\.p2\pool\plugins\org.eclipse.justj.openjdk.hotspot.jre.full.win32.x86_64_17.0.8.v20230831-1047\jre\bin\VCRUNTIME140.dll
0x00007ffb618f0000 - 0x00007ffb61a9e000 	C:\WINDOWS\System32\USER32.dll
0x00007ffb609b0000 - 0x00007ffb609d6000 	C:\WINDOWS\System32\win32u.dll
0x00007ffb62190000 - 0x00007ffb621b9000 	C:\WINDOWS\System32\GDI32.dll
0x00007ffb60e50000 - 0x00007ffb60f68000 	C:\WINDOWS\System32\gdi32full.dll
0x00007ffb60f70000 - 0x00007ffb6100a000 	C:\WINDOWS\System32\msvcp_win.dll
0x00007ffb43690000 - 0x00007ffb43923000 	C:\WINDOWS\WinSxS\amd64_microsoft.windows.common-controls_6595b64144ccf1df_6.0.22621.2506_none_270c5ae97388e100\COMCTL32.dll
0x00007ffb63040000 - 0x00007ffb630e7000 	C:\WINDOWS\System32\msvcrt.dll
0x00007ffb632b0000 - 0x00007ffb632e1000 	C:\WINDOWS\System32\IMM32.DLL
0x00007ffb484c0000 - 0x00007ffb484cc000 	C:\Users\sabah\.p2\pool\plugins\org.eclipse.justj.openjdk.hotspot.jre.full.win32.x86_64_17.0.8.v20230831-1047\jre\bin\vcruntime140_1.dll
0x00007ffb251e0000 - 0x00007ffb25271000 	C:\Users\sabah\.p2\pool\plugins\org.eclipse.justj.openjdk.hotspot.jre.full.win32.x86_64_17.0.8.v20230831-1047\jre\bin\msvcp140.dll
0x00007ffaeea10000 - 0x00007ffaef65c000 	C:\Users\sabah\.p2\pool\plugins\org.eclipse.justj.openjdk.hotspot.jre.full.win32.x86_64_17.0.8.v20230831-1047\jre\bin\server\jvm.dll
0x00007ffb62350000 - 0x00007ffb62401000 	C:\WINDOWS\System32\ADVAPI32.dll
0x00007ffb62c90000 - 0x00007ffb62d35000 	C:\WINDOWS\System32\sechost.dll
0x00007ffb62e40000 - 0x00007ffb62f57000 	C:\WINDOWS\System32\RPCRT4.dll
0x00007ffb60670000 - 0x00007ffb606bd000 	C:\WINDOWS\SYSTEM32\POWRPROF.dll
0x00007ffb5c3e0000 - 0x00007ffb5c3e9000 	C:\WINDOWS\SYSTEM32\WSOCK32.dll
0x00007ffb62fc0000 - 0x00007ffb63031000 	C:\WINDOWS\System32\WS2_32.dll
0x00007ffb558e0000 - 0x00007ffb55914000 	C:\WINDOWS\SYSTEM32\WINMM.dll
0x00007ffb4f0a0000 - 0x00007ffb4f0aa000 	C:\WINDOWS\SYSTEM32\VERSION.dll
0x00007ffb60650000 - 0x00007ffb60663000 	C:\WINDOWS\SYSTEM32\UMPDC.dll
0x00007ffb5f7a0000 - 0x00007ffb5f7b8000 	C:\WINDOWS\SYSTEM32\kernel.appcore.dll
0x00007ffb48330000 - 0x00007ffb4833a000 	C:\Users\sabah\.p2\pool\plugins\org.eclipse.justj.openjdk.hotspot.jre.full.win32.x86_64_17.0.8.v20230831-1047\jre\bin\jimage.dll
0x00007ffb5e020000 - 0x00007ffb5e253000 	C:\WINDOWS\SYSTEM32\DBGHELP.DLL
0x00007ffb61320000 - 0x00007ffb616a9000 	C:\WINDOWS\System32\combase.dll
0x00007ffb62270000 - 0x00007ffb62347000 	C:\WINDOWS\System32\OLEAUT32.dll
0x00007ffb3c200000 - 0x00007ffb3c232000 	C:\WINDOWS\SYSTEM32\dbgcore.DLL
0x00007ffb60810000 - 0x00007ffb6088a000 	C:\WINDOWS\System32\bcryptPrimitives.dll
0x00007ffb2c9a0000 - 0x00007ffb2c9c5000 	C:\Users\sabah\.p2\pool\plugins\org.eclipse.justj.openjdk.hotspot.jre.full.win32.x86_64_17.0.8.v20230831-1047\jre\bin\java.dll
0x00007ffb477e0000 - 0x00007ffb477f8000 	C:\Users\sabah\.p2\pool\plugins\org.eclipse.justj.openjdk.hotspot.jre.full.win32.x86_64_17.0.8.v20230831-1047\jre\bin\zip.dll
0x00007ffb62410000 - 0x00007ffb62c6a000 	C:\WINDOWS\System32\SHELL32.dll
0x00007ffb5e6c0000 - 0x00007ffb5efb6000 	C:\WINDOWS\SYSTEM32\windows.storage.dll
0x00007ffb5e580000 - 0x00007ffb5e6be000 	C:\WINDOWS\SYSTEM32\wintypes.dll
0x00007ffb63140000 - 0x00007ffb63233000 	C:\WINDOWS\System32\SHCORE.dll
0x00007ffb62f60000 - 0x00007ffb62fbe000 	C:\WINDOWS\System32\shlwapi.dll
0x00007ffb606d0000 - 0x00007ffb606f6000 	C:\WINDOWS\SYSTEM32\profapi.dll
0x00007ffb2c980000 - 0x00007ffb2c999000 	C:\Users\sabah\.p2\pool\plugins\org.eclipse.justj.openjdk.hotspot.jre.full.win32.x86_64_17.0.8.v20230831-1047\jre\bin\net.dll
0x00007ffb58630000 - 0x00007ffb58767000 	C:\WINDOWS\SYSTEM32\WINHTTP.dll
0x00007ffb5fc20000 - 0x00007ffb5fc89000 	C:\WINDOWS\system32\mswsock.dll
0x00007ffb2c960000 - 0x00007ffb2c975000 	C:\Users\sabah\.p2\pool\plugins\org.eclipse.justj.openjdk.hotspot.jre.full.win32.x86_64_17.0.8.v20230831-1047\jre\bin\nio.dll
0x0000026a5b570000 - 0x0000026a5b573000 	C:\Users\sabah\OneDrive\Desktop\Intro To Human-Computer Interaction\Lab\javafx jars\javafx-sdk-21.0.1\bin\api-ms-win-core-console-l1-1-0.dll
0x0000026a74930000 - 0x0000026a74933000 	C:\Users\sabah\OneDrive\Desktop\Intro To Human-Computer Interaction\Lab\javafx jars\javafx-sdk-21.0.1\bin\api-ms-win-core-console-l1-2-0.dll
0x0000026a74940000 - 0x0000026a74943000 	C:\Users\sabah\OneDrive\Desktop\Intro To Human-Computer Interaction\Lab\javafx jars\javafx-sdk-21.0.1\bin\api-ms-win-core-datetime-l1-1-0.dll
0x0000026a74950000 - 0x0000026a74953000 	C:\Users\sabah\OneDrive\Desktop\Intro To Human-Computer Interaction\Lab\javafx jars\javafx-sdk-21.0.1\bin\api-ms-win-core-debug-l1-1-0.dll
0x0000026a74960000 - 0x0000026a74963000 	C:\Users\sabah\OneDrive\Desktop\Intro To Human-Computer Interaction\Lab\javafx jars\javafx-sdk-21.0.1\bin\api-ms-win-core-errorhandling-l1-1-0.dll
0x0000026a74970000 - 0x0000026a74974000 	C:\Users\sabah\OneDrive\Desktop\Intro To Human-Computer Interaction\Lab\javafx jars\javafx-sdk-21.0.1\bin\api-ms-win-core-file-l1-1-0.dll
0x0000026a74980000 - 0x0000026a74983000 	C:\Users\sabah\OneDrive\Desktop\Intro To Human-Computer Interaction\Lab\javafx jars\javafx-sdk-21.0.1\bin\api-ms-win-core-file-l1-2-0.dll
0x0000026a74990000 - 0x0000026a74993000 	C:\Users\sabah\OneDrive\Desktop\Intro To Human-Computer Interaction\Lab\javafx jars\javafx-sdk-21.0.1\bin\api-ms-win-core-file-l2-1-0.dll
0x0000026a749a0000 - 0x0000026a749a3000 	C:\Users\sabah\OneDrive\Desktop\Intro To Human-Computer Interaction\Lab\javafx jars\javafx-sdk-21.0.1\bin\api-ms-win-core-handle-l1-1-0.dll
0x0000026a749b0000 - 0x0000026a749b3000 	C:\Users\sabah\OneDrive\Desktop\Intro To Human-Computer Interaction\Lab\javafx jars\javafx-sdk-21.0.1\bin\api-ms-win-core-heap-l1-1-0.dll
0x0000026a749c0000 - 0x0000026a749c3000 	C:\Users\sabah\OneDrive\Desktop\Intro To Human-Computer Interaction\Lab\javafx jars\javafx-sdk-21.0.1\bin\api-ms-win-core-interlocked-l1-1-0.dll
0x0000026a749d0000 - 0x0000026a749d3000 	C:\Users\sabah\OneDrive\Desktop\Intro To Human-Computer Interaction\Lab\javafx jars\javafx-sdk-21.0.1\bin\api-ms-win-core-libraryloader-l1-1-0.dll
0x0000026a749e0000 - 0x0000026a749e3000 	C:\Users\sabah\OneDrive\Desktop\Intro To Human-Computer Interaction\Lab\javafx jars\javafx-sdk-21.0.1\bin\api-ms-win-core-localization-l1-2-0.dll
0x0000026a749f0000 - 0x0000026a749f3000 	C:\Users\sabah\OneDrive\Desktop\Intro To Human-Computer Interaction\Lab\javafx jars\javafx-sdk-21.0.1\bin\api-ms-win-core-memory-l1-1-0.dll
0x0000026a74a00000 - 0x0000026a74a03000 	C:\Users\sabah\OneDrive\Desktop\Intro To Human-Computer Interaction\Lab\javafx jars\javafx-sdk-21.0.1\bin\api-ms-win-core-namedpipe-l1-1-0.dll
0x0000026a74a10000 - 0x0000026a74a13000 	C:\Users\sabah\OneDrive\Desktop\Intro To Human-Computer Interaction\Lab\javafx jars\javafx-sdk-21.0.1\bin\api-ms-win-core-processenvironment-l1-1-0.dll
0x0000026a74a20000 - 0x0000026a74a23000 	C:\Users\sabah\OneDrive\Desktop\Intro To Human-Computer Interaction\Lab\javafx jars\javafx-sdk-21.0.1\bin\api-ms-win-core-processthreads-l1-1-0.dll
0x0000026a74a30000 - 0x0000026a74a33000 	C:\Users\sabah\OneDrive\Desktop\Intro To Human-Computer Interaction\Lab\javafx jars\javafx-sdk-21.0.1\bin\api-ms-win-core-processthreads-l1-1-1.dll
0x0000026a74a40000 - 0x0000026a74a43000 	C:\Users\sabah\OneDrive\Desktop\Intro To Human-Computer Interaction\Lab\javafx jars\javafx-sdk-21.0.1\bin\api-ms-win-core-profile-l1-1-0.dll
0x0000026a74a50000 - 0x0000026a74a53000 	C:\Users\sabah\OneDrive\Desktop\Intro To Human-Computer Interaction\Lab\javafx jars\javafx-sdk-21.0.1\bin\api-ms-win-core-rtlsupport-l1-1-0.dll
0x0000026a74a60000 - 0x0000026a74a63000 	C:\Users\sabah\OneDrive\Desktop\Intro To Human-Computer Interaction\Lab\javafx jars\javafx-sdk-21.0.1\bin\api-ms-win-core-string-l1-1-0.dll
0x0000026a74a70000 - 0x0000026a74a73000 	C:\Users\sabah\OneDrive\Desktop\Intro To Human-Computer Interaction\Lab\javafx jars\javafx-sdk-21.0.1\bin\api-ms-win-core-synch-l1-1-0.dll
0x0000026a74a80000 - 0x0000026a74a83000 	C:\Users\sabah\OneDrive\Desktop\Intro To Human-Computer Interaction\Lab\javafx jars\javafx-sdk-21.0.1\bin\api-ms-win-core-synch-l1-2-0.dll
0x0000026a74a90000 - 0x0000026a74a93000 	C:\Users\sabah\OneDrive\Desktop\Intro To Human-Computer Interaction\Lab\javafx jars\javafx-sdk-21.0.1\bin\api-ms-win-core-sysinfo-l1-1-0.dll
0x0000026a74aa0000 - 0x0000026a74aa3000 	C:\Users\sabah\OneDrive\Desktop\Intro To Human-Computer Interaction\Lab\javafx jars\javafx-sdk-21.0.1\bin\api-ms-win-core-timezone-l1-1-0.dll
0x0000026a74ab0000 - 0x0000026a74ab3000 	C:\Users\sabah\OneDrive\Desktop\Intro To Human-Computer Interaction\Lab\javafx jars\javafx-sdk-21.0.1\bin\api-ms-win-core-util-l1-1-0.dll
0x0000026a74ac0000 - 0x0000026a74ac3000 	C:\Users\sabah\OneDrive\Desktop\Intro To Human-Computer Interaction\Lab\javafx jars\javafx-sdk-21.0.1\bin\api-ms-win-crt-conio-l1-1-0.dll
0x0000026a74ad0000 - 0x0000026a74ad4000 	C:\Users\sabah\OneDrive\Desktop\Intro To Human-Computer Interaction\Lab\javafx jars\javafx-sdk-21.0.1\bin\api-ms-win-crt-convert-l1-1-0.dll
0x0000026a74ae0000 - 0x0000026a74ae3000 	C:\Users\sabah\OneDrive\Desktop\Intro To Human-Computer Interaction\Lab\javafx jars\javafx-sdk-21.0.1\bin\api-ms-win-crt-environment-l1-1-0.dll
0x0000026a74af0000 - 0x0000026a74af3000 	C:\Users\sabah\OneDrive\Desktop\Intro To Human-Computer Interaction\Lab\javafx jars\javafx-sdk-21.0.1\bin\api-ms-win-crt-filesystem-l1-1-0.dll
0x0000026a74b00000 - 0x0000026a74b03000 	C:\Users\sabah\OneDrive\Desktop\Intro To Human-Computer Interaction\Lab\javafx jars\javafx-sdk-21.0.1\bin\api-ms-win-crt-heap-l1-1-0.dll
0x0000026a74b10000 - 0x0000026a74b13000 	C:\Users\sabah\OneDrive\Desktop\Intro To Human-Computer Interaction\Lab\javafx jars\javafx-sdk-21.0.1\bin\api-ms-win-crt-locale-l1-1-0.dll
0x0000026a74b20000 - 0x0000026a74b25000 	C:\Users\sabah\OneDrive\Desktop\Intro To Human-Computer Interaction\Lab\javafx jars\javafx-sdk-21.0.1\bin\api-ms-win-crt-math-l1-1-0.dll
0x0000026a74b30000 - 0x0000026a74b35000 	C:\Users\sabah\OneDrive\Desktop\Intro To Human-Computer Interaction\Lab\javafx jars\javafx-sdk-21.0.1\bin\api-ms-win-crt-multibyte-l1-1-0.dll
0x0000026a74b40000 - 0x0000026a74b50000 	C:\Users\sabah\OneDrive\Desktop\Intro To Human-Computer Interaction\Lab\javafx jars\javafx-sdk-21.0.1\bin\api-ms-win-crt-private-l1-1-0.dll
0x0000026a74b50000 - 0x0000026a74b53000 	C:\Users\sabah\OneDrive\Desktop\Intro To Human-Computer Interaction\Lab\javafx jars\javafx-sdk-21.0.1\bin\api-ms-win-crt-process-l1-1-0.dll
0x0000026a74b60000 - 0x0000026a74b64000 	C:\Users\sabah\OneDrive\Desktop\Intro To Human-Computer Interaction\Lab\javafx jars\javafx-sdk-21.0.1\bin\api-ms-win-crt-runtime-l1-1-0.dll
0x0000026a74b70000 - 0x0000026a74b74000 	C:\Users\sabah\OneDrive\Desktop\Intro To Human-Computer Interaction\Lab\javafx jars\javafx-sdk-21.0.1\bin\api-ms-win-crt-stdio-l1-1-0.dll
0x0000026a74b80000 - 0x0000026a74b84000 	C:\Users\sabah\OneDrive\Desktop\Intro To Human-Computer Interaction\Lab\javafx jars\javafx-sdk-21.0.1\bin\api-ms-win-crt-string-l1-1-0.dll
0x0000026a74b90000 - 0x0000026a74b93000 	C:\Users\sabah\OneDrive\Desktop\Intro To Human-Computer Interaction\Lab\javafx jars\javafx-sdk-21.0.1\bin\api-ms-win-crt-time-l1-1-0.dll
0x0000026a74ba0000 - 0x0000026a74ba3000 	C:\Users\sabah\OneDrive\Desktop\Intro To Human-Computer Interaction\Lab\javafx jars\javafx-sdk-21.0.1\bin\api-ms-win-crt-utility-l1-1-0.dll
0x00007ffb11a80000 - 0x00007ffb11b7c000 	C:\Users\sabah\OneDrive\Desktop\Intro To Human-Computer Interaction\Lab\javafx jars\javafx-sdk-21.0.1\bin\ucrtbase.dll
0x00007ffb3d770000 - 0x00007ffb3d78b000 	C:\Users\sabah\OneDrive\Desktop\Intro To Human-Computer Interaction\Lab\javafx jars\javafx-sdk-21.0.1\bin\vcruntime140.dll
0x00007ffb48340000 - 0x00007ffb4834c000 	C:\Users\sabah\OneDrive\Desktop\Intro To Human-Computer Interaction\Lab\javafx jars\javafx-sdk-21.0.1\bin\vcruntime140_1.dll
0x00007ffb13440000 - 0x00007ffb134ce000 	C:\Users\sabah\OneDrive\Desktop\Intro To Human-Computer Interaction\Lab\javafx jars\javafx-sdk-21.0.1\bin\msvcp140.dll
0x00007ffb61180000 - 0x00007ffb61320000 	C:\WINDOWS\System32\ole32.dll
0x00007ffb47a00000 - 0x00007ffb47a09000 	C:\Users\sabah\OneDrive\Desktop\Intro To Human-Computer Interaction\Lab\javafx jars\javafx-sdk-21.0.1\bin\msvcp140_1.dll
0x00007ffb251b0000 - 0x00007ffb251df000 	C:\Users\sabah\OneDrive\Desktop\Intro To Human-Computer Interaction\Lab\javafx jars\javafx-sdk-21.0.1\bin\msvcp140_2.dll
0x00007ffb25180000 - 0x00007ffb251af000 	C:\Users\sabah\OneDrive\Desktop\Intro To Human-Computer Interaction\Lab\javafx jars\javafx-sdk-21.0.1\bin\prism_d3d.dll
0x00007ffb0f4e0000 - 0x00007ffb0f689000 	C:\WINDOWS\system32\d3d9.dll
0x00007ffb5db70000 - 0x00007ffb5db9b000 	C:\WINDOWS\SYSTEM32\dwmapi.dll
0x00007ffb5d930000 - 0x00007ffb5d966000 	C:\WINDOWS\SYSTEM32\dxcore.dll
0x00007ffb5d830000 - 0x00007ffb5d8db000 	C:\WINDOWS\system32\uxtheme.dll
0x00007ffb0f2a0000 - 0x00007ffb0f4d8000 	C:\WINDOWS\System32\DriverStore\FileRepository\iigd_dch.inf_amd64_7f680e39d88878f3\igdumdim64.dll
0x00007ffb0df30000 - 0x00007ffb0f2a0000 	C:\WINDOWS\System32\DriverStore\FileRepository\iigd_dch.inf_amd64_7f680e39d88878f3\igd9dxva64.dll
0x00007ffb61c60000 - 0x00007ffb620d4000 	C:\WINDOWS\System32\SETUPAPI.dll
0x00007ffb60380000 - 0x00007ffb603ce000 	C:\WINDOWS\SYSTEM32\cfgmgr32.dll
0x00007ffb09120000 - 0x00007ffb0ae41000 	C:\WINDOWS\System32\DriverStore\FileRepository\iigd_dch.inf_amd64_7f680e39d88878f3\media_bin_64.dll
0x00007ffb52f50000 - 0x00007ffb53388000 	C:\WINDOWS\System32\DriverStore\FileRepository\iigd_dch.inf_amd64_7f680e39d88878f3\igdgmm64.dll
0x00007ffb587b0000 - 0x00007ffb587fa000 	C:\WINDOWS\SYSTEM32\directxdatabasehelper.dll
0x00007ffb1f250000 - 0x00007ffb1f292000 	C:\Users\sabah\OneDrive\Desktop\Intro To Human-Computer Interaction\Lab\javafx jars\javafx-sdk-21.0.1\bin\glass.dll
0x00007ffb632f0000 - 0x00007ffb633e9000 	C:\WINDOWS\System32\COMDLG32.dll
0x00007ffb61740000 - 0x00007ffb61890000 	C:\WINDOWS\System32\MSCTF.dll
0x00007ffb27950000 - 0x00007ffb27977000 	C:\WINDOWS\System32\DriverStore\FileRepository\iigd_dch.inf_amd64_7f680e39d88878f3\igdinfo64.dll
0x00007ffb4ae60000 - 0x00007ffb4ed0d000 	C:\WINDOWS\System32\DriverStore\FileRepository\iigd_dch.inf_amd64_7f680e39d88878f3\igc64.dll
0x00007ffb5f290000 - 0x00007ffb5f389000 	C:\WINDOWS\SYSTEM32\DNSAPI.dll
0x00007ffb5f260000 - 0x00007ffb5f28d000 	C:\WINDOWS\SYSTEM32\IPHLPAPI.DLL
0x00007ffb621c0000 - 0x00007ffb621c9000 	C:\WINDOWS\System32\NSI.dll
0x00007ffb53480000 - 0x00007ffb5348a000 	C:\Windows\System32\rasadhlp.dll
0x00007ffb533d0000 - 0x00007ffb53453000 	C:\WINDOWS\System32\fwpuclnt.dll
0x00007ffb13340000 - 0x00007ffb1336d000 	C:\Users\sabah\OneDrive\Desktop\Intro To Human-Computer Interaction\Lab\javafx jars\javafx-sdk-21.0.1\bin\javafx_iio.dll
0x00007ffb2ca10000 - 0x00007ffb2ca24000 	C:\Users\sabah\OneDrive\Desktop\Intro To Human-Computer Interaction\Lab\javafx jars\javafx-sdk-21.0.1\bin\javafx_font.dll
0x00007ffb5c0c0000 - 0x00007ffb5c333000 	C:\WINDOWS\SYSTEM32\dwrite.dll
0x00007ffb620e0000 - 0x00007ffb62190000 	C:\WINDOWS\System32\clbcatq.dll
0x00007ffb5b8a0000 - 0x00007ffb5ba50000 	C:\WINDOWS\SYSTEM32\WindowsCodecs.dll
0x00007ffb2ed90000 - 0x00007ffb2edee000 	C:\WINDOWS\system32\dataexchange.dll
0x00007ffb56280000 - 0x00007ffb56505000 	C:\WINDOWS\system32\twinapi.appcore.dll
0x00007ffb11c60000 - 0x00007ffb11c92000 	C:\Program Files\Common Files\Microsoft Shared\Ink\rtscom.dll
0x00007ffb46920000 - 0x00007ffb46a6a000 	C:\WINDOWS\SYSTEM32\textinputframework.dll
0x00007ffb5d090000 - 0x00007ffb5d1c3000 	C:\WINDOWS\SYSTEM32\CoreMessaging.dll
0x00007ffb57f20000 - 0x00007ffb5828c000 	C:\WINDOWS\SYSTEM32\CoreUIComponents.dll
0x00007ffb5fe90000 - 0x00007ffb5fe9c000 	C:\WINDOWS\SYSTEM32\CRYPTBASE.DLL

dbghelp: loaded successfully - version: 4.0.5 - missing functions: none
symbol engine: initialized successfully - sym options: 0x614 - pdb path: .;C:\Users\sabah\.p2\pool\plugins\org.eclipse.justj.openjdk.hotspot.jre.full.win32.x86_64_17.0.8.v20230831-1047\jre\bin;C:\WINDOWS\SYSTEM32;C:\WINDOWS\WinSxS\amd64_microsoft.windows.common-controls_6595b64144ccf1df_6.0.22621.2506_none_270c5ae97388e100;C:\Users\sabah\.p2\pool\plugins\org.eclipse.justj.openjdk.hotspot.jre.full.win32.x86_64_17.0.8.v20230831-1047\jre\bin\server;C:\Users\sabah\OneDrive\Desktop\Intro To Human-Computer Interaction\Lab\javafx jars\javafx-sdk-21.0.1\bin;C:\WINDOWS\System32\DriverStore\FileRepository\iigd_dch.inf_amd64_7f680e39d88878f3;C:\Program Files\Common Files\Microsoft Shared\Ink

VM Arguments:
jvm_args: -Dfile.encoding=UTF-8 -Dstdout.encoding=UTF-8 -Dstderr.encoding=UTF-8 --module-path=C:\Users\sabah\OneDrive\Desktop\Games - HCI Project\Games\bin;C:\Users\sabah\.p2\pool\plugins\org.eclipse.fx.ide.css.jfx8_3.8.0.202204150904.jar;C:\Users\sabah\OneDrive\Desktop\Intro To Human-Computer Interaction\Lab\javafx jars\javafx-sdk-21.0.1\lib\javafx.base.jar;C:\Users\sabah\OneDrive\Desktop\Intro To Human-Computer Interaction\Lab\javafx jars\javafx-sdk-21.0.1\lib\javafx.controls.jar;C:\Users\sabah\OneDrive\Desktop\Intro To Human-Computer Interaction\Lab\javafx jars\javafx-sdk-21.0.1\lib\javafx.fxml.jar;C:\Users\sabah\OneDrive\Desktop\Intro To Human-Computer Interaction\Lab\javafx jars\javafx-sdk-21.0.1\lib\javafx.graphics.jar;C:\Users\sabah\OneDrive\Desktop\Intro To Human-Computer Interaction\Lab\javafx jars\javafx-sdk-21.0.1\lib\javafx.media.jar;C:\Users\sabah\OneDrive\Desktop\Intro To Human-Computer Interaction\Lab\javafx jars\javafx-sdk-21.0.1\lib\javafx.swing.jar;C:\Users\sabah\OneDrive\Desktop\Intro To Human-Computer Interaction\Lab\javafx jars\javafx-sdk-21.0.1\lib\javafx.web.jar;C:\Users\sabah\OneDrive\Desktop\Intro To Human-Computer Interaction\Lab\javafx jars\javafx-sdk-21.0.1\lib\javafx-swt.jar;C:\Users\sabah\OneDrive\Desktop\Intro To Human-Computer Interaction\Lab\mysql connector\mysql-connector-j-8.2.0.jar -XX:+ShowCodeDetailsInExceptionMessages -Djdk.module.main=Games 
java_command: Games/application.LogIn
java_class_path (initial): <not set>
Launcher Type: SUN_STANDARD

[Global flags]
     intx CICompilerCount                          = 3                                         {product} {ergonomic}
     uint ConcGCThreads                            = 1                                         {product} {ergonomic}
     uint G1ConcRefinementThreads                  = 4                                         {product} {ergonomic}
   size_t G1HeapRegionSize                         = 1048576                                   {product} {ergonomic}
    uintx GCDrainStackTargetSize                   = 64                                        {product} {ergonomic}
   size_t InitialHeapSize                          = 62914560                                  {product} {ergonomic}
   size_t MarkStackSize                            = 4194304                                   {product} {ergonomic}
   size_t MaxHeapSize                              = 1006632960                                {product} {ergonomic}
   size_t MaxNewSize                               = 603979776                                 {product} {ergonomic}
   size_t MinHeapDeltaBytes                        = 1048576                                   {product} {ergonomic}
   size_t MinHeapSize                              = 8388608                                   {product} {ergonomic}
    uintx NonNMethodCodeHeapSize                   = 5832780                                {pd product} {ergonomic}
    uintx NonProfiledCodeHeapSize                  = 122912730                              {pd product} {ergonomic}
    uintx ProfiledCodeHeapSize                     = 122912730                              {pd product} {ergonomic}
    uintx ReservedCodeCacheSize                    = 251658240                              {pd product} {ergonomic}
     bool SegmentedCodeCache                       = true                                      {product} {ergonomic}
     bool ShowCodeDetailsInExceptionMessages       = true                                   {manageable} {command line}
   size_t SoftMaxHeapSize                          = 1006632960                             {manageable} {ergonomic}
     bool UseCompressedClassPointers               = true                           {product lp64_product} {ergonomic}
     bool UseCompressedOops                        = true                           {product lp64_product} {ergonomic}
     bool UseG1GC                                  = true                                      {product} {ergonomic}
     bool UseLargePagesIndividualAllocation        = false                                  {pd product} {ergonomic}

Logging:
Log output configuration:
 #0: stdout all=warning uptime,level,tags
 #1: stderr all=off uptime,level,tags

Environment Variables:
PATH=C:/Users/sabah/.p2/pool/plugins/org.eclipse.justj.openjdk.hotspot.jre.full.win32.x86_64_17.0.8.v20230831-1047/jre/bin/server;C:/Users/sabah/.p2/pool/plugins/org.eclipse.justj.openjdk.hotspot.jre.full.win32.x86_64_17.0.8.v20230831-1047/jre/bin;C:\Program Files\Common Files\Oracle\Java\javapath;C:\Program Files (x86)\Common Files\Oracle\Java\javapath;C:\WINDOWS\system32;C:\WINDOWS;C:\WINDOWS\System32\Wbem;C:\WINDOWS\System32\WindowsPowerShell\v1.0\;C:\WINDOWS\System32\OpenSSH\;C:\Program Files\Microsoft SQL Server\150\Tools\Binn\;C:\Program Files\Microsoft SQL Server\Client SDK\ODBC\170\Tools\Binn\;C:\Program Files\dotnet\;C:\Program Files (x86)\Windows Kits\10\Windows Performance Toolkit\;C:\Program Files\Java\jdk-21\bin;C:\Users\sabah\AppData\Local\Microsoft\WindowsApps;C:\Users\sabah\.dotnet\tools;C:\Users\sabah\OneDrive\Desktop;
USERNAME=sabah
OS=Windows_NT
PROCESSOR_IDENTIFIER=Intel64 Family 6 Model 140 Stepping 1, GenuineIntel
TMP=C:\Users\sabah\AppData\Local\Temp
TEMP=C:\Users\sabah\AppData\Local\Temp



---------------  S Y S T E M  ---------------

OS:
 Windows 11 , 64 bit Build 22621 (10.0.22621.2506)
OS uptime: 5 days 9:04 hours

CPU: total 4 (initial active 4) (2 cores per cpu, 2 threads per core) family 6 model 140 stepping 1 microcode 0xac, cx8, cmov, fxsr, ht, mmx, 3dnowpref, sse, sse2, sse3, ssse3, sse4.1, sse4.2, popcnt, lzcnt, tsc, tscinvbit, avx, avx2, aes, erms, clmul, bmi1, bmi2, adx, avx512f, avx512dq, avx512cd, avx512bw, avx512vl, sha, fma, vzeroupper, avx512_vpopcntdq, avx512_vpclmulqdq, avx512_vaes, avx512_vnni, clflush, clflushopt, clwb, avx512_vbmi2, avx512_vbmi
Processor Information for all 4 processors :
  Max Mhz: 2995, Current Mhz: 2995, Mhz Limit: 2995

Memory: 4k page, system-wide physical 3836M (58M free)
TotalPageFile size 15612M (AvailPageFile size 13M)
current process WorkingSet (physical memory assigned to process): 237M, peak: 262M
current process commit charge ("private bytes"): 670M, peak: 695M

vm_info: OpenJDK 64-Bit Server VM (17.0.8.1+1) for windows-amd64 JRE (17.0.8.1+1), built on Aug 23 2023 15:29:17 by "admin" with MS VC++ 16.7 (VS2019)

END.
